[0.422s] DEBUG:colcon:Command line arguments: ['/usr/bin/colcon', 'build']
[0.422s] DEBUG:colcon:Parsed command line arguments: Namespace(log_base=None, log_level=None, verb_name='build', build_base='build', install_base='install', merge_install=False, symlink_install=False, test_result_base=None, continue_on_error=False, executor='parallel', parallel_workers=8, event_handlers=None, ignore_user_meta=False, metas=['./colcon.meta'], base_paths=['.'], packages_ignore=None, packages_ignore_regex=None, paths=None, packages_up_to=None, packages_up_to_regex=None, packages_above=None, packages_above_and_dependencies=None, packages_above_depth=None, packages_select_by_dep=None, packages_skip_by_dep=None, packages_skip_up_to=None, packages_select_build_failed=False, packages_skip_build_finished=False, packages_select_test_failures=False, packages_skip_test_passed=False, packages_select=None, packages_skip=None, packages_select_regex=None, packages_skip_regex=None, packages_start=None, packages_end=None, lookup_in_workspace=False, cargo_args=None, clean_build=False, cmake_args=None, cmake_target=None, cmake_target_skip_unavailable=False, cmake_clean_cache=False, cmake_clean_first=False, cmake_force_configure=False, ament_cmake_args=None, catkin_cmake_args=None, catkin_skip_building_tests=False, mixin_files=None, mixin=None, verb_parser=<colcon_mixin.mixin.mixin_argument.MixinArgumentDecorator object at 0x7fc9b24be050>, verb_extension=<colcon_core.verb.build.BuildVerb object at 0x7fc9b24bd4e0>, main=<bound method BuildVerb.main of <colcon_core.verb.build.BuildVerb object at 0x7fc9b24bd4e0>>, mixin_verb=('build',))
[1.129s] Level 1:colcon.colcon_core.package_discovery:discover_packages(colcon_meta) check parameters
[1.130s] Level 1:colcon.colcon_core.package_discovery:discover_packages(recursive) check parameters
[1.130s] Level 1:colcon.colcon_core.package_discovery:discover_packages(ignore) check parameters
[1.130s] Level 1:colcon.colcon_core.package_discovery:discover_packages(path) check parameters
[1.130s] Level 1:colcon.colcon_core.package_discovery:discover_packages(colcon_meta) discover
[1.130s] Level 1:colcon.colcon_core.package_discovery:discover_packages(recursive) discover
[1.130s] INFO:colcon.colcon_core.package_discovery:Crawling recursively for packages in '/home/user/ros2_ws'
[1.130s] Level 1:colcon.colcon_core.package_identification:_identify(.) by extensions ['ignore', 'ignore_ament_install']
[1.130s] Level 1:colcon.colcon_core.package_identification:_identify(.) by extension 'ignore'
[1.130s] Level 1:colcon.colcon_core.package_identification:_identify(.) by extension 'ignore_ament_install'
[1.130s] Level 1:colcon.colcon_core.package_identification:_identify(.) by extensions ['colcon_pkg']
[1.130s] Level 1:colcon.colcon_core.package_identification:_identify(.) by extension 'colcon_pkg'
[1.130s] Level 1:colcon.colcon_core.package_identification:_identify(.) by extensions ['colcon_meta']
[1.130s] Level 1:colcon.colcon_core.package_identification:_identify(.) by extension 'colcon_meta'
[1.130s] Level 1:colcon.colcon_core.package_identification:_identify(.) by extensions ['ament_cargo']
[1.130s] Level 1:colcon.colcon_core.package_identification:_identify(.) by extension 'ament_cargo'
[1.130s] Level 1:colcon.colcon_core.package_identification:_identify(.) by extensions ['ros']
[1.131s] Level 1:colcon.colcon_core.package_identification:_identify(.) by extension 'ros'
[1.206s] Level 1:colcon.colcon_core.package_identification:_identify(.) by extensions ['cargo', 'cmake', 'python']
[1.206s] Level 1:colcon.colcon_core.package_identification:_identify(.) by extension 'cargo'
[1.206s] Level 1:colcon.colcon_core.package_identification:_identify(.) by extension 'cmake'
[1.206s] Level 1:colcon.colcon_core.package_identification:_identify(.) by extension 'python'
[1.206s] Level 1:colcon.colcon_core.package_identification:_identify(.) by extensions ['python_setup_py']
[1.206s] Level 1:colcon.colcon_core.package_identification:_identify(.) by extension 'python_setup_py'
[1.206s] Level 1:colcon.colcon_core.package_identification:_identify(build) by extensions ['ignore', 'ignore_ament_install']
[1.207s] Level 1:colcon.colcon_core.package_identification:_identify(build) by extension 'ignore'
[1.207s] Level 1:colcon.colcon_core.package_identification:_identify(build) ignored
[1.207s] Level 1:colcon.colcon_core.package_identification:_identify(install) by extensions ['ignore', 'ignore_ament_install']
[1.207s] Level 1:colcon.colcon_core.package_identification:_identify(install) by extension 'ignore'
[1.207s] Level 1:colcon.colcon_core.package_identification:_identify(install) ignored
[1.207s] Level 1:colcon.colcon_core.package_identification:_identify(log) by extensions ['ignore', 'ignore_ament_install']
[1.207s] Level 1:colcon.colcon_core.package_identification:_identify(log) by extension 'ignore'
[1.207s] Level 1:colcon.colcon_core.package_identification:_identify(log) ignored
[1.207s] Level 1:colcon.colcon_core.package_identification:_identify(src) by extensions ['ignore', 'ignore_ament_install']
[1.208s] Level 1:colcon.colcon_core.package_identification:_identify(src) by extension 'ignore'
[1.208s] Level 1:colcon.colcon_core.package_identification:_identify(src) by extension 'ignore_ament_install'
[1.208s] Level 1:colcon.colcon_core.package_identification:_identify(src) by extensions ['colcon_pkg']
[1.208s] Level 1:colcon.colcon_core.package_identification:_identify(src) by extension 'colcon_pkg'
[1.208s] Level 1:colcon.colcon_core.package_identification:_identify(src) by extensions ['colcon_meta']
[1.208s] Level 1:colcon.colcon_core.package_identification:_identify(src) by extension 'colcon_meta'
[1.208s] Level 1:colcon.colcon_core.package_identification:_identify(src) by extensions ['ament_cargo']
[1.208s] Level 1:colcon.colcon_core.package_identification:_identify(src) by extension 'ament_cargo'
[1.208s] Level 1:colcon.colcon_core.package_identification:_identify(src) by extensions ['ros']
[1.208s] Level 1:colcon.colcon_core.package_identification:_identify(src) by extension 'ros'
[1.208s] Level 1:colcon.colcon_core.package_identification:_identify(src) by extensions ['cargo', 'cmake', 'python']
[1.208s] Level 1:colcon.colcon_core.package_identification:_identify(src) by extension 'cargo'
[1.209s] Level 1:colcon.colcon_core.package_identification:_identify(src) by extension 'cmake'
[1.209s] Level 1:colcon.colcon_core.package_identification:_identify(src) by extension 'python'
[1.209s] Level 1:colcon.colcon_core.package_identification:_identify(src) by extensions ['python_setup_py']
[1.209s] Level 1:colcon.colcon_core.package_identification:_identify(src) by extension 'python_setup_py'
[1.209s] Level 1:colcon.colcon_core.package_identification:_identify(src/patrol_behavior_pkg) by extensions ['ignore', 'ignore_ament_install']
[1.209s] Level 1:colcon.colcon_core.package_identification:_identify(src/patrol_behavior_pkg) by extension 'ignore'
[1.209s] Level 1:colcon.colcon_core.package_identification:_identify(src/patrol_behavior_pkg) by extension 'ignore_ament_install'
[1.209s] Level 1:colcon.colcon_core.package_identification:_identify(src/patrol_behavior_pkg) by extensions ['colcon_pkg']
[1.209s] Level 1:colcon.colcon_core.package_identification:_identify(src/patrol_behavior_pkg) by extension 'colcon_pkg'
[1.209s] Level 1:colcon.colcon_core.package_identification:_identify(src/patrol_behavior_pkg) by extensions ['colcon_meta']
[1.209s] Level 1:colcon.colcon_core.package_identification:_identify(src/patrol_behavior_pkg) by extension 'colcon_meta'
[1.209s] Level 1:colcon.colcon_core.package_identification:_identify(src/patrol_behavior_pkg) by extensions ['ament_cargo']
[1.210s] Level 1:colcon.colcon_core.package_identification:_identify(src/patrol_behavior_pkg) by extension 'ament_cargo'
[1.210s] Level 1:colcon.colcon_core.package_identification:_identify(src/patrol_behavior_pkg) by extensions ['ros']
[1.210s] Level 1:colcon.colcon_core.package_identification:_identify(src/patrol_behavior_pkg) by extension 'ros'
[1.215s] DEBUG:colcon.colcon_core.package_identification:Package 'src/patrol_behavior_pkg' with type 'ros.ament_python' and name 'patrol_behavior'
[1.215s] Level 1:colcon.colcon_core.package_discovery:discover_packages(recursive) using defaults
[1.216s] Level 1:colcon.colcon_core.package_discovery:discover_packages(ignore) discover
[1.216s] Level 1:colcon.colcon_core.package_discovery:discover_packages(ignore) using defaults
[1.216s] Level 1:colcon.colcon_core.package_discovery:discover_packages(path) discover
[1.216s] Level 1:colcon.colcon_core.package_discovery:discover_packages(path) using defaults
[1.316s] Level 5:colcon.colcon_core.verb:set package 'patrol_behavior' build argument 'lookup_in_workspace' from command line to 'False'
[1.316s] Level 5:colcon.colcon_core.verb:set package 'patrol_behavior' build argument 'cargo_args' from command line to 'None'
[1.316s] Level 5:colcon.colcon_core.verb:set package 'patrol_behavior' build argument 'clean_build' from command line to 'False'
[1.316s] Level 5:colcon.colcon_core.verb:set package 'patrol_behavior' build argument 'cmake_args' from command line to 'None'
[1.316s] Level 5:colcon.colcon_core.verb:set package 'patrol_behavior' build argument 'cmake_target' from command line to 'None'
[1.316s] Level 5:colcon.colcon_core.verb:set package 'patrol_behavior' build argument 'cmake_target_skip_unavailable' from command line to 'False'
[1.316s] Level 5:colcon.colcon_core.verb:set package 'patrol_behavior' build argument 'cmake_clean_cache' from command line to 'False'
[1.316s] Level 5:colcon.colcon_core.verb:set package 'patrol_behavior' build argument 'cmake_clean_first' from command line to 'False'
[1.316s] Level 5:colcon.colcon_core.verb:set package 'patrol_behavior' build argument 'cmake_force_configure' from command line to 'False'
[1.316s] Level 5:colcon.colcon_core.verb:set package 'patrol_behavior' build argument 'ament_cmake_args' from command line to 'None'
[1.316s] Level 5:colcon.colcon_core.verb:set package 'patrol_behavior' build argument 'catkin_cmake_args' from command line to 'None'
[1.316s] Level 5:colcon.colcon_core.verb:set package 'patrol_behavior' build argument 'catkin_skip_building_tests' from command line to 'False'
[1.316s] DEBUG:colcon.colcon_core.verb:Building package 'patrol_behavior' with the following arguments: {'ament_cmake_args': None, 'build_base': '/home/user/ros2_ws/build/patrol_behavior', 'cargo_args': None, 'catkin_cmake_args': None, 'catkin_skip_building_tests': False, 'clean_build': False, 'cmake_args': None, 'cmake_clean_cache': False, 'cmake_clean_first': False, 'cmake_force_configure': False, 'cmake_target': None, 'cmake_target_skip_unavailable': False, 'install_base': '/home/user/ros2_ws/install/patrol_behavior', 'lookup_in_workspace': False, 'merge_install': False, 'path': '/home/user/ros2_ws/src/patrol_behavior_pkg', 'symlink_install': False, 'test_result_base': None}
[1.317s] INFO:colcon.colcon_core.executor:Executing jobs using 'parallel' executor
[1.318s] DEBUG:colcon.colcon_parallel_executor.executor.parallel:run_until_complete
[1.318s] INFO:colcon.colcon_ros.task.ament_python.build:Building ROS package in '/home/user/ros2_ws/src/patrol_behavior_pkg' with build type 'ament_python'
[1.318s] Level 1:colcon.colcon_core.shell:create_environment_hook('patrol_behavior', 'ament_prefix_path')
[1.322s] INFO:colcon.colcon_core.plugin_system:Skipping extension 'colcon_core.shell.bat': Not used on non-Windows systems
[1.322s] INFO:colcon.colcon_core.shell:Creating environment hook '/home/user/ros2_ws/install/patrol_behavior/share/patrol_behavior/hook/ament_prefix_path.ps1'
[1.323s] INFO:colcon.colcon_core.shell:Creating environment descriptor '/home/user/ros2_ws/install/patrol_behavior/share/patrol_behavior/hook/ament_prefix_path.dsv'
[1.324s] INFO:colcon.colcon_core.shell:Creating environment hook '/home/user/ros2_ws/install/patrol_behavior/share/patrol_behavior/hook/ament_prefix_path.sh'
[1.325s] INFO:colcon.colcon_core.shell:Skip shell extension 'powershell' for command environment: Not usable outside of PowerShell
[1.325s] DEBUG:colcon.colcon_core.shell:Skip shell extension 'dsv' for command environment
[2.518s] WARNING:colcon.colcon_ros.task.ament_python.build:Package 'patrol_behavior' doesn't explicitly install a marker in the package index (colcon-ros currently does it implicitly but that fallback will be removed in the future)
[2.518s] WARNING:colcon.colcon_ros.task.ament_python.build:Package 'patrol_behavior' doesn't explicitly install the 'package.xml' file (colcon-ros currently does it implicitly but that fallback will be removed in the future)
[2.519s] INFO:colcon.colcon_core.task.python.build:Building Python package in '/home/user/ros2_ws/src/patrol_behavior_pkg'
[2.519s] INFO:colcon.colcon_core.shell:Skip shell extension 'powershell' for command environment: Not usable outside of PowerShell
[2.519s] DEBUG:colcon.colcon_core.shell:Skip shell extension 'dsv' for command environment
[4.001s] DEBUG:colcon.colcon_core.event_handler.log_command:Invoking command in '/home/user/ros2_ws/src/patrol_behavior_pkg': PYTHONPATH=/home/user/ros2_ws/build/patrol_behavior/prefix_override:/home/user/ros2_ws/install/patrol_behavior/lib/python3.10/site-packages:${PYTHONPATH} _=/usr/bin/env /usr/bin/python3 -W ignore:setup.py install is deprecated setup.py egg_info --egg-base ../../build/patrol_behavior build --build-base /home/user/ros2_ws/build/patrol_behavior/build install --record /home/user/ros2_ws/build/patrol_behavior/install.log --single-version-externally-managed install_data
[5.128s] DEBUG:colcon.colcon_core.event_handler.log_command:Invoked command in '/home/user/ros2_ws/src/patrol_behavior_pkg' returned '1': PYTHONPATH=/home/user/ros2_ws/build/patrol_behavior/prefix_override:/home/user/ros2_ws/install/patrol_behavior/lib/python3.10/site-packages:${PYTHONPATH} _=/usr/bin/env /usr/bin/python3 -W ignore:setup.py install is deprecated setup.py egg_info --egg-base ../../build/patrol_behavior build --build-base /home/user/ros2_ws/build/patrol_behavior/build install --record /home/user/ros2_ws/build/patrol_behavior/install.log --single-version-externally-managed install_data
[5.138s] DEBUG:colcon.colcon_parallel_executor.executor.parallel:closing loop
[5.138s] DEBUG:colcon.colcon_parallel_executor.executor.parallel:loop closed
[5.138s] DEBUG:colcon.colcon_parallel_executor.executor.parallel:run_until_complete finished with '1'
[5.138s] DEBUG:colcon.colcon_core.event_reactor:joining thread
[5.146s] INFO:colcon.colcon_core.plugin_system:Skipping extension 'colcon_notification.desktop_notification.notify_send': Could not find 'notify-send'
[5.146s] INFO:colcon.colcon_core.plugin_system:Skipping extension 'colcon_notification.desktop_notification.terminal_notifier': Not used on non-Darwin systems
[5.146s] INFO:colcon.colcon_core.plugin_system:Skipping extension 'colcon_notification.desktop_notification.win32': Not used on non-Windows systems
[5.146s] INFO:colcon.colcon_notification.desktop_notification:Sending desktop notification using 'notify2'
[5.222s] DEBUG:colcon.colcon_notification.desktop_notification.notify2:Failed to initialize notify2: org.freedesktop.DBus.Error.Spawn.ExecFailed: /usr/bin/dbus-launch terminated abnormally without any error message
[5.223s] DEBUG:colcon.colcon_core.event_reactor:joined thread
[5.223s] INFO:colcon.colcon_core.shell:Creating prefix script '/home/user/ros2_ws/install/local_setup.ps1'
[5.226s] INFO:colcon.colcon_core.shell:Creating prefix util module '/home/user/ros2_ws/install/_local_setup_util_ps1.py'
[5.228s] INFO:colcon.colcon_core.shell:Creating prefix chain script '/home/user/ros2_ws/install/setup.ps1'
[5.232s] INFO:colcon.colcon_core.shell:Creating prefix script '/home/user/ros2_ws/install/local_setup.sh'
[5.233s] INFO:colcon.colcon_core.shell:Creating prefix util module '/home/user/ros2_ws/install/_local_setup_util_sh.py'
[5.234s] INFO:colcon.colcon_core.shell:Creating prefix chain script '/home/user/ros2_ws/install/setup.sh'
[5.237s] INFO:colcon.colcon_core.shell:Creating prefix script '/home/user/ros2_ws/install/local_setup.bash'
[5.237s] INFO:colcon.colcon_core.shell:Creating prefix chain script '/home/user/ros2_ws/install/setup.bash'
[5.301s] INFO:colcon.colcon_core.shell:Creating prefix script '/home/user/ros2_ws/install/local_setup.zsh'
[5.302s] INFO:colcon.colcon_core.shell:Creating prefix chain script '/home/user/ros2_ws/install/setup.zsh'
