running egg_info
creating ../../build/patrol_behavior/patrol_behavior.egg-info
writing ../../build/patrol_behavior/patrol_behavior.egg-info/PKG-INFO
writing dependency_links to ../../build/patrol_behavior/patrol_behavior.egg-info/dependency_links.txt
writing entry points to ../../build/patrol_behavior/patrol_behavior.egg-info/entry_points.txt
writing requirements to ../../build/patrol_behavior/patrol_behavior.egg-info/requires.txt
writing top-level names to ../../build/patrol_behavior/patrol_behavior.egg-info/top_level.txt
writing manifest file '../../build/patrol_behavior/patrol_behavior.egg-info/SOURCES.txt'
reading manifest file '../../build/patrol_behavior/patrol_behavior.egg-info/SOURCES.txt'
writing manifest file '../../build/patrol_behavior/patrol_behavior.egg-info/SOURCES.txt'
running build
running build_py
copying patrol_behavior/__init__.py -> /home/user/ros2_ws/build/patrol_behavior/build/lib/patrol_behavior
copying patrol_behavior/patrol.py -> /home/user/ros2_ws/build/patrol_behavior/build/lib/patrol_behavior
running install
running install_lib
copying /home/user/ros2_ws/build/patrol_behavior/build/lib/patrol_behavior/__init__.py -> /home/user/ros2_ws/install/patrol_behavior/lib/python3.10/site-packages/patrol_behavior
copying /home/user/ros2_ws/build/patrol_behavior/build/lib/patrol_behavior/patrol.py -> /home/user/ros2_ws/install/patrol_behavior/lib/python3.10/site-packages/patrol_behavior
byte-compiling /home/user/ros2_ws/install/patrol_behavior/lib/python3.10/site-packages/patrol_behavior/__init__.py to __init__.cpython-310.pyc
byte-compiling /home/user/ros2_ws/install/patrol_behavior/lib/python3.10/site-packages/patrol_behavior/patrol.py to patrol.cpython-310.pyc
running install_data
copying resource/patrol_behavior -> /home/user/ros2_ws/install/patrol_behavior/share/ament_index/resource_index/packages
copying package.xml -> /home/user/ros2_ws/install/patrol_behavior/share/patrol_behavior
copying launch/start_patrolling.launch.py -> /home/user/ros2_ws/install/patrol_behavior/share/patrol_behavior
running install_egg_info
Copying ../../build/patrol_behavior/patrol_behavior.egg-info to /home/user/ros2_ws/install/patrol_behavior/lib/python3.10/site-packages/patrol_behavior-0.0.0-py3.10.egg-info
running install_scripts
Installing patrol_node script to /home/user/ros2_ws/install/patrol_behavior/lib/patrol_behavior
writing list of installed files to '/home/user/ros2_ws/build/patrol_behavior/install.log'
