running egg_info
writing ../../build/patrol_behavior/patrol_behavior.egg-info/PKG-INFO
writing dependency_links to ../../build/patrol_behavior/patrol_behavior.egg-info/dependency_links.txt
writing entry points to ../../build/patrol_behavior/patrol_behavior.egg-info/entry_points.txt
writing requirements to ../../build/patrol_behavior/patrol_behavior.egg-info/requires.txt
writing top-level names to ../../build/patrol_behavior/patrol_behavior.egg-info/top_level.txt
reading manifest file '../../build/patrol_behavior/patrol_behavior.egg-info/SOURCES.txt'
writing manifest file '../../build/patrol_behavior/patrol_behavior.egg-info/SOURCES.txt'
running build
running build_py
copying patrol_behavior/patrol.py -> /home/user/ros2_ws/build/patrol_behavior/build/lib/patrol_behavior
running install
running install_lib
copying /home/user/ros2_ws/build/patrol_behavior/build/lib/patrol_behavior/patrol.py -> /home/user/ros2_ws/install/patrol_behavior/lib/python3.10/site-packages/patrol_behavior
byte-compiling /home/user/ros2_ws/install/patrol_behavior/lib/python3.10/site-packages/patrol_behavior/patrol.py to patrol.cpython-310.pyc
running install_data
running install_egg_info
removing '/home/user/ros2_ws/install/patrol_behavior/lib/python3.10/site-packages/patrol_behavior-0.0.0-py3.10.egg-info' (and everything under it)
Copying ../../build/patrol_behavior/patrol_behavior.egg-info to /home/user/ros2_ws/install/patrol_behavior/lib/python3.10/site-packages/patrol_behavior-0.0.0-py3.10.egg-info
running install_scripts
Installing patrol_node script to /home/user/ros2_ws/install/patrol_behavior/lib/patrol_behavior
writing list of installed files to '/home/user/ros2_ws/build/patrol_behavior/install.log'
