[3.423s] Invoking command in '/home/user/ros2_ws/src/patrol_behavior': PYTHONPATH=/home/user/ros2_ws/build/patrol_behavior/prefix_override:/home/user/ros2_ws/install/patrol_behavior/lib/python3.10/site-packages:${PYTHONPATH} _=/usr/bin/env /usr/bin/python3 -W ignore:setup.py install is deprecated setup.py egg_info --egg-base ../../build/patrol_behavior build --build-base /home/user/ros2_ws/build/patrol_behavior/build install --record /home/user/ros2_ws/build/patrol_behavior/install.log --single-version-externally-managed install_data
[4.722s] running egg_info
[4.723s] writing ../../build/patrol_behavior/patrol_behavior.egg-info/PKG-INFO
[4.723s] writing dependency_links to ../../build/patrol_behavior/patrol_behavior.egg-info/dependency_links.txt
[4.724s] writing entry points to ../../build/patrol_behavior/patrol_behavior.egg-info/entry_points.txt
[4.724s] writing requirements to ../../build/patrol_behavior/patrol_behavior.egg-info/requires.txt
[4.724s] writing top-level names to ../../build/patrol_behavior/patrol_behavior.egg-info/top_level.txt
[4.726s] reading manifest file '../../build/patrol_behavior/patrol_behavior.egg-info/SOURCES.txt'
[4.727s] writing manifest file '../../build/patrol_behavior/patrol_behavior.egg-info/SOURCES.txt'
[4.727s] running build
[4.728s] running build_py
[4.728s] copying patrol_behavior/patrol.py -> /home/user/ros2_ws/build/patrol_behavior/build/lib/patrol_behavior
[4.728s] running install
[4.728s] running install_lib
[4.729s] copying /home/user/ros2_ws/build/patrol_behavior/build/lib/patrol_behavior/patrol.py -> /home/user/ros2_ws/install/patrol_behavior/lib/python3.10/site-packages/patrol_behavior
[4.730s] byte-compiling /home/user/ros2_ws/install/patrol_behavior/lib/python3.10/site-packages/patrol_behavior/patrol.py to patrol.cpython-310.pyc
[4.731s] running install_data
[4.732s] running install_egg_info
[4.736s] removing '/home/user/ros2_ws/install/patrol_behavior/lib/python3.10/site-packages/patrol_behavior-0.0.0-py3.10.egg-info' (and everything under it)
[4.736s] Copying ../../build/patrol_behavior/patrol_behavior.egg-info to /home/user/ros2_ws/install/patrol_behavior/lib/python3.10/site-packages/patrol_behavior-0.0.0-py3.10.egg-info
[4.737s] running install_scripts
[4.917s] Installing patrol_node script to /home/user/ros2_ws/install/patrol_behavior/lib/patrol_behavior
[4.919s] writing list of installed files to '/home/user/ros2_ws/build/patrol_behavior/install.log'
[5.023s] Invoked command in '/home/user/ros2_ws/src/patrol_behavior' returned '0': PYTHONPATH=/home/user/ros2_ws/build/patrol_behavior/prefix_override:/home/user/ros2_ws/install/patrol_behavior/lib/python3.10/site-packages:${PYTHONPATH} _=/usr/bin/env /usr/bin/python3 -W ignore:setup.py install is deprecated setup.py egg_info --egg-base ../../build/patrol_behavior build --build-base /home/user/ros2_ws/build/patrol_behavior/build install --record /home/user/ros2_ws/build/patrol_behavior/install.log --single-version-externally-managed install_data
