[3.771s] Invoking command in '/home/user/simulation_ws/src/turtlebot3/turtlebot3_teleop': PYTHONPATH=/home/user/simulation_ws/build/turtlebot3_teleop/prefix_override:/home/user/simulation_ws/install/turtlebot3_teleop/lib/python3.10/site-packages:${PYTHONPATH} _=/usr/bin/env /usr/bin/python3 setup.py egg_info --egg-base ../../../build/turtlebot3_teleop build --build-base /home/user/simulation_ws/build/turtlebot3_teleop/build install --record /home/user/simulation_ws/build/turtlebot3_teleop/install.log --single-version-externally-managed
[4.268s] running egg_info
[4.268s] writing ../../../build/turtlebot3_teleop/turtlebot3_teleop.egg-info/PKG-INFO
[4.274s] writing dependency_links to ../../../build/turtlebot3_teleop/turtlebot3_teleop.egg-info/dependency_links.txt
[4.274s] writing entry points to ../../../build/turtlebot3_teleop/turtlebot3_teleop.egg-info/entry_points.txt
[4.275s] writing requirements to ../../../build/turtlebot3_teleop/turtlebot3_teleop.egg-info/requires.txt
[4.275s] writing top-level names to ../../../build/turtlebot3_teleop/turtlebot3_teleop.egg-info/top_level.txt
[4.275s] reading manifest file '../../../build/turtlebot3_teleop/turtlebot3_teleop.egg-info/SOURCES.txt'
[4.275s] writing manifest file '../../../build/turtlebot3_teleop/turtlebot3_teleop.egg-info/SOURCES.txt'
[4.275s] running build
[4.275s] running build_py
[4.279s] running install
[4.281s] /usr/lib/python3/dist-packages/setuptools/command/install.py:34: SetuptoolsDeprecationWarning: setup.py install is deprecated. Use build and pip and other standards-based tools.
[4.281s]   warnings.warn(
[4.281s] running install_lib
[4.282s] running install_data
[4.284s] running install_egg_info
[4.290s] removing '/home/user/simulation_ws/install/turtlebot3_teleop/lib/python3.10/site-packages/turtlebot3_teleop-2.1.4-py3.10.egg-info' (and everything under it)
[4.291s] Copying ../../../build/turtlebot3_teleop/turtlebot3_teleop.egg-info to /home/user/simulation_ws/install/turtlebot3_teleop/lib/python3.10/site-packages/turtlebot3_teleop-2.1.4-py3.10.egg-info
[4.292s] running install_scripts
[4.332s] Installing teleop_keyboard script to /home/user/simulation_ws/install/turtlebot3_teleop/lib/turtlebot3_teleop
[4.333s] writing list of installed files to '/home/user/simulation_ws/build/turtlebot3_teleop/install.log'
[4.371s] Invoked command in '/home/user/simulation_ws/src/turtlebot3/turtlebot3_teleop' returned '0': PYTHONPATH=/home/user/simulation_ws/build/turtlebot3_teleop/prefix_override:/home/user/simulation_ws/install/turtlebot3_teleop/lib/python3.10/site-packages:${PYTHONPATH} _=/usr/bin/env /usr/bin/python3 setup.py egg_info --egg-base ../../../build/turtlebot3_teleop build --build-base /home/user/simulation_ws/build/turtlebot3_teleop/build install --record /home/user/simulation_ws/build/turtlebot3_teleop/install.log --single-version-externally-managed
