[0.088s] Invoking command in '/home/user/simulation_ws/build/turtlebot3_gazebo': CMAKE_PREFIX_PATH=${CMAKE_PREFIX_PATH}:/home/user/simulation_ws/install/turtlebot3_teleop:/home/user/simulation_ws/install/turtlebot3_example:/home/simulations/ros2_sims_ws/install/rclrs_tests:/home/simulations/ros2_sims_ws/install/examples_rclrs_minimal_client_service:/home/simulations/ros2_sims_ws/install/sensor_msgs_py:/home/simulations/ros2_sims_ws/install/examples_rclrs_minimal_pub_sub:/home/simulations/ros2_sims_ws/install/examples_rclrs_message_demo:/home/simulations/ros2_sims_ws/install/rclrs:/home/simulations/ros2_sims_ws/install/rosidl_runtime_rs:/opt/ros/humble _=/usr/bin/env /usr/bin/cmake --build /home/user/simulation_ws/build/turtlebot3_gazebo -- -j8 -l8
[0.672s] [ 25%] Built target turtlebot3_drive
[0.765s] [ 50%] Built target obstacles
[0.788s] [ 75%] Built target obstacle2
[0.874s] [100%] Built target obstacle1
[1.567s] Invoked command in '/home/user/simulation_ws/build/turtlebot3_gazebo' returned '0': CMAKE_PREFIX_PATH=${CMAKE_PREFIX_PATH}:/home/user/simulation_ws/install/turtlebot3_teleop:/home/user/simulation_ws/install/turtlebot3_example:/home/simulations/ros2_sims_ws/install/rclrs_tests:/home/simulations/ros2_sims_ws/install/examples_rclrs_minimal_client_service:/home/simulations/ros2_sims_ws/install/sensor_msgs_py:/home/simulations/ros2_sims_ws/install/examples_rclrs_minimal_pub_sub:/home/simulations/ros2_sims_ws/install/examples_rclrs_message_demo:/home/simulations/ros2_sims_ws/install/rclrs:/home/simulations/ros2_sims_ws/install/rosidl_runtime_rs:/opt/ros/humble _=/usr/bin/env /usr/bin/cmake --build /home/user/simulation_ws/build/turtlebot3_gazebo -- -j8 -l8
[2.070s] Invoking command in '/home/user/simulation_ws/build/turtlebot3_gazebo': CMAKE_PREFIX_PATH=${CMAKE_PREFIX_PATH}:/home/user/simulation_ws/install/turtlebot3_teleop:/home/user/simulation_ws/install/turtlebot3_example:/home/simulations/ros2_sims_ws/install/rclrs_tests:/home/simulations/ros2_sims_ws/install/examples_rclrs_minimal_client_service:/home/simulations/ros2_sims_ws/install/sensor_msgs_py:/home/simulations/ros2_sims_ws/install/examples_rclrs_minimal_pub_sub:/home/simulations/ros2_sims_ws/install/examples_rclrs_message_demo:/home/simulations/ros2_sims_ws/install/rclrs:/home/simulations/ros2_sims_ws/install/rosidl_runtime_rs:/opt/ros/humble _=/usr/bin/env /usr/bin/cmake --install /home/user/simulation_ws/build/turtlebot3_gazebo
[2.098s] -- Install configuration: ""
[2.098s] -- Up-to-date: /home/user/simulation_ws/install/turtlebot3_gazebo/lib/turtlebot3_gazebo/turtlebot3_drive
[2.099s] -- Up-to-date: /home/user/simulation_ws/install/turtlebot3_gazebo/share/turtlebot3_gazebo//launch
[2.099s] -- Up-to-date: /home/user/simulation_ws/install/turtlebot3_gazebo/share/turtlebot3_gazebo//launch/turtlebot3_dqn_stage2.launch.py
[2.099s] -- Up-to-date: /home/user/simulation_ws/install/turtlebot3_gazebo/share/turtlebot3_gazebo//launch/turtlebot3_house.launch.py
[2.099s] -- Up-to-date: /home/user/simulation_ws/install/turtlebot3_gazebo/share/turtlebot3_gazebo//launch/empty_world.launch.py
[2.099s] -- Installing: /home/user/simulation_ws/install/turtlebot3_gazebo/share/turtlebot3_gazebo//launch/start_turtlebot3_world.launch.py
[2.099s] -- Up-to-date: /home/user/simulation_ws/install/turtlebot3_gazebo/share/turtlebot3_gazebo//launch/turtlebot3_dqn_stage1.launch.py
[2.100s] -- Up-to-date: /home/user/simulation_ws/install/turtlebot3_gazebo/share/turtlebot3_gazebo//launch/spawn_turtlebot3.launch.py
[2.100s] -- Up-to-date: /home/user/simulation_ws/install/turtlebot3_gazebo/share/turtlebot3_gazebo//launch/robot_state_publisher.launch.py
[2.100s] -- Up-to-date: /home/user/simulation_ws/install/turtlebot3_gazebo/share/turtlebot3_gazebo//launch/turtlebot3_dqn_stage4.launch.py
[2.100s] -- Up-to-date: /home/user/simulation_ws/install/turtlebot3_gazebo/share/turtlebot3_gazebo//launch/main_turtlebot3_lab.launch.xml
[2.102s] -- Up-to-date: /home/user/simulation_ws/install/turtlebot3_gazebo/share/turtlebot3_gazebo//launch/start_turtlebot3_world_standalone.launch.py
[2.102s] -- Up-to-date: /home/user/simulation_ws/install/turtlebot3_gazebo/share/turtlebot3_gazebo//launch/turtlebot3_world.launch.py
[2.102s] -- Up-to-date: /home/user/simulation_ws/install/turtlebot3_gazebo/share/turtlebot3_gazebo//launch/turtlebot3_dqn_stage3.launch.py
[2.103s] -- Up-to-date: /home/user/simulation_ws/install/turtlebot3_gazebo/share/turtlebot3_gazebo//models
[2.110s] -- Up-to-date: /home/user/simulation_ws/install/turtlebot3_gazebo/share/turtlebot3_gazebo//models/play_cube_white
[2.110s] -- Up-to-date: /home/user/simulation_ws/install/turtlebot3_gazebo/share/turtlebot3_gazebo//models/play_cube_white/model.sdf
[2.111s] -- Up-to-date: /home/user/simulation_ws/install/turtlebot3_gazebo/share/turtlebot3_gazebo//models/play_cube_white/model.config
[2.111s] -- Up-to-date: /home/user/simulation_ws/install/turtlebot3_gazebo/share/turtlebot3_gazebo//models/ar_tag_4
[2.171s] -- Up-to-date: /home/user/simulation_ws/install/turtlebot3_gazebo/share/turtlebot3_gazebo//models/ar_tag_4/model.sdf
[2.173s] -- Up-to-date: /home/user/simulation_ws/install/turtlebot3_gazebo/share/turtlebot3_gazebo//models/ar_tag_4/model.config
[2.174s] -- Up-to-date: /home/user/simulation_ws/install/turtlebot3_gazebo/share/turtlebot3_gazebo//models/road_charging_3
[2.174s] -- Up-to-date: /home/user/simulation_ws/install/turtlebot3_gazebo/share/turtlebot3_gazebo//models/road_charging_3/model.sdf
[2.174s] -- Up-to-date: /home/user/simulation_ws/install/turtlebot3_gazebo/share/turtlebot3_gazebo//models/road_charging_3/model.config
[2.175s] -- Up-to-date: /home/user/simulation_ws/install/turtlebot3_gazebo/share/turtlebot3_gazebo//models/grasping_plate
[2.175s] -- Up-to-date: /home/user/simulation_ws/install/turtlebot3_gazebo/share/turtlebot3_gazebo//models/grasping_plate/model.sdf
[2.176s] -- Up-to-date: /home/user/simulation_ws/install/turtlebot3_gazebo/share/turtlebot3_gazebo//models/grasping_plate/model.config
[2.176s] -- Up-to-date: /home/user/simulation_ws/install/turtlebot3_gazebo/share/turtlebot3_gazebo//models/pedestrian
[2.176s] -- Up-to-date: /home/user/simulation_ws/install/turtlebot3_gazebo/share/turtlebot3_gazebo//models/pedestrian/model.sdf
[2.177s] -- Up-to-date: /home/user/simulation_ws/install/turtlebot3_gazebo/share/turtlebot3_gazebo//models/pedestrian/meshes
[2.177s] -- Up-to-date: /home/user/simulation_ws/install/turtlebot3_gazebo/share/turtlebot3_gazebo//models/pedestrian/meshes/Lego-Person-v001.mtl
[2.177s] -- Up-to-date: /home/user/simulation_ws/install/turtlebot3_gazebo/share/turtlebot3_gazebo//models/pedestrian/meshes/LowPolyAnimations4Game.obj
[2.178s] -- Up-to-date: /home/user/simulation_ws/install/turtlebot3_gazebo/share/turtlebot3_gazebo//models/pedestrian/meshes/pedestrian1.dae
[2.178s] -- Up-to-date: /home/user/simulation_ws/install/turtlebot3_gazebo/share/turtlebot3_gazebo//models/pedestrian/meshes/LowPolyAnimations4Game.mtl
[2.179s] -- Up-to-date: /home/user/simulation_ws/install/turtlebot3_gazebo/share/turtlebot3_gazebo//models/pedestrian/meshes/pedestrian2.dae
[2.179s] -- Up-to-date: /home/user/simulation_ws/install/turtlebot3_gazebo/share/turtlebot3_gazebo//models/pedestrian/meshes/Lego-Person-v001.obj
[2.179s] -- Up-to-date: /home/user/simulation_ws/install/turtlebot3_gazebo/share/turtlebot3_gazebo//models/pedestrian/blender
[2.180s] -- Up-to-date: /home/user/simulation_ws/install/turtlebot3_gazebo/share/turtlebot3_gazebo//models/pedestrian/blender/pedestrian_theconstructcolours.blend1
[2.180s] -- Up-to-date: /home/user/simulation_ws/install/turtlebot3_gazebo/share/turtlebot3_gazebo//models/pedestrian/blender/walking-character
[2.180s] -- Up-to-date: /home/user/simulation_ws/install/turtlebot3_gazebo/share/turtlebot3_gazebo//models/pedestrian/blender/walking-character/93731 - LICENSE.html
[2.180s] -- Up-to-date: /home/user/simulation_ws/install/turtlebot3_gazebo/share/turtlebot3_gazebo//models/pedestrian/blender/walking-character/LowPolyAnimations4Game.blend
[2.181s] -- Up-to-date: /home/user/simulation_ws/install/turtlebot3_gazebo/share/turtlebot3_gazebo//models/pedestrian/blender/lego-person-w-face-texture-rig
[2.181s] -- Up-to-date: /home/user/simulation_ws/install/turtlebot3_gazebo/share/turtlebot3_gazebo//models/pedestrian/blender/lego-person-w-face-texture-rig/86309 - LICENSE.html
[2.181s] -- Up-to-date: /home/user/simulation_ws/install/turtlebot3_gazebo/share/turtlebot3_gazebo//models/pedestrian/blender/lego-person-w-face-texture-rig/Lego-Person-v001.blend
[2.181s] -- Up-to-date: /home/user/simulation_ws/install/turtlebot3_gazebo/share/turtlebot3_gazebo//models/pedestrian/blender/pedestrian_theconstructcolours.blend
[2.181s] -- Up-to-date: /home/user/simulation_ws/install/turtlebot3_gazebo/share/turtlebot3_gazebo//models/pedestrian/blender/guy-character-rig
[2.182s] -- Up-to-date: /home/user/simulation_ws/install/turtlebot3_gazebo/share/turtlebot3_gazebo//models/pedestrian/blender/guy-character-rig/BLENDSWAP_LICENSE.txt
[2.182s] -- Up-to-date: /home/user/simulation_ws/install/turtlebot3_gazebo/share/turtlebot3_gazebo//models/pedestrian/blender/guy-character-rig/Guy.blend
[2.182s] -- Up-to-date: /home/user/simulation_ws/install/turtlebot3_gazebo/share/turtlebot3_gazebo//models/pedestrian/model.config
[2.182s] -- Up-to-date: /home/user/simulation_ws/install/turtlebot3_gazebo/share/turtlebot3_gazebo//models/ring_road_v2
[2.182s] -- Up-to-date: /home/user/simulation_ws/install/turtlebot3_gazebo/share/turtlebot3_gazebo//models/ring_road_v2/model.sdf
[2.182s] -- Up-to-date: /home/user/simulation_ws/install/turtlebot3_gazebo/share/turtlebot3_gazebo//models/ring_road_v2/meshes
[2.183s] -- Up-to-date: /home/user/simulation_ws/install/turtlebot3_gazebo/share/turtlebot3_gazebo//models/ring_road_v2/meshes/walls.blend1
[2.183s] -- Up-to-date: /home/user/simulation_ws/install/turtlebot3_gazebo/share/turtlebot3_gazebo//models/ring_road_v2/meshes/gradient.png
[2.183s] -- Up-to-date: /home/user/simulation_ws/install/turtlebot3_gazebo/share/turtlebot3_gazebo//models/ring_road_v2/meshes/Robotnik_Automation_logo.jpg
[2.183s] -- Up-to-date: /home/user/simulation_ws/install/turtlebot3_gazebo/share/turtlebot3_gazebo//models/ring_road_v2/meshes/Circuit_lab_The_Construct_2020.png
[2.183s] -- Up-to-date: /home/user/simulation_ws/install/turtlebot3_gazebo/share/turtlebot3_gazebo//models/ring_road_v2/meshes/gradient_ilustration.jpg
[2.183s] -- Up-to-date: /home/user/simulation_ws/install/turtlebot3_gazebo/share/turtlebot3_gazebo//models/ring_road_v2/meshes/ring_v2.dae
[2.183s] -- Up-to-date: /home/user/simulation_ws/install/turtlebot3_gazebo/share/turtlebot3_gazebo//models/ring_road_v2/meshes/ring_v2.blend1
[2.184s] -- Up-to-date: /home/user/simulation_ws/install/turtlebot3_gazebo/share/turtlebot3_gazebo//models/ring_road_v2/meshes/farming-farms-agriculture-rural-countryside-landscape-green-country-tractor.jpg
[2.184s] -- Up-to-date: /home/user/simulation_ws/install/turtlebot3_gazebo/share/turtlebot3_gazebo//models/ring_road_v2/meshes/walls.blend
[2.184s] -- Up-to-date: /home/user/simulation_ws/install/turtlebot3_gazebo/share/turtlebot3_gazebo//models/ring_road_v2/meshes/nvidia-logo.jpg
[2.184s] -- Up-to-date: /home/user/simulation_ws/install/turtlebot3_gazebo/share/turtlebot3_gazebo//models/ring_road_v2/meshes/Circuit_lab_The_Construct_2020.pdf
[2.184s] -- Up-to-date: /home/user/simulation_ws/install/turtlebot3_gazebo/share/turtlebot3_gazebo//models/ring_road_v2/meshes/ring_v2.blend
[2.187s] -- Up-to-date: /home/user/simulation_ws/install/turtlebot3_gazebo/share/turtlebot3_gazebo//models/ring_road_v2/model.config
[2.187s] -- Up-to-date: /home/user/simulation_ws/install/turtlebot3_gazebo/share/turtlebot3_gazebo//models/triangular_prism
[2.188s] -- Up-to-date: /home/user/simulation_ws/install/turtlebot3_gazebo/share/turtlebot3_gazebo//models/triangular_prism/model.sdf
[2.188s] -- Up-to-date: /home/user/simulation_ws/install/turtlebot3_gazebo/share/turtlebot3_gazebo//models/triangular_prism/meshes
[2.190s] -- Up-to-date: /home/user/simulation_ws/install/turtlebot3_gazebo/share/turtlebot3_gazebo//models/triangular_prism/meshes/triangular_prism.dae
[2.190s] -- Up-to-date: /home/user/simulation_ws/install/turtlebot3_gazebo/share/turtlebot3_gazebo//models/triangular_prism/model.config
[2.190s] -- Up-to-date: /home/user/simulation_ws/install/turtlebot3_gazebo/share/turtlebot3_gazebo//models/play_cube_blue
[2.190s] -- Up-to-date: /home/user/simulation_ws/install/turtlebot3_gazebo/share/turtlebot3_gazebo//models/play_cube_blue/model.sdf
[2.191s] -- Up-to-date: /home/user/simulation_ws/install/turtlebot3_gazebo/share/turtlebot3_gazebo//models/play_cube_blue/model.config
[2.191s] -- Up-to-date: /home/user/simulation_ws/install/turtlebot3_gazebo/share/turtlebot3_gazebo//models/turtlebot3_dqn_world
[2.192s] -- Up-to-date: /home/user/simulation_ws/install/turtlebot3_gazebo/share/turtlebot3_gazebo//models/turtlebot3_dqn_world/goal_box
[2.196s] -- Up-to-date: /home/user/simulation_ws/install/turtlebot3_gazebo/share/turtlebot3_gazebo//models/turtlebot3_dqn_world/goal_box/model.sdf
[2.196s] -- Up-to-date: /home/user/simulation_ws/install/turtlebot3_gazebo/share/turtlebot3_gazebo//models/turtlebot3_dqn_world/goal_box/model.config
[2.196s] -- Up-to-date: /home/user/simulation_ws/install/turtlebot3_gazebo/share/turtlebot3_gazebo//models/turtlebot3_dqn_world/model.sdf
[2.196s] -- Up-to-date: /home/user/simulation_ws/install/turtlebot3_gazebo/share/turtlebot3_gazebo//models/turtlebot3_dqn_world/obstacle2
[2.197s] -- Up-to-date: /home/user/simulation_ws/install/turtlebot3_gazebo/share/turtlebot3_gazebo//models/turtlebot3_dqn_world/obstacle2/model.sdf
[2.197s] -- Up-to-date: /home/user/simulation_ws/install/turtlebot3_gazebo/share/turtlebot3_gazebo//models/turtlebot3_dqn_world/obstacle2/model.config
[2.198s] -- Up-to-date: /home/user/simulation_ws/install/turtlebot3_gazebo/share/turtlebot3_gazebo//models/turtlebot3_dqn_world/inner_walls
[2.198s] -- Up-to-date: /home/user/simulation_ws/install/turtlebot3_gazebo/share/turtlebot3_gazebo//models/turtlebot3_dqn_world/inner_walls/model.sdf
[2.210s] -- Up-to-date: /home/user/simulation_ws/install/turtlebot3_gazebo/share/turtlebot3_gazebo//models/turtlebot3_dqn_world/inner_walls/model.config
[2.210s] -- Up-to-date: /home/user/simulation_ws/install/turtlebot3_gazebo/share/turtlebot3_gazebo//models/turtlebot3_dqn_world/obstacle_plugin
[2.211s] -- Up-to-date: /home/user/simulation_ws/install/turtlebot3_gazebo/share/turtlebot3_gazebo//models/turtlebot3_dqn_world/obstacle_plugin/obstacle2.cc
[2.211s] -- Up-to-date: /home/user/simulation_ws/install/turtlebot3_gazebo/share/turtlebot3_gazebo//models/turtlebot3_dqn_world/obstacle_plugin/obstacles.cc
[2.211s] -- Up-to-date: /home/user/simulation_ws/install/turtlebot3_gazebo/share/turtlebot3_gazebo//models/turtlebot3_dqn_world/obstacle_plugin/obstacle1.cc
[2.211s] -- Up-to-date: /home/user/simulation_ws/install/turtlebot3_gazebo/share/turtlebot3_gazebo//models/turtlebot3_dqn_world/obstacle_plugin/CMakeLists.txt
[2.265s] -- Up-to-date: /home/user/simulation_ws/install/turtlebot3_gazebo/share/turtlebot3_gazebo//models/turtlebot3_dqn_world/obstacle1
[2.266s] -- Up-to-date: /home/user/simulation_ws/install/turtlebot3_gazebo/share/turtlebot3_gazebo//models/turtlebot3_dqn_world/obstacle1/model.sdf
[2.270s] -- Up-to-date: /home/user/simulation_ws/install/turtlebot3_gazebo/share/turtlebot3_gazebo//models/turtlebot3_dqn_world/obstacle1/model.config
[2.270s] -- Up-to-date: /home/user/simulation_ws/install/turtlebot3_gazebo/share/turtlebot3_gazebo//models/turtlebot3_dqn_world/model.config
[2.271s] -- Up-to-date: /home/user/simulation_ws/install/turtlebot3_gazebo/share/turtlebot3_gazebo//models/turtlebot3_dqn_world/obstacles
[2.271s] -- Up-to-date: /home/user/simulation_ws/install/turtlebot3_gazebo/share/turtlebot3_gazebo//models/turtlebot3_dqn_world/obstacles/model.sdf
[2.271s] -- Up-to-date: /home/user/simulation_ws/install/turtlebot3_gazebo/share/turtlebot3_gazebo//models/turtlebot3_dqn_world/obstacles/model.config
[2.271s] -- Up-to-date: /home/user/simulation_ws/install/turtlebot3_gazebo/share/turtlebot3_gazebo//models/play_cube_orange
[2.271s] -- Up-to-date: /home/user/simulation_ws/install/turtlebot3_gazebo/share/turtlebot3_gazebo//models/play_cube_orange/model.sdf
[2.272s] -- Up-to-date: /home/user/simulation_ws/install/turtlebot3_gazebo/share/turtlebot3_gazebo//models/play_cube_orange/model.config
[2.272s] -- Up-to-date: /home/user/simulation_ws/install/turtlebot3_gazebo/share/turtlebot3_gazebo//models/robotarm_floor_v1
[2.272s] -- Up-to-date: /home/user/simulation_ws/install/turtlebot3_gazebo/share/turtlebot3_gazebo//models/robotarm_floor_v1/model.sdf
[2.273s] -- Up-to-date: /home/user/simulation_ws/install/turtlebot3_gazebo/share/turtlebot3_gazebo//models/robotarm_floor_v1/meshes
[2.273s] -- Up-to-date: /home/user/simulation_ws/install/turtlebot3_gazebo/share/turtlebot3_gazebo//models/robotarm_floor_v1/meshes/robotarm_floor_v1.blend
[2.273s] -- Up-to-date: /home/user/simulation_ws/install/turtlebot3_gazebo/share/turtlebot3_gazebo//models/robotarm_floor_v1/meshes/robotarm_floor_v1.dae
[2.273s] -- Up-to-date: /home/user/simulation_ws/install/turtlebot3_gazebo/share/turtlebot3_gazebo//models/robotarm_floor_v1/meshes/robotarm_floor_v1.blend1
[2.273s] -- Up-to-date: /home/user/simulation_ws/install/turtlebot3_gazebo/share/turtlebot3_gazebo//models/robotarm_floor_v1/meshes/robotarm_floor_v1_texture.png
[2.273s] -- Up-to-date: /home/user/simulation_ws/install/turtlebot3_gazebo/share/turtlebot3_gazebo//models/robotarm_floor_v1/meshes/floor_cube.stl
[2.273s] -- Up-to-date: /home/user/simulation_ws/install/turtlebot3_gazebo/share/turtlebot3_gazebo//models/robotarm_floor_v1/model.config
[2.274s] -- Up-to-date: /home/user/simulation_ws/install/turtlebot3_gazebo/share/turtlebot3_gazebo//models/cardboard_obstacle
[2.274s] -- Up-to-date: /home/user/simulation_ws/install/turtlebot3_gazebo/share/turtlebot3_gazebo//models/cardboard_obstacle/model.sdf
[2.274s] -- Up-to-date: /home/user/simulation_ws/install/turtlebot3_gazebo/share/turtlebot3_gazebo//models/cardboard_obstacle/model.config
[2.274s] -- Up-to-date: /home/user/simulation_ws/install/turtlebot3_gazebo/share/turtlebot3_gazebo//models/turtlebot3_house
[2.274s] -- Up-to-date: /home/user/simulation_ws/install/turtlebot3_gazebo/share/turtlebot3_gazebo//models/turtlebot3_house/model.sdf
[2.275s] -- Up-to-date: /home/user/simulation_ws/install/turtlebot3_gazebo/share/turtlebot3_gazebo//models/turtlebot3_house/model.config
[2.275s] -- Up-to-date: /home/user/simulation_ws/install/turtlebot3_gazebo/share/turtlebot3_gazebo//models/road_inter_new
[2.275s] -- Up-to-date: /home/user/simulation_ws/install/turtlebot3_gazebo/share/turtlebot3_gazebo//models/road_inter_new/thumbnails
[2.275s] -- Up-to-date: /home/user/simulation_ws/install/turtlebot3_gazebo/share/turtlebot3_gazebo//models/road_inter_new/thumbnails/0.png
[2.275s] -- Up-to-date: /home/user/simulation_ws/install/turtlebot3_gazebo/share/turtlebot3_gazebo//models/road_inter_new/materials
[2.275s] -- Up-to-date: /home/user/simulation_ws/install/turtlebot3_gazebo/share/turtlebot3_gazebo//models/road_inter_new/materials/scripts
[2.275s] -- Up-to-date: /home/user/simulation_ws/install/turtlebot3_gazebo/share/turtlebot3_gazebo//models/road_inter_new/materials/scripts/inter.material
[2.275s] -- Up-to-date: /home/user/simulation_ws/install/turtlebot3_gazebo/share/turtlebot3_gazebo//models/road_inter_new/materials/textures
[2.276s] -- Up-to-date: /home/user/simulation_ws/install/turtlebot3_gazebo/share/turtlebot3_gazebo//models/road_inter_new/materials/textures/road_i.png
[2.276s] -- Up-to-date: /home/user/simulation_ws/install/turtlebot3_gazebo/share/turtlebot3_gazebo//models/road_inter_new/model.sdf
[2.276s] -- Up-to-date: /home/user/simulation_ws/install/turtlebot3_gazebo/share/turtlebot3_gazebo//models/road_inter_new/model.config
[2.276s] -- Up-to-date: /home/user/simulation_ws/install/turtlebot3_gazebo/share/turtlebot3_gazebo//models/road_diag_new
[2.276s] -- Up-to-date: /home/user/simulation_ws/install/turtlebot3_gazebo/share/turtlebot3_gazebo//models/road_diag_new/thumbnails
[2.276s] -- Up-to-date: /home/user/simulation_ws/install/turtlebot3_gazebo/share/turtlebot3_gazebo//models/road_diag_new/thumbnails/0.png
[2.276s] -- Up-to-date: /home/user/simulation_ws/install/turtlebot3_gazebo/share/turtlebot3_gazebo//models/road_diag_new/materials
[2.277s] -- Up-to-date: /home/user/simulation_ws/install/turtlebot3_gazebo/share/turtlebot3_gazebo//models/road_diag_new/materials/scripts
[2.277s] -- Up-to-date: /home/user/simulation_ws/install/turtlebot3_gazebo/share/turtlebot3_gazebo//models/road_diag_new/materials/scripts/diag.material
[2.277s] -- Up-to-date: /home/user/simulation_ws/install/turtlebot3_gazebo/share/turtlebot3_gazebo//models/road_diag_new/materials/textures
[2.278s] -- Up-to-date: /home/user/simulation_ws/install/turtlebot3_gazebo/share/turtlebot3_gazebo//models/road_diag_new/materials/textures/road_d.png
[2.278s] -- Up-to-date: /home/user/simulation_ws/install/turtlebot3_gazebo/share/turtlebot3_gazebo//models/road_diag_new/model.sdf
[2.278s] -- Up-to-date: /home/user/simulation_ws/install/turtlebot3_gazebo/share/turtlebot3_gazebo//models/road_diag_new/model.config
[2.278s] -- Up-to-date: /home/user/simulation_ws/install/turtlebot3_gazebo/share/turtlebot3_gazebo//models/play_cube_yellow
[2.279s] -- Up-to-date: /home/user/simulation_ws/install/turtlebot3_gazebo/share/turtlebot3_gazebo//models/play_cube_yellow/model.sdf
[2.279s] -- Up-to-date: /home/user/simulation_ws/install/turtlebot3_gazebo/share/turtlebot3_gazebo//models/play_cube_yellow/model.config
[2.279s] -- Up-to-date: /home/user/simulation_ws/install/turtlebot3_gazebo/share/turtlebot3_gazebo//models/ring_road
[2.279s] -- Up-to-date: /home/user/simulation_ws/install/turtlebot3_gazebo/share/turtlebot3_gazebo//models/ring_road/model.sdf
[2.280s] -- Up-to-date: /home/user/simulation_ws/install/turtlebot3_gazebo/share/turtlebot3_gazebo//models/ring_road/meshes
[2.280s] -- Up-to-date: /home/user/simulation_ws/install/turtlebot3_gazebo/share/turtlebot3_gazebo//models/ring_road/meshes/RingCircuit.png
[2.280s] -- Up-to-date: /home/user/simulation_ws/install/turtlebot3_gazebo/share/turtlebot3_gazebo//models/ring_road/meshes/ring_road.dae
[2.281s] -- Up-to-date: /home/user/simulation_ws/install/turtlebot3_gazebo/share/turtlebot3_gazebo//models/ring_road/blender
[2.281s] -- Up-to-date: /home/user/simulation_ws/install/turtlebot3_gazebo/share/turtlebot3_gazebo//models/ring_road/blender/road.blend
[2.281s] -- Up-to-date: /home/user/simulation_ws/install/turtlebot3_gazebo/share/turtlebot3_gazebo//models/ring_road/blender/road.blend1
[2.282s] -- Up-to-date: /home/user/simulation_ws/install/turtlebot3_gazebo/share/turtlebot3_gazebo//models/ring_road/model.config
[2.282s] -- Up-to-date: /home/user/simulation_ws/install/turtlebot3_gazebo/share/turtlebot3_gazebo//models/turtlebot3_common
[2.282s] -- Up-to-date: /home/user/simulation_ws/install/turtlebot3_gazebo/share/turtlebot3_gazebo//models/turtlebot3_common/meshes
[2.282s] -- Up-to-date: /home/user/simulation_ws/install/turtlebot3_gazebo/share/turtlebot3_gazebo//models/turtlebot3_common/meshes/tire.dae
[2.283s] -- Up-to-date: /home/user/simulation_ws/install/turtlebot3_gazebo/share/turtlebot3_gazebo//models/turtlebot3_common/meshes/waffle_base.dae
[2.283s] -- Up-to-date: /home/user/simulation_ws/install/turtlebot3_gazebo/share/turtlebot3_gazebo//models/turtlebot3_common/meshes/r200.dae
[2.283s] -- Up-to-date: /home/user/simulation_ws/install/turtlebot3_gazebo/share/turtlebot3_gazebo//models/turtlebot3_common/meshes/lds.dae
[2.284s] -- Up-to-date: /home/user/simulation_ws/install/turtlebot3_gazebo/share/turtlebot3_gazebo//models/turtlebot3_common/meshes/waffle_pi_base.dae
[2.284s] -- Up-to-date: /home/user/simulation_ws/install/turtlebot3_gazebo/share/turtlebot3_gazebo//models/turtlebot3_common/meshes/burger_base.dae
[2.284s] -- Up-to-date: /home/user/simulation_ws/install/turtlebot3_gazebo/share/turtlebot3_gazebo//models/turtlebot3_common/model.config
[2.284s] -- Up-to-date: /home/user/simulation_ws/install/turtlebot3_gazebo/share/turtlebot3_gazebo//models/street_sign_turnban
[2.284s] -- Up-to-date: /home/user/simulation_ws/install/turtlebot3_gazebo/share/turtlebot3_gazebo//models/street_sign_turnban/model.sdf
[2.284s] -- Up-to-date: /home/user/simulation_ws/install/turtlebot3_gazebo/share/turtlebot3_gazebo//models/street_sign_turnban/meshes
[2.284s] -- Up-to-date: /home/user/simulation_ws/install/turtlebot3_gazebo/share/turtlebot3_gazebo//models/street_sign_turnban/meshes/roadsing_turnban.dae
[2.284s] -- Up-to-date: /home/user/simulation_ws/install/turtlebot3_gazebo/share/turtlebot3_gazebo//models/street_sign_turnban/meshes/turnban.png
[2.285s] -- Up-to-date: /home/user/simulation_ws/install/turtlebot3_gazebo/share/turtlebot3_gazebo//models/street_sign_turnban/meshes/roadsing_turnban_v2.dae
[2.285s] -- Up-to-date: /home/user/simulation_ws/install/turtlebot3_gazebo/share/turtlebot3_gazebo//models/street_sign_turnban/blender
[2.285s] -- Up-to-date: /home/user/simulation_ws/install/turtlebot3_gazebo/share/turtlebot3_gazebo//models/street_sign_turnban/blender/uk-road-signs-pack-1-updated-version
[2.285s] -- Up-to-date: /home/user/simulation_ws/install/turtlebot3_gazebo/share/turtlebot3_gazebo//models/street_sign_turnban/blender/uk-road-signs-pack-1-updated-version/BLENDSWAP_LICENSE.txt
[2.285s] -- Up-to-date: /home/user/simulation_ws/install/turtlebot3_gazebo/share/turtlebot3_gazebo//models/street_sign_turnban/blender/uk-road-signs-pack-1-updated-version/road signs - pack 1 by Richard Edwards.blend
[2.285s] -- Up-to-date: /home/user/simulation_ws/install/turtlebot3_gazebo/share/turtlebot3_gazebo//models/street_sign_turnban/blender/roadsing_turnban.blend
[2.285s] -- Up-to-date: /home/user/simulation_ws/install/turtlebot3_gazebo/share/turtlebot3_gazebo//models/street_sign_turnban/blender/roadsing_turnban_v2.blend
[2.286s] -- Up-to-date: /home/user/simulation_ws/install/turtlebot3_gazebo/share/turtlebot3_gazebo//models/street_sign_turnban/blender/german-street-signs
[2.286s] -- Up-to-date: /home/user/simulation_ws/install/turtlebot3_gazebo/share/turtlebot3_gazebo//models/street_sign_turnban/blender/german-street-signs/street_signs_all.blend
[2.287s] -- Up-to-date: /home/user/simulation_ws/install/turtlebot3_gazebo/share/turtlebot3_gazebo//models/street_sign_turnban/blender/german-street-signs/93735 - LICENSE.html
[2.287s] -- Up-to-date: /home/user/simulation_ws/install/turtlebot3_gazebo/share/turtlebot3_gazebo//models/street_sign_turnban/blender/roadsing_turnban.blend1
[2.287s] -- Up-to-date: /home/user/simulation_ws/install/turtlebot3_gazebo/share/turtlebot3_gazebo//models/street_sign_turnban/blender/roadsign_custom.blend
[2.287s] -- Up-to-date: /home/user/simulation_ws/install/turtlebot3_gazebo/share/turtlebot3_gazebo//models/street_sign_turnban/model.config
[2.288s] -- Up-to-date: /home/user/simulation_ws/install/turtlebot3_gazebo/share/turtlebot3_gazebo//models/sensors
[2.288s] -- Up-to-date: /home/user/simulation_ws/install/turtlebot3_gazebo/share/turtlebot3_gazebo//models/sensors/r200.jpg
[2.288s] -- Up-to-date: /home/user/simulation_ws/install/turtlebot3_gazebo/share/turtlebot3_gazebo//models/sensors/r200.dae
[2.288s] -- Up-to-date: /home/user/simulation_ws/install/turtlebot3_gazebo/share/turtlebot3_gazebo//models/sensors/astra.jpg
[2.288s] -- Up-to-date: /home/user/simulation_ws/install/turtlebot3_gazebo/share/turtlebot3_gazebo//models/sensors/astra.dae
[2.289s] -- Up-to-date: /home/user/simulation_ws/install/turtlebot3_gazebo/share/turtlebot3_gazebo//models/sensors/lds.stl
[2.289s] -- Up-to-date: /home/user/simulation_ws/install/turtlebot3_gazebo/share/turtlebot3_gazebo//models/working_wall_3
[2.289s] -- Up-to-date: /home/user/simulation_ws/install/turtlebot3_gazebo/share/turtlebot3_gazebo//models/working_wall_3/model.sdf
[2.289s] -- Up-to-date: /home/user/simulation_ws/install/turtlebot3_gazebo/share/turtlebot3_gazebo//models/working_wall_3/model.config
[2.289s] -- Up-to-date: /home/user/simulation_ws/install/turtlebot3_gazebo/share/turtlebot3_gazebo//models/ar_tag_7
[2.289s] -- Up-to-date: /home/user/simulation_ws/install/turtlebot3_gazebo/share/turtlebot3_gazebo//models/ar_tag_7/model.sdf
[2.290s] -- Up-to-date: /home/user/simulation_ws/install/turtlebot3_gazebo/share/turtlebot3_gazebo//models/ar_tag_7/model.config
[2.290s] -- Up-to-date: /home/user/simulation_ws/install/turtlebot3_gazebo/share/turtlebot3_gazebo//models/working_wall_1
[2.290s] -- Up-to-date: /home/user/simulation_ws/install/turtlebot3_gazebo/share/turtlebot3_gazebo//models/working_wall_1/model.sdf
[2.290s] -- Up-to-date: /home/user/simulation_ws/install/turtlebot3_gazebo/share/turtlebot3_gazebo//models/working_wall_1/model.config
[2.291s] -- Up-to-date: /home/user/simulation_ws/install/turtlebot3_gazebo/share/turtlebot3_gazebo//models/overlord_camera
[2.291s] -- Up-to-date: /home/user/simulation_ws/install/turtlebot3_gazebo/share/turtlebot3_gazebo//models/overlord_camera/model.sdf
[2.291s] -- Up-to-date: /home/user/simulation_ws/install/turtlebot3_gazebo/share/turtlebot3_gazebo//models/overlord_camera/model.config
[2.291s] -- Up-to-date: /home/user/simulation_ws/install/turtlebot3_gazebo/share/turtlebot3_gazebo//models/working_wall_2_clone
[2.292s] -- Up-to-date: /home/user/simulation_ws/install/turtlebot3_gazebo/share/turtlebot3_gazebo//models/working_wall_2_clone/model.sdf
[2.292s] -- Up-to-date: /home/user/simulation_ws/install/turtlebot3_gazebo/share/turtlebot3_gazebo//models/working_wall_2_clone/model.config
[2.292s] -- Up-to-date: /home/user/simulation_ws/install/turtlebot3_gazebo/share/turtlebot3_gazebo//models/stop_sign_prism
[2.293s] -- Up-to-date: /home/user/simulation_ws/install/turtlebot3_gazebo/share/turtlebot3_gazebo//models/stop_sign_prism/model.sdf
[2.293s] -- Up-to-date: /home/user/simulation_ws/install/turtlebot3_gazebo/share/turtlebot3_gazebo//models/stop_sign_prism/meshes
[2.293s] -- Up-to-date: /home/user/simulation_ws/install/turtlebot3_gazebo/share/turtlebot3_gazebo//models/stop_sign_prism/meshes/signal_stop.dae
[2.293s] -- Up-to-date: /home/user/simulation_ws/install/turtlebot3_gazebo/share/turtlebot3_gazebo//models/stop_sign_prism/meshes/stop.jpg
[2.293s] -- Up-to-date: /home/user/simulation_ws/install/turtlebot3_gazebo/share/turtlebot3_gazebo//models/stop_sign_prism/meshes/signal_stop_fix.dae
[2.293s] -- Up-to-date: /home/user/simulation_ws/install/turtlebot3_gazebo/share/turtlebot3_gazebo//models/stop_sign_prism/model.config
[2.294s] -- Up-to-date: /home/user/simulation_ws/install/turtlebot3_gazebo/share/turtlebot3_gazebo//models/play_cube_pink
[2.294s] -- Up-to-date: /home/user/simulation_ws/install/turtlebot3_gazebo/share/turtlebot3_gazebo//models/play_cube_pink/model.sdf
[2.294s] -- Up-to-date: /home/user/simulation_ws/install/turtlebot3_gazebo/share/turtlebot3_gazebo//models/play_cube_pink/model.config
[2.294s] -- Up-to-date: /home/user/simulation_ws/install/turtlebot3_gazebo/share/turtlebot3_gazebo//models/turtlebot3_burger
[2.294s] -- Up-to-date: /home/user/simulation_ws/install/turtlebot3_gazebo/share/turtlebot3_gazebo//models/turtlebot3_burger/model.sdf
[2.295s] -- Up-to-date: /home/user/simulation_ws/install/turtlebot3_gazebo/share/turtlebot3_gazebo//models/turtlebot3_burger/meshes
[2.295s] -- Up-to-date: /home/user/simulation_ws/install/turtlebot3_gazebo/share/turtlebot3_gazebo//models/turtlebot3_burger/meshes/right_tire.stl
[2.295s] -- Up-to-date: /home/user/simulation_ws/install/turtlebot3_gazebo/share/turtlebot3_gazebo//models/turtlebot3_burger/meshes/lds_v2_single.dae
[2.296s] -- Up-to-date: /home/user/simulation_ws/install/turtlebot3_gazebo/share/turtlebot3_gazebo//models/turtlebot3_burger/meshes/right_tire_v2.dae
[2.296s] -- Up-to-date: /home/user/simulation_ws/install/turtlebot3_gazebo/share/turtlebot3_gazebo//models/turtlebot3_burger/meshes/burguer_textures.png
[2.296s] -- Up-to-date: /home/user/simulation_ws/install/turtlebot3_gazebo/share/turtlebot3_gazebo//models/turtlebot3_burger/meshes/burger_base_v2_single.dae
[2.296s] -- Up-to-date: /home/user/simulation_ws/install/turtlebot3_gazebo/share/turtlebot3_gazebo//models/turtlebot3_burger/meshes/burger_base.stl
[2.296s] -- Up-to-date: /home/user/simulation_ws/install/turtlebot3_gazebo/share/turtlebot3_gazebo//models/turtlebot3_burger/meshes/left_tire.stl
[2.296s] -- Up-to-date: /home/user/simulation_ws/install/turtlebot3_gazebo/share/turtlebot3_gazebo//models/turtlebot3_burger/meshes/cam.dae
[2.296s] -- Up-to-date: /home/user/simulation_ws/install/turtlebot3_gazebo/share/turtlebot3_gazebo//models/turtlebot3_burger/meshes/left_tire_v2.dae
[2.296s] -- Up-to-date: /home/user/simulation_ws/install/turtlebot3_gazebo/share/turtlebot3_gazebo//models/turtlebot3_burger/meshes/black.png
[2.297s] -- Up-to-date: /home/user/simulation_ws/install/turtlebot3_gazebo/share/turtlebot3_gazebo//models/turtlebot3_burger/meshes/lds.stl
[2.297s] -- Up-to-date: /home/user/simulation_ws/install/turtlebot3_gazebo/share/turtlebot3_gazebo//models/turtlebot3_burger/model-1_4.sdf
[2.297s] -- Up-to-date: /home/user/simulation_ws/install/turtlebot3_gazebo/share/turtlebot3_gazebo//models/turtlebot3_burger/meshes_dae
[2.297s] -- Up-to-date: /home/user/simulation_ws/install/turtlebot3_gazebo/share/turtlebot3_gazebo//models/turtlebot3_burger/meshes_dae/lds.dae
[2.297s] -- Up-to-date: /home/user/simulation_ws/install/turtlebot3_gazebo/share/turtlebot3_gazebo//models/turtlebot3_burger/meshes_dae/burger_base.dae
[2.297s] -- Up-to-date: /home/user/simulation_ws/install/turtlebot3_gazebo/share/turtlebot3_gazebo//models/turtlebot3_burger/meshes_dae/right_tire.dae
[2.298s] -- Up-to-date: /home/user/simulation_ws/install/turtlebot3_gazebo/share/turtlebot3_gazebo//models/turtlebot3_burger/meshes_dae/left_tire.dae
[2.298s] -- Up-to-date: /home/user/simulation_ws/install/turtlebot3_gazebo/share/turtlebot3_gazebo//models/turtlebot3_burger/model.config
[2.298s] -- Up-to-date: /home/user/simulation_ws/install/turtlebot3_gazebo/share/turtlebot3_gazebo//models/turtlebot3_waffle_pi
[2.298s] -- Up-to-date: /home/user/simulation_ws/install/turtlebot3_gazebo/share/turtlebot3_gazebo//models/turtlebot3_waffle_pi/model-1_4_.sdf
[2.298s] -- Up-to-date: /home/user/simulation_ws/install/turtlebot3_gazebo/share/turtlebot3_gazebo//models/turtlebot3_waffle_pi/model.sdf
[2.298s] -- Up-to-date: /home/user/simulation_ws/install/turtlebot3_gazebo/share/turtlebot3_gazebo//models/turtlebot3_waffle_pi/model.config
[2.299s] -- Up-to-date: /home/user/simulation_ws/install/turtlebot3_gazebo/share/turtlebot3_gazebo//models/kinect_camera
[2.299s] -- Up-to-date: /home/user/simulation_ws/install/turtlebot3_gazebo/share/turtlebot3_gazebo//models/kinect_camera/materials
[2.299s] -- Up-to-date: /home/user/simulation_ws/install/turtlebot3_gazebo/share/turtlebot3_gazebo//models/kinect_camera/materials/textures
[2.309s] -- Up-to-date: /home/user/simulation_ws/install/turtlebot3_gazebo/share/turtlebot3_gazebo//models/kinect_camera/materials/textures/kinect.png
[2.309s] -- Up-to-date: /home/user/simulation_ws/install/turtlebot3_gazebo/share/turtlebot3_gazebo//models/kinect_camera/model.sdf
[2.311s] -- Up-to-date: /home/user/simulation_ws/install/turtlebot3_gazebo/share/turtlebot3_gazebo//models/kinect_camera/meshes
[2.311s] -- Up-to-date: /home/user/simulation_ws/install/turtlebot3_gazebo/share/turtlebot3_gazebo//models/kinect_camera/meshes/kinect.dae
[2.311s] -- Up-to-date: /home/user/simulation_ws/install/turtlebot3_gazebo/share/turtlebot3_gazebo//models/kinect_camera/model.config
[2.311s] -- Up-to-date: /home/user/simulation_ws/install/turtlebot3_gazebo/share/turtlebot3_gazebo//models/kinect_camera/kinect.xml
[2.311s] -- Up-to-date: /home/user/simulation_ws/install/turtlebot3_gazebo/share/turtlebot3_gazebo//models/turtlebot3_burger_old
[2.313s] -- Up-to-date: /home/user/simulation_ws/install/turtlebot3_gazebo/share/turtlebot3_gazebo//models/turtlebot3_burger_old/model.sdf
[2.313s] -- Up-to-date: /home/user/simulation_ws/install/turtlebot3_gazebo/share/turtlebot3_gazebo//models/turtlebot3_burger_old/model-1_4.sdf
[2.314s] -- Up-to-date: /home/user/simulation_ws/install/turtlebot3_gazebo/share/turtlebot3_gazebo//models/turtlebot3_burger_old/model.config
[2.314s] -- Up-to-date: /home/user/simulation_ws/install/turtlebot3_gazebo/share/turtlebot3_gazebo//models/triangular_prism_pedestrian
[2.315s] -- Up-to-date: /home/user/simulation_ws/install/turtlebot3_gazebo/share/turtlebot3_gazebo//models/triangular_prism_pedestrian/model.sdf
[2.315s] -- Up-to-date: /home/user/simulation_ws/install/turtlebot3_gazebo/share/turtlebot3_gazebo//models/triangular_prism_pedestrian/model.config
[2.315s] -- Up-to-date: /home/user/simulation_ws/install/turtlebot3_gazebo/share/turtlebot3_gazebo//models/ar_tag_3
[2.317s] -- Up-to-date: /home/user/simulation_ws/install/turtlebot3_gazebo/share/turtlebot3_gazebo//models/ar_tag_3/model.sdf
[2.317s] -- Up-to-date: /home/user/simulation_ws/install/turtlebot3_gazebo/share/turtlebot3_gazebo//models/ar_tag_3/model.config
[2.317s] -- Up-to-date: /home/user/simulation_ws/install/turtlebot3_gazebo/share/turtlebot3_gazebo//models/trafficlight
[2.317s] -- Up-to-date: /home/user/simulation_ws/install/turtlebot3_gazebo/share/turtlebot3_gazebo//models/trafficlight/model.sdf
[2.318s] -- Up-to-date: /home/user/simulation_ws/install/turtlebot3_gazebo/share/turtlebot3_gazebo//models/trafficlight/meshes
[2.318s] -- Up-to-date: /home/user/simulation_ws/install/turtlebot3_gazebo/share/turtlebot3_gazebo//models/trafficlight/meshes/trafficlights.obj
[2.321s] -- Up-to-date: /home/user/simulation_ws/install/turtlebot3_gazebo/share/turtlebot3_gazebo//models/trafficlight/meshes/trafficlight2.dae
[2.321s] -- Up-to-date: /home/user/simulation_ws/install/turtlebot3_gazebo/share/turtlebot3_gazebo//models/trafficlight/meshes/trafficlight.dae
[2.321s] -- Up-to-date: /home/user/simulation_ws/install/turtlebot3_gazebo/share/turtlebot3_gazebo//models/trafficlight/meshes/TrafficLight.obj
[2.321s] -- Up-to-date: /home/user/simulation_ws/install/turtlebot3_gazebo/share/turtlebot3_gazebo//models/trafficlight/meshes/trafficlights.mtl
[2.321s] -- Up-to-date: /home/user/simulation_ws/install/turtlebot3_gazebo/share/turtlebot3_gazebo//models/trafficlight/meshes/TrafficLight.mtl
[2.322s] -- Up-to-date: /home/user/simulation_ws/install/turtlebot3_gazebo/share/turtlebot3_gazebo//models/trafficlight/blender
[2.322s] -- Up-to-date: /home/user/simulation_ws/install/turtlebot3_gazebo/share/turtlebot3_gazebo//models/trafficlight/blender/low-poly-traffic-light
[2.322s] -- Up-to-date: /home/user/simulation_ws/install/turtlebot3_gazebo/share/turtlebot3_gazebo//models/trafficlight/blender/low-poly-traffic-light/Traffic Light.blend
[2.322s] -- Up-to-date: /home/user/simulation_ws/install/turtlebot3_gazebo/share/turtlebot3_gazebo//models/trafficlight/blender/low-poly-traffic-light/Traffic Light.blend1
[2.322s] -- Up-to-date: /home/user/simulation_ws/install/turtlebot3_gazebo/share/turtlebot3_gazebo//models/trafficlight/blender/low-poly-traffic-light/79768 - LICENSE.html
[2.322s] -- Up-to-date: /home/user/simulation_ws/install/turtlebot3_gazebo/share/turtlebot3_gazebo//models/trafficlight/blender/trafficlightcustom.blend
[2.322s] -- Up-to-date: /home/user/simulation_ws/install/turtlebot3_gazebo/share/turtlebot3_gazebo//models/trafficlight/blender/traffic-lights-usa-style
[2.322s] -- Up-to-date: /home/user/simulation_ws/install/turtlebot3_gazebo/share/turtlebot3_gazebo//models/trafficlight/blender/traffic-lights-usa-style/BLENDSWAP_LICENSE.txt
[2.323s] -- Up-to-date: /home/user/simulation_ws/install/turtlebot3_gazebo/share/turtlebot3_gazebo//models/trafficlight/blender/traffic-lights-usa-style/traffic lights.blend
[2.323s] -- Up-to-date: /home/user/simulation_ws/install/turtlebot3_gazebo/share/turtlebot3_gazebo//models/trafficlight/blender/traffic-lights-usa-style/traffic lights.blend1
[2.323s] -- Up-to-date: /home/user/simulation_ws/install/turtlebot3_gazebo/share/turtlebot3_gazebo//models/trafficlight/blender/trafficlightcustom.blend1
[2.323s] -- Up-to-date: /home/user/simulation_ws/install/turtlebot3_gazebo/share/turtlebot3_gazebo//models/trafficlight/model.config
[2.323s] -- Up-to-date: /home/user/simulation_ws/install/turtlebot3_gazebo/share/turtlebot3_gazebo//models/ar_tag_2
[2.323s] -- Up-to-date: /home/user/simulation_ws/install/turtlebot3_gazebo/share/turtlebot3_gazebo//models/ar_tag_2/model.sdf
[2.323s] -- Up-to-date: /home/user/simulation_ws/install/turtlebot3_gazebo/share/turtlebot3_gazebo//models/ar_tag_2/model.config
[2.323s] -- Up-to-date: /home/user/simulation_ws/install/turtlebot3_gazebo/share/turtlebot3_gazebo//models/triangular_prism_stop
[2.323s] -- Up-to-date: /home/user/simulation_ws/install/turtlebot3_gazebo/share/turtlebot3_gazebo//models/triangular_prism_stop/model.sdf
[2.324s] -- Up-to-date: /home/user/simulation_ws/install/turtlebot3_gazebo/share/turtlebot3_gazebo//models/triangular_prism_stop/model.config
[2.324s] -- Up-to-date: /home/user/simulation_ws/install/turtlebot3_gazebo/share/turtlebot3_gazebo//models/road_charging_4
[2.324s] -- Up-to-date: /home/user/simulation_ws/install/turtlebot3_gazebo/share/turtlebot3_gazebo//models/road_charging_4/model.sdf
[2.324s] -- Up-to-date: /home/user/simulation_ws/install/turtlebot3_gazebo/share/turtlebot3_gazebo//models/road_charging_4/model.config
[2.324s] -- Up-to-date: /home/user/simulation_ws/install/turtlebot3_gazebo/share/turtlebot3_gazebo//models/road_charging_2
[2.324s] -- Up-to-date: /home/user/simulation_ws/install/turtlebot3_gazebo/share/turtlebot3_gazebo//models/road_charging_2/model.sdf
[2.324s] -- Up-to-date: /home/user/simulation_ws/install/turtlebot3_gazebo/share/turtlebot3_gazebo//models/road_charging_2/model.config
[2.324s] -- Up-to-date: /home/user/simulation_ws/install/turtlebot3_gazebo/share/turtlebot3_gazebo//models/ar_tag_1
[2.324s] -- Up-to-date: /home/user/simulation_ws/install/turtlebot3_gazebo/share/turtlebot3_gazebo//models/ar_tag_1/model.sdf
[2.324s] -- Up-to-date: /home/user/simulation_ws/install/turtlebot3_gazebo/share/turtlebot3_gazebo//models/ar_tag_1/meshes
[2.325s] -- Up-to-date: /home/user/simulation_ws/install/turtlebot3_gazebo/share/turtlebot3_gazebo//models/ar_tag_1/meshes/ar_tag_4.dae
[2.325s] -- Up-to-date: /home/user/simulation_ws/install/turtlebot3_gazebo/share/turtlebot3_gazebo//models/ar_tag_1/meshes/ar_tag_7.dae
[2.369s] -- Up-to-date: /home/user/simulation_ws/install/turtlebot3_gazebo/share/turtlebot3_gazebo//models/ar_tag_1/meshes/image_5.jpg
[2.370s] -- Up-to-date: /home/user/simulation_ws/install/turtlebot3_gazebo/share/turtlebot3_gazebo//models/ar_tag_1/meshes/ar_tag_5.dae
[2.370s] -- Up-to-date: /home/user/simulation_ws/install/turtlebot3_gazebo/share/turtlebot3_gazebo//models/ar_tag_1/meshes/image_6.jpg
[2.370s] -- Up-to-date: /home/user/simulation_ws/install/turtlebot3_gazebo/share/turtlebot3_gazebo//models/ar_tag_1/meshes/image_7.jpg
[2.383s] -- Up-to-date: /home/user/simulation_ws/install/turtlebot3_gazebo/share/turtlebot3_gazebo//models/ar_tag_1/meshes/ar_tag_2.dae
[2.383s] -- Up-to-date: /home/user/simulation_ws/install/turtlebot3_gazebo/share/turtlebot3_gazebo//models/ar_tag_1/meshes/ar_tag_1.dae
[2.383s] -- Up-to-date: /home/user/simulation_ws/install/turtlebot3_gazebo/share/turtlebot3_gazebo//models/ar_tag_1/meshes/image_4.jpg
[2.383s] -- Up-to-date: /home/user/simulation_ws/install/turtlebot3_gazebo/share/turtlebot3_gazebo//models/ar_tag_1/meshes/image_3.jpg
[2.384s] -- Up-to-date: /home/user/simulation_ws/install/turtlebot3_gazebo/share/turtlebot3_gazebo//models/ar_tag_1/meshes/image_2.jpg
[2.384s] -- Up-to-date: /home/user/simulation_ws/install/turtlebot3_gazebo/share/turtlebot3_gazebo//models/ar_tag_1/meshes/ar_tag_3.dae
[2.384s] -- Up-to-date: /home/user/simulation_ws/install/turtlebot3_gazebo/share/turtlebot3_gazebo//models/ar_tag_1/meshes/image_1.jpg
[2.384s] -- Up-to-date: /home/user/simulation_ws/install/turtlebot3_gazebo/share/turtlebot3_gazebo//models/ar_tag_1/meshes/ar_tag_6.dae
[2.384s] -- Up-to-date: /home/user/simulation_ws/install/turtlebot3_gazebo/share/turtlebot3_gazebo//models/ar_tag_1/blender
[2.384s] -- Up-to-date: /home/user/simulation_ws/install/turtlebot3_gazebo/share/turtlebot3_gazebo//models/ar_tag_1/blender/ar_tag.blend
[2.384s] -- Up-to-date: /home/user/simulation_ws/install/turtlebot3_gazebo/share/turtlebot3_gazebo//models/ar_tag_1/blender/ar_tag_1.blend
[2.384s] -- Up-to-date: /home/user/simulation_ws/install/turtlebot3_gazebo/share/turtlebot3_gazebo//models/ar_tag_1/blender/ar_tag_1.blend1
[2.384s] -- Up-to-date: /home/user/simulation_ws/install/turtlebot3_gazebo/share/turtlebot3_gazebo//models/ar_tag_1/blender/ar_tag.blend1
[2.384s] -- Up-to-date: /home/user/simulation_ws/install/turtlebot3_gazebo/share/turtlebot3_gazebo//models/ar_tag_1/model.config
[2.385s] -- Up-to-date: /home/user/simulation_ws/install/turtlebot3_gazebo/share/turtlebot3_gazebo//models/turtlebot3_world
[2.385s] -- Up-to-date: /home/user/simulation_ws/install/turtlebot3_gazebo/share/turtlebot3_gazebo//models/turtlebot3_world/model.sdf
[2.385s] -- Up-to-date: /home/user/simulation_ws/install/turtlebot3_gazebo/share/turtlebot3_gazebo//models/turtlebot3_world/meshes
[2.385s] -- Up-to-date: /home/user/simulation_ws/install/turtlebot3_gazebo/share/turtlebot3_gazebo//models/turtlebot3_world/meshes/wall.dae
[2.385s] -- Up-to-date: /home/user/simulation_ws/install/turtlebot3_gazebo/share/turtlebot3_gazebo//models/turtlebot3_world/meshes/hexagon.dae
[2.385s] -- Up-to-date: /home/user/simulation_ws/install/turtlebot3_gazebo/share/turtlebot3_gazebo//models/turtlebot3_world/model-1_4.sdf
[2.385s] -- Up-to-date: /home/user/simulation_ws/install/turtlebot3_gazebo/share/turtlebot3_gazebo//models/turtlebot3_world/model.config
[2.385s] -- Up-to-date: /home/user/simulation_ws/install/turtlebot3_gazebo/share/turtlebot3_gazebo//models/play_cube_purple
[2.385s] -- Up-to-date: /home/user/simulation_ws/install/turtlebot3_gazebo/share/turtlebot3_gazebo//models/play_cube_purple/model.sdf
[2.386s] -- Up-to-date: /home/user/simulation_ws/install/turtlebot3_gazebo/share/turtlebot3_gazebo//models/play_cube_purple/model.config
[2.386s] -- Up-to-date: /home/user/simulation_ws/install/turtlebot3_gazebo/share/turtlebot3_gazebo//models/working_wall_2
[2.386s] -- Up-to-date: /home/user/simulation_ws/install/turtlebot3_gazebo/share/turtlebot3_gazebo//models/working_wall_2/model.sdf
[2.386s] -- Up-to-date: /home/user/simulation_ws/install/turtlebot3_gazebo/share/turtlebot3_gazebo//models/working_wall_2/model.config
[2.386s] -- Up-to-date: /home/user/simulation_ws/install/turtlebot3_gazebo/share/turtlebot3_gazebo//models/turtlebot3_waffle
[2.386s] -- Up-to-date: /home/user/simulation_ws/install/turtlebot3_gazebo/share/turtlebot3_gazebo//models/turtlebot3_waffle/model.sdf
[2.386s] -- Up-to-date: /home/user/simulation_ws/install/turtlebot3_gazebo/share/turtlebot3_gazebo//models/turtlebot3_waffle/model-1_4.sdf
[2.386s] -- Up-to-date: /home/user/simulation_ws/install/turtlebot3_gazebo/share/turtlebot3_gazebo//models/turtlebot3_waffle/model.config
[2.387s] -- Up-to-date: /home/user/simulation_ws/install/turtlebot3_gazebo/share/turtlebot3_gazebo//models/road_charging
[2.387s] -- Up-to-date: /home/user/simulation_ws/install/turtlebot3_gazebo/share/turtlebot3_gazebo//models/road_charging/model.sdf
[2.387s] -- Up-to-date: /home/user/simulation_ws/install/turtlebot3_gazebo/share/turtlebot3_gazebo//models/road_charging/model.config
[2.387s] -- Up-to-date: /home/user/simulation_ws/install/turtlebot3_gazebo/share/turtlebot3_gazebo//models/ar_tag_6
[2.387s] -- Up-to-date: /home/user/simulation_ws/install/turtlebot3_gazebo/share/turtlebot3_gazebo//models/ar_tag_6/model.sdf
[2.387s] -- Up-to-date: /home/user/simulation_ws/install/turtlebot3_gazebo/share/turtlebot3_gazebo//models/ar_tag_6/model.config
[2.387s] -- Up-to-date: /home/user/simulation_ws/install/turtlebot3_gazebo/share/turtlebot3_gazebo//models/pedestrian1
[2.387s] -- Up-to-date: /home/user/simulation_ws/install/turtlebot3_gazebo/share/turtlebot3_gazebo//models/pedestrian1/model.sdf
[2.388s] -- Up-to-date: /home/user/simulation_ws/install/turtlebot3_gazebo/share/turtlebot3_gazebo//models/pedestrian1/model.config
[2.388s] -- Up-to-date: /home/user/simulation_ws/install/turtlebot3_gazebo/share/turtlebot3_gazebo//models/ar_tag_5
[2.388s] -- Up-to-date: /home/user/simulation_ws/install/turtlebot3_gazebo/share/turtlebot3_gazebo//models/ar_tag_5/model.sdf
[2.388s] -- Up-to-date: /home/user/simulation_ws/install/turtlebot3_gazebo/share/turtlebot3_gazebo//models/ar_tag_5/model.config
[2.388s] -- Up-to-date: /home/user/simulation_ws/install/turtlebot3_gazebo/share/turtlebot3_gazebo//models/wheels
[2.388s] -- Up-to-date: /home/user/simulation_ws/install/turtlebot3_gazebo/share/turtlebot3_gazebo//models/wheels/right_tire.stl
[2.388s] -- Up-to-date: /home/user/simulation_ws/install/turtlebot3_gazebo/share/turtlebot3_gazebo//models/wheels/left_tire.stl
[2.388s] -- Up-to-date: /home/user/simulation_ws/install/turtlebot3_gazebo/share/turtlebot3_gazebo//models/road_plane_new
[2.388s] -- Up-to-date: /home/user/simulation_ws/install/turtlebot3_gazebo/share/turtlebot3_gazebo//models/road_plane_new/thumbnails
[2.388s] -- Up-to-date: /home/user/simulation_ws/install/turtlebot3_gazebo/share/turtlebot3_gazebo//models/road_plane_new/thumbnails/0.png
[2.389s] -- Up-to-date: /home/user/simulation_ws/install/turtlebot3_gazebo/share/turtlebot3_gazebo//models/road_plane_new/materials
[2.389s] -- Up-to-date: /home/user/simulation_ws/install/turtlebot3_gazebo/share/turtlebot3_gazebo//models/road_plane_new/materials/scripts
[2.389s] -- Up-to-date: /home/user/simulation_ws/install/turtlebot3_gazebo/share/turtlebot3_gazebo//models/road_plane_new/materials/scripts/plane.material
[2.389s] -- Up-to-date: /home/user/simulation_ws/install/turtlebot3_gazebo/share/turtlebot3_gazebo//models/road_plane_new/materials/textures
[2.389s] -- Up-to-date: /home/user/simulation_ws/install/turtlebot3_gazebo/share/turtlebot3_gazebo//models/road_plane_new/materials/textures/road_p.png
[2.389s] -- Up-to-date: /home/user/simulation_ws/install/turtlebot3_gazebo/share/turtlebot3_gazebo//models/road_plane_new/model.sdf
[2.389s] -- Up-to-date: /home/user/simulation_ws/install/turtlebot3_gazebo/share/turtlebot3_gazebo//models/road_plane_new/model.config
[2.389s] -- Up-to-date: /home/user/simulation_ws/install/turtlebot3_gazebo/share/turtlebot3_gazebo//models/play_cube_red
[2.390s] -- Up-to-date: /home/user/simulation_ws/install/turtlebot3_gazebo/share/turtlebot3_gazebo//models/play_cube_red/model.sdf
[2.390s] -- Up-to-date: /home/user/simulation_ws/install/turtlebot3_gazebo/share/turtlebot3_gazebo//models/play_cube_red/model.config
[2.390s] -- Up-to-date: /home/user/simulation_ws/install/turtlebot3_gazebo/share/turtlebot3_gazebo//models/area_charging
[2.390s] -- Up-to-date: /home/user/simulation_ws/install/turtlebot3_gazebo/share/turtlebot3_gazebo//models/area_charging/model.sdf
[2.390s] -- Up-to-date: /home/user/simulation_ws/install/turtlebot3_gazebo/share/turtlebot3_gazebo//models/area_charging/model.config
[2.390s] -- Up-to-date: /home/user/simulation_ws/install/turtlebot3_gazebo/share/turtlebot3_gazebo//models/triangular_prism_direccion_obligada
[2.390s] -- Up-to-date: /home/user/simulation_ws/install/turtlebot3_gazebo/share/turtlebot3_gazebo//models/triangular_prism_direccion_obligada/model.sdf
[2.390s] -- Up-to-date: /home/user/simulation_ws/install/turtlebot3_gazebo/share/turtlebot3_gazebo//models/triangular_prism_direccion_obligada/model.config
[2.390s] -- Up-to-date: /home/user/simulation_ws/install/turtlebot3_gazebo/share/turtlebot3_gazebo//models/play_cube_green
[2.391s] -- Up-to-date: /home/user/simulation_ws/install/turtlebot3_gazebo/share/turtlebot3_gazebo//models/play_cube_green/model.sdf
[2.391s] -- Up-to-date: /home/user/simulation_ws/install/turtlebot3_gazebo/share/turtlebot3_gazebo//models/play_cube_green/model.config
[2.391s] -- Up-to-date: /home/user/simulation_ws/install/turtlebot3_gazebo/share/turtlebot3_gazebo//models/working_wall_robot_arm
[2.391s] -- Up-to-date: /home/user/simulation_ws/install/turtlebot3_gazebo/share/turtlebot3_gazebo//models/working_wall_robot_arm/model.sdf
[2.391s] -- Up-to-date: /home/user/simulation_ws/install/turtlebot3_gazebo/share/turtlebot3_gazebo//models/working_wall_robot_arm/model.config
[2.391s] -- Up-to-date: /home/user/simulation_ws/install/turtlebot3_gazebo/share/turtlebot3_gazebo//models/pedestrian_sign_prism
[2.391s] -- Up-to-date: /home/user/simulation_ws/install/turtlebot3_gazebo/share/turtlebot3_gazebo//models/pedestrian_sign_prism/model.sdf
[2.391s] -- Up-to-date: /home/user/simulation_ws/install/turtlebot3_gazebo/share/turtlebot3_gazebo//models/pedestrian_sign_prism/meshes
[2.391s] -- Up-to-date: /home/user/simulation_ws/install/turtlebot3_gazebo/share/turtlebot3_gazebo//models/pedestrian_sign_prism/meshes/pedestrian.png
[2.391s] -- Up-to-date: /home/user/simulation_ws/install/turtlebot3_gazebo/share/turtlebot3_gazebo//models/pedestrian_sign_prism/meshes/signal_pedestrian.dae
[2.392s] -- Up-to-date: /home/user/simulation_ws/install/turtlebot3_gazebo/share/turtlebot3_gazebo//models/pedestrian_sign_prism/meshes/signal_pedestrian_fix.dae
[2.392s] -- Up-to-date: /home/user/simulation_ws/install/turtlebot3_gazebo/share/turtlebot3_gazebo//models/pedestrian_sign_prism/model.config
[2.392s] -- Up-to-date: /home/user/simulation_ws/install/turtlebot3_gazebo/share/turtlebot3_gazebo//models/play_cube_red_big
[2.392s] -- Up-to-date: /home/user/simulation_ws/install/turtlebot3_gazebo/share/turtlebot3_gazebo//models/play_cube_red_big/model.sdf
[2.392s] -- Up-to-date: /home/user/simulation_ws/install/turtlebot3_gazebo/share/turtlebot3_gazebo//models/play_cube_red_big/model.config
[2.392s] -- Up-to-date: /home/user/simulation_ws/install/turtlebot3_gazebo/share/turtlebot3_gazebo//models/bases
[2.392s] -- Up-to-date: /home/user/simulation_ws/install/turtlebot3_gazebo/share/turtlebot3_gazebo//models/bases/waffle_base.stl
[2.392s] -- Up-to-date: /home/user/simulation_ws/install/turtlebot3_gazebo/share/turtlebot3_gazebo//models/bases/burger_base.stl
[2.393s] -- Up-to-date: /home/user/simulation_ws/install/turtlebot3_gazebo/share/turtlebot3_gazebo//models/bases/waffle_pi_base.stl
[2.393s] -- Up-to-date: /home/user/simulation_ws/install/turtlebot3_gazebo/share/turtlebot3_gazebo//models/road_starting
[2.393s] -- Up-to-date: /home/user/simulation_ws/install/turtlebot3_gazebo/share/turtlebot3_gazebo//models/road_starting/model.sdf
[2.393s] -- Up-to-date: /home/user/simulation_ws/install/turtlebot3_gazebo/share/turtlebot3_gazebo//models/road_starting/model.config
[2.393s] -- Up-to-date: /home/user/simulation_ws/install/turtlebot3_gazebo/share/turtlebot3_gazebo//models/eight_road
[2.393s] -- Up-to-date: /home/user/simulation_ws/install/turtlebot3_gazebo/share/turtlebot3_gazebo//models/eight_road/model.sdf
[2.393s] -- Up-to-date: /home/user/simulation_ws/install/turtlebot3_gazebo/share/turtlebot3_gazebo//models/eight_road/meshes
[2.393s] -- Up-to-date: /home/user/simulation_ws/install/turtlebot3_gazebo/share/turtlebot3_gazebo//models/eight_road/meshes/EightCircuit.png
[2.394s] -- Up-to-date: /home/user/simulation_ws/install/turtlebot3_gazebo/share/turtlebot3_gazebo//models/eight_road/meshes/eightroad.dae
[2.394s] -- Up-to-date: /home/user/simulation_ws/install/turtlebot3_gazebo/share/turtlebot3_gazebo//models/eight_road/blender
[2.394s] -- Up-to-date: /home/user/simulation_ws/install/turtlebot3_gazebo/share/turtlebot3_gazebo//models/eight_road/blender/eightroad.blend
[2.394s] -- Up-to-date: /home/user/simulation_ws/install/turtlebot3_gazebo/share/turtlebot3_gazebo//models/eight_road/model.config
[2.394s] -- Up-to-date: /home/user/simulation_ws/install/turtlebot3_gazebo/share/turtlebot3_gazebo//models/working_wall
[2.394s] -- Up-to-date: /home/user/simulation_ws/install/turtlebot3_gazebo/share/turtlebot3_gazebo//models/working_wall/model.sdf
[2.394s] -- Up-to-date: /home/user/simulation_ws/install/turtlebot3_gazebo/share/turtlebot3_gazebo//models/working_wall/model.config
[2.394s] -- Up-to-date: /home/user/simulation_ws/install/turtlebot3_gazebo/share/turtlebot3_gazebo//models/direccion_obligada_sign_prism
[2.394s] -- Up-to-date: /home/user/simulation_ws/install/turtlebot3_gazebo/share/turtlebot3_gazebo//models/direccion_obligada_sign_prism/model.sdf
[2.395s] -- Up-to-date: /home/user/simulation_ws/install/turtlebot3_gazebo/share/turtlebot3_gazebo//models/direccion_obligada_sign_prism/meshes
[2.395s] -- Up-to-date: /home/user/simulation_ws/install/turtlebot3_gazebo/share/turtlebot3_gazebo//models/direccion_obligada_sign_prism/meshes/signal_dir_obligada.dae
[2.395s] -- Up-to-date: /home/user/simulation_ws/install/turtlebot3_gazebo/share/turtlebot3_gazebo//models/direccion_obligada_sign_prism/meshes/direccion_obligada.jpg
[2.395s] -- Up-to-date: /home/user/simulation_ws/install/turtlebot3_gazebo/share/turtlebot3_gazebo//models/direccion_obligada_sign_prism/meshes/signal_dir_obligada_fix.dae
[2.395s] -- Up-to-date: /home/user/simulation_ws/install/turtlebot3_gazebo/share/turtlebot3_gazebo//models/direccion_obligada_sign_prism/model.config
[2.395s] -- Up-to-date: /home/user/simulation_ws/install/turtlebot3_gazebo/share/turtlebot3_gazebo//models/working_wall_0
[2.395s] -- Up-to-date: /home/user/simulation_ws/install/turtlebot3_gazebo/share/turtlebot3_gazebo//models/working_wall_0/model.sdf
[2.395s] -- Up-to-date: /home/user/simulation_ws/install/turtlebot3_gazebo/share/turtlebot3_gazebo//models/working_wall_0/model.config
[2.396s] -- Up-to-date: /home/user/simulation_ws/install/turtlebot3_gazebo/share/turtlebot3_gazebo//rviz
[2.396s] -- Up-to-date: /home/user/simulation_ws/install/turtlebot3_gazebo/share/turtlebot3_gazebo//rviz/tb3_gazebo.rviz
[2.396s] -- Up-to-date: /home/user/simulation_ws/install/turtlebot3_gazebo/share/turtlebot3_gazebo//urdf
[2.396s] -- Up-to-date: /home/user/simulation_ws/install/turtlebot3_gazebo/share/turtlebot3_gazebo//urdf/turtlebot3_waffle.urdf
[2.396s] -- Up-to-date: /home/user/simulation_ws/install/turtlebot3_gazebo/share/turtlebot3_gazebo//urdf/turtlebot3_waffle_pi.urdf
[2.396s] -- Up-to-date: /home/user/simulation_ws/install/turtlebot3_gazebo/share/turtlebot3_gazebo//urdf/common_properties.urdf
[2.396s] -- Up-to-date: /home/user/simulation_ws/install/turtlebot3_gazebo/share/turtlebot3_gazebo//urdf/turtlebot3_burger.urdf
[2.397s] -- Up-to-date: /home/user/simulation_ws/install/turtlebot3_gazebo/share/turtlebot3_gazebo//worlds
[2.397s] -- Up-to-date: /home/user/simulation_ws/install/turtlebot3_gazebo/share/turtlebot3_gazebo//worlds/realrobotlab_v1.world
[2.397s] -- Up-to-date: /home/user/simulation_ws/install/turtlebot3_gazebo/share/turtlebot3_gazebo//worlds/turtlebot3_dqn_stage2.world
[2.397s] -- Up-to-date: /home/user/simulation_ws/install/turtlebot3_gazebo/share/turtlebot3_gazebo//worlds/turtlebot3_dqn_stage3.world
[2.397s] -- Up-to-date: /home/user/simulation_ws/install/turtlebot3_gazebo/share/turtlebot3_gazebo//worlds/turtlebot3_dqn_stage1.world
[2.397s] -- Up-to-date: /home/user/simulation_ws/install/turtlebot3_gazebo/share/turtlebot3_gazebo//worlds/turtlebot3_house.world
[2.397s] -- Up-to-date: /home/user/simulation_ws/install/turtlebot3_gazebo/share/turtlebot3_gazebo//worlds/turtlebot3_dqn_stage4.world
[2.398s] -- Up-to-date: /home/user/simulation_ws/install/turtlebot3_gazebo/share/turtlebot3_gazebo//worlds/turtlebot3_world.world
[2.398s] -- Up-to-date: /home/user/simulation_ws/install/turtlebot3_gazebo/share/turtlebot3_gazebo//worlds/empty_world.world
[2.398s] -- Up-to-date: /home/user/simulation_ws/install/turtlebot3_gazebo/include/
[2.398s] -- Up-to-date: /home/user/simulation_ws/install/turtlebot3_gazebo/include//turtlebot3_gazebo
[2.398s] -- Up-to-date: /home/user/simulation_ws/install/turtlebot3_gazebo/include//turtlebot3_gazebo/turtlebot3_drive.hpp
[2.399s] -- Up-to-date: /home/user/simulation_ws/install/turtlebot3_gazebo/share/ament_index/resource_index/package_run_dependencies/turtlebot3_gazebo
[2.399s] -- Up-to-date: /home/user/simulation_ws/install/turtlebot3_gazebo/share/ament_index/resource_index/parent_prefix_path/turtlebot3_gazebo
[2.399s] -- Up-to-date: /home/user/simulation_ws/install/turtlebot3_gazebo/share/turtlebot3_gazebo/environment/ament_prefix_path.sh
[2.399s] -- Up-to-date: /home/user/simulation_ws/install/turtlebot3_gazebo/share/turtlebot3_gazebo/environment/ament_prefix_path.dsv
[2.399s] -- Up-to-date: /home/user/simulation_ws/install/turtlebot3_gazebo/share/turtlebot3_gazebo/environment/path.sh
[2.399s] -- Up-to-date: /home/user/simulation_ws/install/turtlebot3_gazebo/share/turtlebot3_gazebo/environment/path.dsv
[2.399s] -- Up-to-date: /home/user/simulation_ws/install/turtlebot3_gazebo/share/turtlebot3_gazebo/local_setup.bash
[2.400s] -- Up-to-date: /home/user/simulation_ws/install/turtlebot3_gazebo/share/turtlebot3_gazebo/local_setup.sh
[2.400s] -- Up-to-date: /home/user/simulation_ws/install/turtlebot3_gazebo/share/turtlebot3_gazebo/local_setup.zsh
[2.400s] -- Up-to-date: /home/user/simulation_ws/install/turtlebot3_gazebo/share/turtlebot3_gazebo/local_setup.dsv
[2.400s] -- Installing: /home/user/simulation_ws/install/turtlebot3_gazebo/share/turtlebot3_gazebo/package.dsv
[2.400s] -- Up-to-date: /home/user/simulation_ws/install/turtlebot3_gazebo/share/ament_index/resource_index/packages/turtlebot3_gazebo
[2.400s] -- Up-to-date: /home/user/simulation_ws/install/turtlebot3_gazebo/share/turtlebot3_gazebo/cmake/ament_cmake_export_include_directories-extras.cmake
[2.400s] -- Up-to-date: /home/user/simulation_ws/install/turtlebot3_gazebo/share/turtlebot3_gazebo/cmake/ament_cmake_export_dependencies-extras.cmake
[2.400s] -- Up-to-date: /home/user/simulation_ws/install/turtlebot3_gazebo/share/turtlebot3_gazebo/cmake/turtlebot3_gazeboConfig.cmake
[2.401s] -- Up-to-date: /home/user/simulation_ws/install/turtlebot3_gazebo/share/turtlebot3_gazebo/cmake/turtlebot3_gazeboConfig-version.cmake
[2.401s] -- Up-to-date: /home/user/simulation_ws/install/turtlebot3_gazebo/share/turtlebot3_gazebo/package.xml
[2.401s] Invoked command in '/home/user/simulation_ws/build/turtlebot3_gazebo' returned '0': CMAKE_PREFIX_PATH=${CMAKE_PREFIX_PATH}:/home/user/simulation_ws/install/turtlebot3_teleop:/home/user/simulation_ws/install/turtlebot3_example:/home/simulations/ros2_sims_ws/install/rclrs_tests:/home/simulations/ros2_sims_ws/install/examples_rclrs_minimal_client_service:/home/simulations/ros2_sims_ws/install/sensor_msgs_py:/home/simulations/ros2_sims_ws/install/examples_rclrs_minimal_pub_sub:/home/simulations/ros2_sims_ws/install/examples_rclrs_message_demo:/home/simulations/ros2_sims_ws/install/rclrs:/home/simulations/ros2_sims_ws/install/rosidl_runtime_rs:/opt/ros/humble _=/usr/bin/env /usr/bin/cmake --install /home/user/simulation_ws/build/turtlebot3_gazebo
