[0.191s] Invoking command in '/home/user/simulation_ws/build/turtlebot3_cartographer': CMAKE_PREFIX_PATH=${CMAKE_PREFIX_PATH}:/home/simulations/ros2_sims_ws/install/rclrs_tests:/home/simulations/ros2_sims_ws/install/examples_rclrs_minimal_client_service:/home/simulations/ros2_sims_ws/install/sensor_msgs_py:/home/simulations/ros2_sims_ws/install/examples_rclrs_minimal_pub_sub:/home/simulations/ros2_sims_ws/install/examples_rclrs_message_demo:/home/simulations/ros2_sims_ws/install/rclrs:/home/simulations/ros2_sims_ws/install/rosidl_runtime_rs:/opt/ros/humble _=/usr/bin/env /usr/bin/cmake --build /home/user/simulation_ws/build/turtlebot3_cartographer -- -j8 -l8
[3.056s] Invoked command in '/home/user/simulation_ws/build/turtlebot3_cartographer' returned '0': CMAKE_PREFIX_PATH=${CMAKE_PREFIX_PATH}:/home/simulations/ros2_sims_ws/install/rclrs_tests:/home/simulations/ros2_sims_ws/install/examples_rclrs_minimal_client_service:/home/simulations/ros2_sims_ws/install/sensor_msgs_py:/home/simulations/ros2_sims_ws/install/examples_rclrs_minimal_pub_sub:/home/simulations/ros2_sims_ws/install/examples_rclrs_message_demo:/home/simulations/ros2_sims_ws/install/rclrs:/home/simulations/ros2_sims_ws/install/rosidl_runtime_rs:/opt/ros/humble _=/usr/bin/env /usr/bin/cmake --build /home/user/simulation_ws/build/turtlebot3_cartographer -- -j8 -l8
[3.361s] Invoking command in '/home/user/simulation_ws/build/turtlebot3_cartographer': CMAKE_PREFIX_PATH=${CMAKE_PREFIX_PATH}:/home/simulations/ros2_sims_ws/install/rclrs_tests:/home/simulations/ros2_sims_ws/install/examples_rclrs_minimal_client_service:/home/simulations/ros2_sims_ws/install/sensor_msgs_py:/home/simulations/ros2_sims_ws/install/examples_rclrs_minimal_pub_sub:/home/simulations/ros2_sims_ws/install/examples_rclrs_message_demo:/home/simulations/ros2_sims_ws/install/rclrs:/home/simulations/ros2_sims_ws/install/rosidl_runtime_rs:/opt/ros/humble _=/usr/bin/env /usr/bin/cmake --install /home/user/simulation_ws/build/turtlebot3_cartographer
[3.425s] -- Install configuration: ""
[3.427s] -- Up-to-date: /home/user/simulation_ws/install/turtlebot3_cartographer/share/turtlebot3_cartographer/config
[3.427s] -- Up-to-date: /home/user/simulation_ws/install/turtlebot3_cartographer/share/turtlebot3_cartographer/config/turtlebot3_lds_2d.lua
[3.428s] -- Up-to-date: /home/user/simulation_ws/install/turtlebot3_cartographer/share/turtlebot3_cartographer/launch
[3.428s] -- Up-to-date: /home/user/simulation_ws/install/turtlebot3_cartographer/share/turtlebot3_cartographer/launch/occupancy_grid.launch.py
[3.429s] -- Up-to-date: /home/user/simulation_ws/install/turtlebot3_cartographer/share/turtlebot3_cartographer/launch/cartographer.launch.py
[3.429s] -- Up-to-date: /home/user/simulation_ws/install/turtlebot3_cartographer/share/turtlebot3_cartographer/rviz
[3.429s] -- Up-to-date: /home/user/simulation_ws/install/turtlebot3_cartographer/share/turtlebot3_cartographer/rviz/tb3_cartographer.rviz
[3.429s] -- Up-to-date: /home/user/simulation_ws/install/turtlebot3_cartographer/share/ament_index/resource_index/package_run_dependencies/turtlebot3_cartographer
[3.429s] -- Up-to-date: /home/user/simulation_ws/install/turtlebot3_cartographer/share/ament_index/resource_index/parent_prefix_path/turtlebot3_cartographer
[3.430s] -- Up-to-date: /home/user/simulation_ws/install/turtlebot3_cartographer/share/turtlebot3_cartographer/environment/ament_prefix_path.sh
[3.430s] -- Up-to-date: /home/user/simulation_ws/install/turtlebot3_cartographer/share/turtlebot3_cartographer/environment/ament_prefix_path.dsv
[3.430s] -- Up-to-date: /home/user/simulation_ws/install/turtlebot3_cartographer/share/turtlebot3_cartographer/environment/path.sh
[3.430s] -- Up-to-date: /home/user/simulation_ws/install/turtlebot3_cartographer/share/turtlebot3_cartographer/environment/path.dsv
[3.430s] -- Up-to-date: /home/user/simulation_ws/install/turtlebot3_cartographer/share/turtlebot3_cartographer/local_setup.bash
[3.431s] -- Up-to-date: /home/user/simulation_ws/install/turtlebot3_cartographer/share/turtlebot3_cartographer/local_setup.sh
[3.431s] -- Up-to-date: /home/user/simulation_ws/install/turtlebot3_cartographer/share/turtlebot3_cartographer/local_setup.zsh
[3.431s] -- Up-to-date: /home/user/simulation_ws/install/turtlebot3_cartographer/share/turtlebot3_cartographer/local_setup.dsv
[3.431s] -- Installing: /home/user/simulation_ws/install/turtlebot3_cartographer/share/turtlebot3_cartographer/package.dsv
[3.431s] -- Up-to-date: /home/user/simulation_ws/install/turtlebot3_cartographer/share/ament_index/resource_index/packages/turtlebot3_cartographer
[3.431s] -- Up-to-date: /home/user/simulation_ws/install/turtlebot3_cartographer/share/turtlebot3_cartographer/cmake/turtlebot3_cartographerConfig.cmake
[3.431s] -- Up-to-date: /home/user/simulation_ws/install/turtlebot3_cartographer/share/turtlebot3_cartographer/cmake/turtlebot3_cartographerConfig-version.cmake
[3.432s] -- Up-to-date: /home/user/simulation_ws/install/turtlebot3_cartographer/share/turtlebot3_cartographer/package.xml
[3.443s] Invoked command in '/home/user/simulation_ws/build/turtlebot3_cartographer' returned '0': CMAKE_PREFIX_PATH=${CMAKE_PREFIX_PATH}:/home/simulations/ros2_sims_ws/install/rclrs_tests:/home/simulations/ros2_sims_ws/install/examples_rclrs_minimal_client_service:/home/simulations/ros2_sims_ws/install/sensor_msgs_py:/home/simulations/ros2_sims_ws/install/examples_rclrs_minimal_pub_sub:/home/simulations/ros2_sims_ws/install/examples_rclrs_message_demo:/home/simulations/ros2_sims_ws/install/rclrs:/home/simulations/ros2_sims_ws/install/rosidl_runtime_rs:/opt/ros/humble _=/usr/bin/env /usr/bin/cmake --install /home/user/simulation_ws/build/turtlebot3_cartographer
