[0.249s] Invoking command in '/home/user/simulation_ws/build/turtlebot3_description': CMAKE_PREFIX_PATH=${CMAKE_PREFIX_PATH}:/home/simulations/ros2_sims_ws/install/rclrs_tests:/home/simulations/ros2_sims_ws/install/examples_rclrs_minimal_client_service:/home/simulations/ros2_sims_ws/install/sensor_msgs_py:/home/simulations/ros2_sims_ws/install/examples_rclrs_minimal_pub_sub:/home/simulations/ros2_sims_ws/install/examples_rclrs_message_demo:/home/simulations/ros2_sims_ws/install/rclrs:/home/simulations/ros2_sims_ws/install/rosidl_runtime_rs:/opt/ros/humble _=/usr/bin/env /usr/bin/cmake --build /home/user/simulation_ws/build/turtlebot3_description -- -j8 -l8
[3.225s] Invoked command in '/home/user/simulation_ws/build/turtlebot3_description' returned '0': CMAKE_PREFIX_PATH=${CMAKE_PREFIX_PATH}:/home/simulations/ros2_sims_ws/install/rclrs_tests:/home/simulations/ros2_sims_ws/install/examples_rclrs_minimal_client_service:/home/simulations/ros2_sims_ws/install/sensor_msgs_py:/home/simulations/ros2_sims_ws/install/examples_rclrs_minimal_pub_sub:/home/simulations/ros2_sims_ws/install/examples_rclrs_message_demo:/home/simulations/ros2_sims_ws/install/rclrs:/home/simulations/ros2_sims_ws/install/rosidl_runtime_rs:/opt/ros/humble _=/usr/bin/env /usr/bin/cmake --build /home/user/simulation_ws/build/turtlebot3_description -- -j8 -l8
[3.504s] Invoking command in '/home/user/simulation_ws/build/turtlebot3_description': CMAKE_PREFIX_PATH=${CMAKE_PREFIX_PATH}:/home/simulations/ros2_sims_ws/install/rclrs_tests:/home/simulations/ros2_sims_ws/install/examples_rclrs_minimal_client_service:/home/simulations/ros2_sims_ws/install/sensor_msgs_py:/home/simulations/ros2_sims_ws/install/examples_rclrs_minimal_pub_sub:/home/simulations/ros2_sims_ws/install/examples_rclrs_message_demo:/home/simulations/ros2_sims_ws/install/rclrs:/home/simulations/ros2_sims_ws/install/rosidl_runtime_rs:/opt/ros/humble _=/usr/bin/env /usr/bin/cmake --install /home/user/simulation_ws/build/turtlebot3_description
[3.573s] -- Install configuration: ""
[3.575s] -- Up-to-date: /home/user/simulation_ws/install/turtlebot3_description/share/turtlebot3_description/meshes
[3.575s] -- Up-to-date: /home/user/simulation_ws/install/turtlebot3_description/share/turtlebot3_description/meshes/sensors
[3.576s] -- Up-to-date: /home/user/simulation_ws/install/turtlebot3_description/share/turtlebot3_description/meshes/sensors/r200.jpg
[3.581s] -- Up-to-date: /home/user/simulation_ws/install/turtlebot3_description/share/turtlebot3_description/meshes/sensors/r200.dae
[3.581s] -- Up-to-date: /home/user/simulation_ws/install/turtlebot3_description/share/turtlebot3_description/meshes/sensors/astra.jpg
[3.582s] -- Up-to-date: /home/user/simulation_ws/install/turtlebot3_description/share/turtlebot3_description/meshes/sensors/astra.dae
[3.583s] -- Up-to-date: /home/user/simulation_ws/install/turtlebot3_description/share/turtlebot3_description/meshes/sensors/lds.stl
[3.583s] -- Up-to-date: /home/user/simulation_ws/install/turtlebot3_description/share/turtlebot3_description/meshes/wheels
[3.584s] -- Up-to-date: /home/user/simulation_ws/install/turtlebot3_description/share/turtlebot3_description/meshes/wheels/right_tire.stl
[3.584s] -- Up-to-date: /home/user/simulation_ws/install/turtlebot3_description/share/turtlebot3_description/meshes/wheels/left_tire.stl
[3.584s] -- Up-to-date: /home/user/simulation_ws/install/turtlebot3_description/share/turtlebot3_description/meshes/bases
[3.585s] -- Up-to-date: /home/user/simulation_ws/install/turtlebot3_description/share/turtlebot3_description/meshes/bases/waffle_base.stl
[3.585s] -- Up-to-date: /home/user/simulation_ws/install/turtlebot3_description/share/turtlebot3_description/meshes/bases/burger_base.stl
[3.585s] -- Up-to-date: /home/user/simulation_ws/install/turtlebot3_description/share/turtlebot3_description/meshes/bases/waffle_pi_base.stl
[3.588s] -- Up-to-date: /home/user/simulation_ws/install/turtlebot3_description/share/turtlebot3_description/rviz
[3.588s] -- Up-to-date: /home/user/simulation_ws/install/turtlebot3_description/share/turtlebot3_description/rviz/model.rviz
[3.589s] -- Up-to-date: /home/user/simulation_ws/install/turtlebot3_description/share/turtlebot3_description/urdf
[3.589s] -- Up-to-date: /home/user/simulation_ws/install/turtlebot3_description/share/turtlebot3_description/urdf/turtlebot3_waffle.urdf
[3.589s] -- Up-to-date: /home/user/simulation_ws/install/turtlebot3_description/share/turtlebot3_description/urdf/turtlebot3_waffle_pi.urdf
[3.589s] -- Up-to-date: /home/user/simulation_ws/install/turtlebot3_description/share/turtlebot3_description/urdf/common_properties.urdf
[3.589s] -- Up-to-date: /home/user/simulation_ws/install/turtlebot3_description/share/turtlebot3_description/urdf/turtlebot3_burger.urdf
[3.589s] -- Up-to-date: /home/user/simulation_ws/install/turtlebot3_description/share/ament_index/resource_index/package_run_dependencies/turtlebot3_description
[3.590s] -- Up-to-date: /home/user/simulation_ws/install/turtlebot3_description/share/ament_index/resource_index/parent_prefix_path/turtlebot3_description
[3.590s] -- Up-to-date: /home/user/simulation_ws/install/turtlebot3_description/share/turtlebot3_description/environment/ament_prefix_path.sh
[3.590s] -- Up-to-date: /home/user/simulation_ws/install/turtlebot3_description/share/turtlebot3_description/environment/ament_prefix_path.dsv
[3.590s] -- Up-to-date: /home/user/simulation_ws/install/turtlebot3_description/share/turtlebot3_description/environment/path.sh
[3.590s] -- Up-to-date: /home/user/simulation_ws/install/turtlebot3_description/share/turtlebot3_description/environment/path.dsv
[3.590s] -- Up-to-date: /home/user/simulation_ws/install/turtlebot3_description/share/turtlebot3_description/local_setup.bash
[3.590s] -- Up-to-date: /home/user/simulation_ws/install/turtlebot3_description/share/turtlebot3_description/local_setup.sh
[3.591s] -- Up-to-date: /home/user/simulation_ws/install/turtlebot3_description/share/turtlebot3_description/local_setup.zsh
[3.591s] -- Up-to-date: /home/user/simulation_ws/install/turtlebot3_description/share/turtlebot3_description/local_setup.dsv
[3.591s] -- Installing: /home/user/simulation_ws/install/turtlebot3_description/share/turtlebot3_description/package.dsv
[3.591s] -- Up-to-date: /home/user/simulation_ws/install/turtlebot3_description/share/ament_index/resource_index/packages/turtlebot3_description
[3.591s] -- Up-to-date: /home/user/simulation_ws/install/turtlebot3_description/share/turtlebot3_description/cmake/turtlebot3_descriptionConfig.cmake
[3.591s] -- Up-to-date: /home/user/simulation_ws/install/turtlebot3_description/share/turtlebot3_description/cmake/turtlebot3_descriptionConfig-version.cmake
[3.592s] -- Up-to-date: /home/user/simulation_ws/install/turtlebot3_description/share/turtlebot3_description/package.xml
[3.717s] Invoked command in '/home/user/simulation_ws/build/turtlebot3_description' returned '0': CMAKE_PREFIX_PATH=${CMAKE_PREFIX_PATH}:/home/simulations/ros2_sims_ws/install/rclrs_tests:/home/simulations/ros2_sims_ws/install/examples_rclrs_minimal_client_service:/home/simulations/ros2_sims_ws/install/sensor_msgs_py:/home/simulations/ros2_sims_ws/install/examples_rclrs_minimal_pub_sub:/home/simulations/ros2_sims_ws/install/examples_rclrs_message_demo:/home/simulations/ros2_sims_ws/install/rclrs:/home/simulations/ros2_sims_ws/install/rosidl_runtime_rs:/opt/ros/humble _=/usr/bin/env /usr/bin/cmake --install /home/user/simulation_ws/build/turtlebot3_description
