[4.144s] Invoking command in '/home/user/ros2_ws/src/patrol_behavior': PYTHONPATH=/home/user/ros2_ws/build/patrol_behavior/prefix_override:/home/user/ros2_ws/install/patrol_behavior/lib/python3.10/site-packages:${PYTHONPATH} _=/usr/bin/env /usr/bin/python3 -W ignore:setup.py install is deprecated setup.py egg_info --egg-base ../../build/patrol_behavior build --build-base /home/user/ros2_ws/build/patrol_behavior/build install --record /home/user/ros2_ws/build/patrol_behavior/install.log --single-version-externally-managed install_data
[5.429s] running egg_info
[5.432s] writing ../../build/patrol_behavior/patrol_behavior.egg-info/PKG-INFO
[5.496s] writing dependency_links to ../../build/patrol_behavior/patrol_behavior.egg-info/dependency_links.txt
[5.496s] writing entry points to ../../build/patrol_behavior/patrol_behavior.egg-info/entry_points.txt
[5.496s] writing requirements to ../../build/patrol_behavior/patrol_behavior.egg-info/requires.txt
[5.496s] writing top-level names to ../../build/patrol_behavior/patrol_behavior.egg-info/top_level.txt
[5.496s] reading manifest file '../../build/patrol_behavior/patrol_behavior.egg-info/SOURCES.txt'
[5.498s] writing manifest file '../../build/patrol_behavior/patrol_behavior.egg-info/SOURCES.txt'
[5.498s] running build
[5.499s] running build_py
[5.499s] copying patrol_behavior/patrol.py -> /home/user/ros2_ws/build/patrol_behavior/build/lib/patrol_behavior
[5.499s] running install
[5.500s] running install_lib
[5.502s] copying /home/user/ros2_ws/build/patrol_behavior/build/lib/patrol_behavior/patrol.py -> /home/user/ros2_ws/install/patrol_behavior/lib/python3.10/site-packages/patrol_behavior
[5.503s] byte-compiling /home/user/ros2_ws/install/patrol_behavior/lib/python3.10/site-packages/patrol_behavior/patrol.py to patrol.cpython-310.pyc
[5.504s] running install_data
[5.504s] running install_egg_info
[5.509s] removing '/home/user/ros2_ws/install/patrol_behavior/lib/python3.10/site-packages/patrol_behavior-0.0.0-py3.10.egg-info' (and everything under it)
[5.509s] Copying ../../build/patrol_behavior/patrol_behavior.egg-info to /home/user/ros2_ws/install/patrol_behavior/lib/python3.10/site-packages/patrol_behavior-0.0.0-py3.10.egg-info
[5.511s] running install_scripts
[5.544s] Installing patrol_node script to /home/user/ros2_ws/install/patrol_behavior/lib/patrol_behavior
[5.544s] writing list of installed files to '/home/user/ros2_ws/build/patrol_behavior/install.log'
[5.600s] Invoked command in '/home/user/ros2_ws/src/patrol_behavior' returned '0': PYTHONPATH=/home/user/ros2_ws/build/patrol_behavior/prefix_override:/home/user/ros2_ws/install/patrol_behavior/lib/python3.10/site-packages:${PYTHONPATH} _=/usr/bin/env /usr/bin/python3 -W ignore:setup.py install is deprecated setup.py egg_info --egg-base ../../build/patrol_behavior build --build-base /home/user/ros2_ws/build/patrol_behavior/build install --record /home/user/ros2_ws/build/patrol_behavior/install.log --single-version-externally-managed install_data
