[0.595s] DEBUG:colcon:Command line arguments: ['/usr/bin/colcon', 'build']
[0.595s] DEBUG:colcon:Parsed command line arguments: Namespace(log_base=None, log_level=None, verb_name='build', build_base='build', install_base='install', merge_install=False, symlink_install=False, test_result_base=None, continue_on_error=False, executor='parallel', parallel_workers=8, event_handlers=None, ignore_user_meta=False, metas=['./colcon.meta'], base_paths=['.'], packages_ignore=None, packages_ignore_regex=None, paths=None, packages_up_to=None, packages_up_to_regex=None, packages_above=None, packages_above_and_dependencies=None, packages_above_depth=None, packages_select_by_dep=None, packages_skip_by_dep=None, packages_skip_up_to=None, packages_select_build_failed=False, packages_skip_build_finished=False, packages_select_test_failures=False, packages_skip_test_passed=False, packages_select=None, packages_skip=None, packages_select_regex=None, packages_skip_regex=None, packages_start=None, packages_end=None, lookup_in_workspace=False, cargo_args=None, clean_build=False, cmake_args=None, cmake_target=None, cmake_target_skip_unavailable=False, cmake_clean_cache=False, cmake_clean_first=False, cmake_force_configure=False, ament_cmake_args=None, catkin_cmake_args=None, catkin_skip_building_tests=False, mixin_files=None, mixin=None, verb_parser=<colcon_mixin.mixin.mixin_argument.MixinArgumentDecorator object at 0x7f33a146e350>, verb_extension=<colcon_core.verb.build.BuildVerb object at 0x7f33a146d7e0>, main=<bound method BuildVerb.main of <colcon_core.verb.build.BuildVerb object at 0x7f33a146d7e0>>, mixin_verb=('build',))
[1.594s] Level 1:colcon.colcon_core.package_discovery:discover_packages(colcon_meta) check parameters
[1.594s] Level 1:colcon.colcon_core.package_discovery:discover_packages(recursive) check parameters
[1.594s] Level 1:colcon.colcon_core.package_discovery:discover_packages(ignore) check parameters
[1.594s] Level 1:colcon.colcon_core.package_discovery:discover_packages(path) check parameters
[1.594s] Level 1:colcon.colcon_core.package_discovery:discover_packages(colcon_meta) discover
[1.594s] Level 1:colcon.colcon_core.package_discovery:discover_packages(recursive) discover
[1.594s] INFO:colcon.colcon_core.package_discovery:Crawling recursively for packages in '/home/user/ros2_ws'
[1.594s] Level 1:colcon.colcon_core.package_identification:_identify(.) by extensions ['ignore', 'ignore_ament_install']
[1.595s] Level 1:colcon.colcon_core.package_identification:_identify(.) by extension 'ignore'
[1.595s] Level 1:colcon.colcon_core.package_identification:_identify(.) by extension 'ignore_ament_install'
[1.595s] Level 1:colcon.colcon_core.package_identification:_identify(.) by extensions ['colcon_pkg']
[1.595s] Level 1:colcon.colcon_core.package_identification:_identify(.) by extension 'colcon_pkg'
[1.595s] Level 1:colcon.colcon_core.package_identification:_identify(.) by extensions ['colcon_meta']
[1.595s] Level 1:colcon.colcon_core.package_identification:_identify(.) by extension 'colcon_meta'
[1.595s] Level 1:colcon.colcon_core.package_identification:_identify(.) by extensions ['ament_cargo']
[1.595s] Level 1:colcon.colcon_core.package_identification:_identify(.) by extension 'ament_cargo'
[1.595s] Level 1:colcon.colcon_core.package_identification:_identify(.) by extensions ['ros']
[1.595s] Level 1:colcon.colcon_core.package_identification:_identify(.) by extension 'ros'
[1.616s] Level 1:colcon.colcon_core.package_identification:_identify(.) by extensions ['cargo', 'cmake', 'python']
[1.616s] Level 1:colcon.colcon_core.package_identification:_identify(.) by extension 'cargo'
[1.616s] Level 1:colcon.colcon_core.package_identification:_identify(.) by extension 'cmake'
[1.616s] Level 1:colcon.colcon_core.package_identification:_identify(.) by extension 'python'
[1.616s] Level 1:colcon.colcon_core.package_identification:_identify(.) by extensions ['python_setup_py']
[1.617s] Level 1:colcon.colcon_core.package_identification:_identify(.) by extension 'python_setup_py'
[1.617s] Level 1:colcon.colcon_core.package_identification:_identify(build) by extensions ['ignore', 'ignore_ament_install']
[1.617s] Level 1:colcon.colcon_core.package_identification:_identify(build) by extension 'ignore'
[1.617s] Level 1:colcon.colcon_core.package_identification:_identify(build) ignored
[1.618s] Level 1:colcon.colcon_core.package_identification:_identify(install) by extensions ['ignore', 'ignore_ament_install']
[1.618s] Level 1:colcon.colcon_core.package_identification:_identify(install) by extension 'ignore'
[1.618s] Level 1:colcon.colcon_core.package_identification:_identify(install) ignored
[1.618s] Level 1:colcon.colcon_core.package_identification:_identify(log) by extensions ['ignore', 'ignore_ament_install']
[1.618s] Level 1:colcon.colcon_core.package_identification:_identify(log) by extension 'ignore'
[1.618s] Level 1:colcon.colcon_core.package_identification:_identify(log) ignored
[1.618s] Level 1:colcon.colcon_core.package_identification:_identify(src) by extensions ['ignore', 'ignore_ament_install']
[1.619s] Level 1:colcon.colcon_core.package_identification:_identify(src) by extension 'ignore'
[1.619s] Level 1:colcon.colcon_core.package_identification:_identify(src) by extension 'ignore_ament_install'
[1.619s] Level 1:colcon.colcon_core.package_identification:_identify(src) by extensions ['colcon_pkg']
[1.619s] Level 1:colcon.colcon_core.package_identification:_identify(src) by extension 'colcon_pkg'
[1.619s] Level 1:colcon.colcon_core.package_identification:_identify(src) by extensions ['colcon_meta']
[1.619s] Level 1:colcon.colcon_core.package_identification:_identify(src) by extension 'colcon_meta'
[1.619s] Level 1:colcon.colcon_core.package_identification:_identify(src) by extensions ['ament_cargo']
[1.619s] Level 1:colcon.colcon_core.package_identification:_identify(src) by extension 'ament_cargo'
[1.619s] Level 1:colcon.colcon_core.package_identification:_identify(src) by extensions ['ros']
[1.619s] Level 1:colcon.colcon_core.package_identification:_identify(src) by extension 'ros'
[1.620s] Level 1:colcon.colcon_core.package_identification:_identify(src) by extensions ['cargo', 'cmake', 'python']
[1.620s] Level 1:colcon.colcon_core.package_identification:_identify(src) by extension 'cargo'
[1.620s] Level 1:colcon.colcon_core.package_identification:_identify(src) by extension 'cmake'
[1.620s] Level 1:colcon.colcon_core.package_identification:_identify(src) by extension 'python'
[1.620s] Level 1:colcon.colcon_core.package_identification:_identify(src) by extensions ['python_setup_py']
[1.620s] Level 1:colcon.colcon_core.package_identification:_identify(src) by extension 'python_setup_py'
[1.620s] Level 1:colcon.colcon_core.package_identification:_identify(src/patrol_behavior) by extensions ['ignore', 'ignore_ament_install']
[1.620s] Level 1:colcon.colcon_core.package_identification:_identify(src/patrol_behavior) by extension 'ignore'
[1.620s] Level 1:colcon.colcon_core.package_identification:_identify(src/patrol_behavior) by extension 'ignore_ament_install'
[1.620s] Level 1:colcon.colcon_core.package_identification:_identify(src/patrol_behavior) by extensions ['colcon_pkg']
[1.620s] Level 1:colcon.colcon_core.package_identification:_identify(src/patrol_behavior) by extension 'colcon_pkg'
[1.620s] Level 1:colcon.colcon_core.package_identification:_identify(src/patrol_behavior) by extensions ['colcon_meta']
[1.621s] Level 1:colcon.colcon_core.package_identification:_identify(src/patrol_behavior) by extension 'colcon_meta'
[1.621s] Level 1:colcon.colcon_core.package_identification:_identify(src/patrol_behavior) by extensions ['ament_cargo']
[1.621s] Level 1:colcon.colcon_core.package_identification:_identify(src/patrol_behavior) by extension 'ament_cargo'
[1.621s] Level 1:colcon.colcon_core.package_identification:_identify(src/patrol_behavior) by extensions ['ros']
[1.621s] Level 1:colcon.colcon_core.package_identification:_identify(src/patrol_behavior) by extension 'ros'
[1.633s] DEBUG:colcon.colcon_core.package_identification:Package 'src/patrol_behavior' with type 'ros.ament_python' and name 'patrol_behavior'
[1.633s] Level 1:colcon.colcon_core.package_discovery:discover_packages(recursive) using defaults
[1.633s] Level 1:colcon.colcon_core.package_discovery:discover_packages(ignore) discover
[1.633s] Level 1:colcon.colcon_core.package_discovery:discover_packages(ignore) using defaults
[1.633s] Level 1:colcon.colcon_core.package_discovery:discover_packages(path) discover
[1.633s] Level 1:colcon.colcon_core.package_discovery:discover_packages(path) using defaults
[1.875s] Level 5:colcon.colcon_core.verb:set package 'patrol_behavior' build argument 'lookup_in_workspace' from command line to 'False'
[1.875s] Level 5:colcon.colcon_core.verb:set package 'patrol_behavior' build argument 'cargo_args' from command line to 'None'
[1.876s] Level 5:colcon.colcon_core.verb:set package 'patrol_behavior' build argument 'clean_build' from command line to 'False'
[1.876s] Level 5:colcon.colcon_core.verb:set package 'patrol_behavior' build argument 'cmake_args' from command line to 'None'
[1.876s] Level 5:colcon.colcon_core.verb:set package 'patrol_behavior' build argument 'cmake_target' from command line to 'None'
[1.876s] Level 5:colcon.colcon_core.verb:set package 'patrol_behavior' build argument 'cmake_target_skip_unavailable' from command line to 'False'
[1.876s] Level 5:colcon.colcon_core.verb:set package 'patrol_behavior' build argument 'cmake_clean_cache' from command line to 'False'
[1.876s] Level 5:colcon.colcon_core.verb:set package 'patrol_behavior' build argument 'cmake_clean_first' from command line to 'False'
[1.876s] Level 5:colcon.colcon_core.verb:set package 'patrol_behavior' build argument 'cmake_force_configure' from command line to 'False'
[1.876s] Level 5:colcon.colcon_core.verb:set package 'patrol_behavior' build argument 'ament_cmake_args' from command line to 'None'
[1.876s] Level 5:colcon.colcon_core.verb:set package 'patrol_behavior' build argument 'catkin_cmake_args' from command line to 'None'
[1.876s] Level 5:colcon.colcon_core.verb:set package 'patrol_behavior' build argument 'catkin_skip_building_tests' from command line to 'False'
[1.876s] DEBUG:colcon.colcon_core.verb:Building package 'patrol_behavior' with the following arguments: {'ament_cmake_args': None, 'build_base': '/home/user/ros2_ws/build/patrol_behavior', 'cargo_args': None, 'catkin_cmake_args': None, 'catkin_skip_building_tests': False, 'clean_build': False, 'cmake_args': None, 'cmake_clean_cache': False, 'cmake_clean_first': False, 'cmake_force_configure': False, 'cmake_target': None, 'cmake_target_skip_unavailable': False, 'install_base': '/home/user/ros2_ws/install/patrol_behavior', 'lookup_in_workspace': False, 'merge_install': False, 'path': '/home/user/ros2_ws/src/patrol_behavior', 'symlink_install': False, 'test_result_base': None}
[1.876s] INFO:colcon.colcon_core.executor:Executing jobs using 'parallel' executor
[1.878s] DEBUG:colcon.colcon_parallel_executor.executor.parallel:run_until_complete
[1.878s] INFO:colcon.colcon_ros.task.ament_python.build:Building ROS package in '/home/user/ros2_ws/src/patrol_behavior' with build type 'ament_python'
[1.878s] Level 1:colcon.colcon_core.shell:create_environment_hook('patrol_behavior', 'ament_prefix_path')
[1.890s] INFO:colcon.colcon_core.plugin_system:Skipping extension 'colcon_core.shell.bat': Not used on non-Windows systems
[1.891s] INFO:colcon.colcon_core.shell:Creating environment hook '/home/user/ros2_ws/install/patrol_behavior/share/patrol_behavior/hook/ament_prefix_path.ps1'
[1.895s] INFO:colcon.colcon_core.shell:Creating environment descriptor '/home/user/ros2_ws/install/patrol_behavior/share/patrol_behavior/hook/ament_prefix_path.dsv'
[1.896s] INFO:colcon.colcon_core.shell:Creating environment hook '/home/user/ros2_ws/install/patrol_behavior/share/patrol_behavior/hook/ament_prefix_path.sh'
[1.897s] INFO:colcon.colcon_core.shell:Skip shell extension 'powershell' for command environment: Not usable outside of PowerShell
[1.897s] DEBUG:colcon.colcon_core.shell:Skip shell extension 'dsv' for command environment
[3.283s] INFO:colcon.colcon_core.task.python.build:Building Python package in '/home/user/ros2_ws/src/patrol_behavior'
[3.283s] INFO:colcon.colcon_core.shell:Skip shell extension 'powershell' for command environment: Not usable outside of PowerShell
[3.283s] DEBUG:colcon.colcon_core.shell:Skip shell extension 'dsv' for command environment
[6.023s] DEBUG:colcon.colcon_core.event_handler.log_command:Invoking command in '/home/user/ros2_ws/src/patrol_behavior': PYTHONPATH=/home/user/ros2_ws/build/patrol_behavior/prefix_override:/home/user/ros2_ws/install/patrol_behavior/lib/python3.10/site-packages:${PYTHONPATH} _=/usr/bin/env /usr/bin/python3 -W ignore:setup.py install is deprecated setup.py egg_info --egg-base ../../build/patrol_behavior build --build-base /home/user/ros2_ws/build/patrol_behavior/build install --record /home/user/ros2_ws/build/patrol_behavior/install.log --single-version-externally-managed install_data
[7.478s] Level 1:colcon.colcon_core.environment:checking '/home/user/ros2_ws/install/patrol_behavior' for CMake module files
[7.479s] Level 1:colcon.colcon_core.environment:checking '/home/user/ros2_ws/install/patrol_behavior' for CMake config files
[7.481s] Level 1:colcon.colcon_core.environment:checking '/home/user/ros2_ws/install/patrol_behavior/lib'
[7.480s] DEBUG:colcon.colcon_core.event_handler.log_command:Invoked command in '/home/user/ros2_ws/src/patrol_behavior' returned '0': PYTHONPATH=/home/user/ros2_ws/build/patrol_behavior/prefix_override:/home/user/ros2_ws/install/patrol_behavior/lib/python3.10/site-packages:${PYTHONPATH} _=/usr/bin/env /usr/bin/python3 -W ignore:setup.py install is deprecated setup.py egg_info --egg-base ../../build/patrol_behavior build --build-base /home/user/ros2_ws/build/patrol_behavior/build install --record /home/user/ros2_ws/build/patrol_behavior/install.log --single-version-externally-managed install_data
[7.481s] Level 1:colcon.colcon_core.environment:checking '/home/user/ros2_ws/install/patrol_behavior/bin'
[7.481s] Level 1:colcon.colcon_core.environment:checking '/home/user/ros2_ws/install/patrol_behavior/lib/pkgconfig/patrol_behavior.pc'
[7.481s] Level 1:colcon.colcon_core.environment:checking '/home/user/ros2_ws/install/patrol_behavior/lib/python3.10/site-packages'
[7.482s] Level 1:colcon.colcon_core.shell:create_environment_hook('patrol_behavior', 'pythonpath')
[7.482s] INFO:colcon.colcon_core.shell:Creating environment hook '/home/user/ros2_ws/install/patrol_behavior/share/patrol_behavior/hook/pythonpath.ps1'
[7.483s] INFO:colcon.colcon_core.shell:Creating environment descriptor '/home/user/ros2_ws/install/patrol_behavior/share/patrol_behavior/hook/pythonpath.dsv'
[7.483s] INFO:colcon.colcon_core.shell:Creating environment hook '/home/user/ros2_ws/install/patrol_behavior/share/patrol_behavior/hook/pythonpath.sh'
[7.484s] Level 1:colcon.colcon_core.environment:checking '/home/user/ros2_ws/install/patrol_behavior/bin'
[7.484s] Level 1:colcon.colcon_core.environment:create_environment_scripts_only(patrol_behavior)
[7.485s] INFO:colcon.colcon_core.shell:Creating package script '/home/user/ros2_ws/install/patrol_behavior/share/patrol_behavior/package.ps1'
[7.486s] INFO:colcon.colcon_core.shell:Creating package descriptor '/home/user/ros2_ws/install/patrol_behavior/share/patrol_behavior/package.dsv'
[7.487s] INFO:colcon.colcon_core.shell:Creating package script '/home/user/ros2_ws/install/patrol_behavior/share/patrol_behavior/package.sh'
[7.488s] INFO:colcon.colcon_core.shell:Creating package script '/home/user/ros2_ws/install/patrol_behavior/share/patrol_behavior/package.bash'
[7.489s] INFO:colcon.colcon_core.shell:Creating package script '/home/user/ros2_ws/install/patrol_behavior/share/patrol_behavior/package.zsh'
[7.490s] Level 1:colcon.colcon_core.environment:create_file_with_runtime_dependencies(/home/user/ros2_ws/install/patrol_behavior/share/colcon-core/packages/patrol_behavior)
[7.490s] DEBUG:colcon.colcon_parallel_executor.executor.parallel:closing loop
[7.493s] DEBUG:colcon.colcon_parallel_executor.executor.parallel:loop closed
[7.493s] DEBUG:colcon.colcon_parallel_executor.executor.parallel:run_until_complete finished with '0'
[7.493s] DEBUG:colcon.colcon_core.event_reactor:joining thread
[7.510s] INFO:colcon.colcon_core.plugin_system:Skipping extension 'colcon_notification.desktop_notification.notify_send': Could not find 'notify-send'
[7.510s] INFO:colcon.colcon_core.plugin_system:Skipping extension 'colcon_notification.desktop_notification.terminal_notifier': Not used on non-Darwin systems
[7.510s] INFO:colcon.colcon_core.plugin_system:Skipping extension 'colcon_notification.desktop_notification.win32': Not used on non-Windows systems
[7.511s] INFO:colcon.colcon_notification.desktop_notification:Sending desktop notification using 'notify2'
[7.595s] DEBUG:colcon.colcon_notification.desktop_notification.notify2:Failed to initialize notify2: org.freedesktop.DBus.Error.Spawn.ExecFailed: /usr/bin/dbus-launch terminated abnormally without any error message
[7.596s] DEBUG:colcon.colcon_core.event_reactor:joined thread
[7.598s] INFO:colcon.colcon_core.shell:Creating prefix script '/home/user/ros2_ws/install/local_setup.ps1'
[7.604s] INFO:colcon.colcon_core.shell:Creating prefix util module '/home/user/ros2_ws/install/_local_setup_util_ps1.py'
[7.610s] INFO:colcon.colcon_core.shell:Creating prefix chain script '/home/user/ros2_ws/install/setup.ps1'
[7.622s] INFO:colcon.colcon_core.shell:Creating prefix script '/home/user/ros2_ws/install/local_setup.sh'
[7.623s] INFO:colcon.colcon_core.shell:Creating prefix util module '/home/user/ros2_ws/install/_local_setup_util_sh.py'
[7.624s] INFO:colcon.colcon_core.shell:Creating prefix chain script '/home/user/ros2_ws/install/setup.sh'
[7.677s] INFO:colcon.colcon_core.shell:Creating prefix script '/home/user/ros2_ws/install/local_setup.bash'
[7.678s] INFO:colcon.colcon_core.shell:Creating prefix chain script '/home/user/ros2_ws/install/setup.bash'
[7.681s] INFO:colcon.colcon_core.shell:Creating prefix script '/home/user/ros2_ws/install/local_setup.zsh'
[7.683s] INFO:colcon.colcon_core.shell:Creating prefix chain script '/home/user/ros2_ws/install/setup.zsh'
