[1.322s] Invoking command in '/home/user/simulation_ws/src/turtlebot3/turtlebot3_example': AMENT_PREFIX_PATH=/home/user/simulation_ws/install/turtlebot3_msgs:${AMENT_PREFIX_PATH} CMAKE_PREFIX_PATH=/home/user/simulation_ws/install/turtlebot3_msgs:${CMAKE_PREFIX_PATH} LD_LIBRARY_PATH=/home/user/simulation_ws/install/turtlebot3_msgs/lib:/usr/local/cuda-10.2/lib64:/home/user/.catkin_ws_python3/src/TensorRT-7.0.0.11/lib:/home/simulations/ros2_sims_ws/install/visualization_msgs/lib:/home/simulations/ros2_sims_ws/install/test_msgs/lib:/home/simulations/ros2_sims_ws/install/example_interfaces/lib:/home/simulations/ros2_sims_ws/install/action_msgs/lib:/home/simulations/ros2_sims_ws/install/unique_identifier_msgs/lib:/home/simulations/ros2_sims_ws/install/trajectory_msgs/lib:/home/simulations/ros2_sims_ws/install/stereo_msgs/lib:/home/simulations/ros2_sims_ws/install/std_srvs/lib:/home/simulations/ros2_sims_ws/install/shape_msgs/lib:/home/simulations/ros2_sims_ws/install/sensor_msgs/lib:/home/simulations/ros2_sims_ws/install/nav_msgs/lib:/home/simulations/ros2_sims_ws/install/diagnostic_msgs/lib:/home/simulations/ros2_sims_ws/install/geometry_msgs/lib:/home/simulations/ros2_sims_ws/install/actionlib_msgs/lib:/home/simulations/ros2_sims_ws/install/std_msgs/lib:/home/simulations/ros2_sims_ws/install/statistics_msgs/lib:/home/simulations/ros2_sims_ws/install/rosgraph_msgs/lib:/home/simulations/ros2_sims_ws/install/rclrs_example_msgs/lib:/home/simulations/ros2_sims_ws/install/composition_interfaces/lib:/home/simulations/ros2_sims_ws/install/rcl_interfaces/lib:/home/simulations/ros2_sims_ws/install/lifecycle_msgs/lib:/home/simulations/ros2_sims_ws/install/builtin_interfaces/lib:/opt/ros/humble/opt/rviz_ogre_vendor/lib:/opt/ros/humble/lib/x86_64-linux-gnu:/opt/ros/humble/lib:/usr/local/cuda-10.2/lib64:/home/user/.catkin_ws_python3/src/TensorRT-7.0.0.11/lib:/usr/lib/x86_64-linux-gnu/gazebo-11/plugins:/usr/lib/x86_64-linux-gnu/gazebo-11/plugins:/usr/lib/x86_64-linux-gnu/gazebo-11/plugins PYTHONPATH=/home/user/simulation_ws/build/turtlebot3_example/prefix_override:/home/user/simulation_ws/install/turtlebot3_example/lib/python3.10/site-packages:/home/user/simulation_ws/install/turtlebot3_msgs/local/lib/python3.10/dist-packages:${PYTHONPATH} _=/usr/bin/env /usr/bin/python3 setup.py egg_info --egg-base ../../../build/turtlebot3_example build --build-base /home/user/simulation_ws/build/turtlebot3_example/build install --record /home/user/simulation_ws/build/turtlebot3_example/install.log --single-version-externally-managed
[1.785s] running egg_info
[1.786s] creating ../../../build/turtlebot3_example/turtlebot3_example.egg-info
[1.786s] writing ../../../build/turtlebot3_example/turtlebot3_example.egg-info/PKG-INFO
[1.787s] writing dependency_links to ../../../build/turtlebot3_example/turtlebot3_example.egg-info/dependency_links.txt
[1.787s] writing entry points to ../../../build/turtlebot3_example/turtlebot3_example.egg-info/entry_points.txt
[1.787s] writing requirements to ../../../build/turtlebot3_example/turtlebot3_example.egg-info/requires.txt
[1.787s] writing top-level names to ../../../build/turtlebot3_example/turtlebot3_example.egg-info/top_level.txt
[1.787s] writing manifest file '../../../build/turtlebot3_example/turtlebot3_example.egg-info/SOURCES.txt'
[1.790s] reading manifest file '../../../build/turtlebot3_example/turtlebot3_example.egg-info/SOURCES.txt'
[1.791s] writing manifest file '../../../build/turtlebot3_example/turtlebot3_example.egg-info/SOURCES.txt'
[1.791s] running build
[1.792s] running build_py
[1.792s] creating /home/user/simulation_ws/build/turtlebot3_example/build
[1.792s] creating /home/user/simulation_ws/build/turtlebot3_example/build/lib
[1.792s] creating /home/user/simulation_ws/build/turtlebot3_example/build/lib/turtlebot3_example
[1.792s] copying turtlebot3_example/__init__.py -> /home/user/simulation_ws/build/turtlebot3_example/build/lib/turtlebot3_example
[1.792s] creating /home/user/simulation_ws/build/turtlebot3_example/build/lib/turtlebot3_example/turtlebot3_position_control
[1.793s] copying turtlebot3_example/turtlebot3_position_control/turtlebot3_position_control.py -> /home/user/simulation_ws/build/turtlebot3_example/build/lib/turtlebot3_example/turtlebot3_position_control
[1.793s] copying turtlebot3_example/turtlebot3_position_control/turtlebot3_path.py -> /home/user/simulation_ws/build/turtlebot3_example/build/lib/turtlebot3_example/turtlebot3_position_control
[1.793s] copying turtlebot3_example/turtlebot3_position_control/__init__.py -> /home/user/simulation_ws/build/turtlebot3_example/build/lib/turtlebot3_example/turtlebot3_position_control
[1.793s] copying turtlebot3_example/turtlebot3_position_control/main.py -> /home/user/simulation_ws/build/turtlebot3_example/build/lib/turtlebot3_example/turtlebot3_position_control
[1.793s] creating /home/user/simulation_ws/build/turtlebot3_example/build/lib/turtlebot3_example/turtlebot3_patrol_server
[1.794s] copying turtlebot3_example/turtlebot3_patrol_server/turtlebot3_path.py -> /home/user/simulation_ws/build/turtlebot3_example/build/lib/turtlebot3_example/turtlebot3_patrol_server
[1.794s] copying turtlebot3_example/turtlebot3_patrol_server/__init__.py -> /home/user/simulation_ws/build/turtlebot3_example/build/lib/turtlebot3_example/turtlebot3_patrol_server
[1.794s] copying turtlebot3_example/turtlebot3_patrol_server/main.py -> /home/user/simulation_ws/build/turtlebot3_example/build/lib/turtlebot3_example/turtlebot3_patrol_server
[1.794s] copying turtlebot3_example/turtlebot3_patrol_server/turtlebot3_patrol_server.py -> /home/user/simulation_ws/build/turtlebot3_example/build/lib/turtlebot3_example/turtlebot3_patrol_server
[1.797s] /usr/lib/python3/dist-packages/setuptools/command/install.py:34: SetuptoolsDeprecationWarning: setup.py install is deprecated. Use build and pip and other standards-based tools.
[1.797s]   warnings.warn(
[1.798s] creating /home/user/simulation_ws/build/turtlebot3_example/build/lib/turtlebot3_example/turtlebot3_obstacle_detection
[1.798s] copying turtlebot3_example/turtlebot3_obstacle_detection/turtlebot3_obstacle_detection.py -> /home/user/simulation_ws/build/turtlebot3_example/build/lib/turtlebot3_example/turtlebot3_obstacle_detection
[1.798s] copying turtlebot3_example/turtlebot3_obstacle_detection/__init__.py -> /home/user/simulation_ws/build/turtlebot3_example/build/lib/turtlebot3_example/turtlebot3_obstacle_detection
[1.798s] copying turtlebot3_example/turtlebot3_obstacle_detection/main.py -> /home/user/simulation_ws/build/turtlebot3_example/build/lib/turtlebot3_example/turtlebot3_obstacle_detection
[1.798s] creating /home/user/simulation_ws/build/turtlebot3_example/build/lib/turtlebot3_example/turtlebot3_patrol_client
[1.798s] copying turtlebot3_example/turtlebot3_patrol_client/turtlebot3_patrol_client.py -> /home/user/simulation_ws/build/turtlebot3_example/build/lib/turtlebot3_example/turtlebot3_patrol_client
[1.798s] copying turtlebot3_example/turtlebot3_patrol_client/__init__.py -> /home/user/simulation_ws/build/turtlebot3_example/build/lib/turtlebot3_example/turtlebot3_patrol_client
[1.798s] copying turtlebot3_example/turtlebot3_patrol_client/main.py -> /home/user/simulation_ws/build/turtlebot3_example/build/lib/turtlebot3_example/turtlebot3_patrol_client
[1.799s] running install
[1.799s] running install_lib
[1.799s] creating /home/user/simulation_ws/install/turtlebot3_example/lib/python3.10/site-packages/turtlebot3_example
[1.799s] creating /home/user/simulation_ws/install/turtlebot3_example/lib/python3.10/site-packages/turtlebot3_example/turtlebot3_position_control
[1.799s] copying /home/user/simulation_ws/build/turtlebot3_example/build/lib/turtlebot3_example/turtlebot3_position_control/turtlebot3_position_control.py -> /home/user/simulation_ws/install/turtlebot3_example/lib/python3.10/site-packages/turtlebot3_example/turtlebot3_position_control
[1.800s] copying /home/user/simulation_ws/build/turtlebot3_example/build/lib/turtlebot3_example/turtlebot3_position_control/turtlebot3_path.py -> /home/user/simulation_ws/install/turtlebot3_example/lib/python3.10/site-packages/turtlebot3_example/turtlebot3_position_control
[1.800s] copying /home/user/simulation_ws/build/turtlebot3_example/build/lib/turtlebot3_example/turtlebot3_position_control/__init__.py -> /home/user/simulation_ws/install/turtlebot3_example/lib/python3.10/site-packages/turtlebot3_example/turtlebot3_position_control
[1.800s] copying /home/user/simulation_ws/build/turtlebot3_example/build/lib/turtlebot3_example/turtlebot3_position_control/main.py -> /home/user/simulation_ws/install/turtlebot3_example/lib/python3.10/site-packages/turtlebot3_example/turtlebot3_position_control
[1.800s] creating /home/user/simulation_ws/install/turtlebot3_example/lib/python3.10/site-packages/turtlebot3_example/turtlebot3_patrol_server
[1.800s] copying /home/user/simulation_ws/build/turtlebot3_example/build/lib/turtlebot3_example/turtlebot3_patrol_server/turtlebot3_path.py -> /home/user/simulation_ws/install/turtlebot3_example/lib/python3.10/site-packages/turtlebot3_example/turtlebot3_patrol_server
[1.800s] copying /home/user/simulation_ws/build/turtlebot3_example/build/lib/turtlebot3_example/turtlebot3_patrol_server/__init__.py -> /home/user/simulation_ws/install/turtlebot3_example/lib/python3.10/site-packages/turtlebot3_example/turtlebot3_patrol_server
[1.801s] copying /home/user/simulation_ws/build/turtlebot3_example/build/lib/turtlebot3_example/turtlebot3_patrol_server/main.py -> /home/user/simulation_ws/install/turtlebot3_example/lib/python3.10/site-packages/turtlebot3_example/turtlebot3_patrol_server
[1.801s] copying /home/user/simulation_ws/build/turtlebot3_example/build/lib/turtlebot3_example/turtlebot3_patrol_server/turtlebot3_patrol_server.py -> /home/user/simulation_ws/install/turtlebot3_example/lib/python3.10/site-packages/turtlebot3_example/turtlebot3_patrol_server
[1.801s] creating /home/user/simulation_ws/install/turtlebot3_example/lib/python3.10/site-packages/turtlebot3_example/turtlebot3_obstacle_detection
[1.801s] copying /home/user/simulation_ws/build/turtlebot3_example/build/lib/turtlebot3_example/turtlebot3_obstacle_detection/turtlebot3_obstacle_detection.py -> /home/user/simulation_ws/install/turtlebot3_example/lib/python3.10/site-packages/turtlebot3_example/turtlebot3_obstacle_detection
[1.801s] copying /home/user/simulation_ws/build/turtlebot3_example/build/lib/turtlebot3_example/turtlebot3_obstacle_detection/__init__.py -> /home/user/simulation_ws/install/turtlebot3_example/lib/python3.10/site-packages/turtlebot3_example/turtlebot3_obstacle_detection
[1.801s] copying /home/user/simulation_ws/build/turtlebot3_example/build/lib/turtlebot3_example/turtlebot3_obstacle_detection/main.py -> /home/user/simulation_ws/install/turtlebot3_example/lib/python3.10/site-packages/turtlebot3_example/turtlebot3_obstacle_detection
[1.802s] copying /home/user/simulation_ws/build/turtlebot3_example/build/lib/turtlebot3_example/__init__.py -> /home/user/simulation_ws/install/turtlebot3_example/lib/python3.10/site-packages/turtlebot3_example
[1.802s] creating /home/user/simulation_ws/install/turtlebot3_example/lib/python3.10/site-packages/turtlebot3_example/turtlebot3_patrol_client
[1.802s] copying /home/user/simulation_ws/build/turtlebot3_example/build/lib/turtlebot3_example/turtlebot3_patrol_client/turtlebot3_patrol_client.py -> /home/user/simulation_ws/install/turtlebot3_example/lib/python3.10/site-packages/turtlebot3_example/turtlebot3_patrol_client
[1.802s] copying /home/user/simulation_ws/build/turtlebot3_example/build/lib/turtlebot3_example/turtlebot3_patrol_client/__init__.py -> /home/user/simulation_ws/install/turtlebot3_example/lib/python3.10/site-packages/turtlebot3_example/turtlebot3_patrol_client
[1.802s] copying /home/user/simulation_ws/build/turtlebot3_example/build/lib/turtlebot3_example/turtlebot3_patrol_client/main.py -> /home/user/simulation_ws/install/turtlebot3_example/lib/python3.10/site-packages/turtlebot3_example/turtlebot3_patrol_client
[1.805s] byte-compiling /home/user/simulation_ws/install/turtlebot3_example/lib/python3.10/site-packages/turtlebot3_example/turtlebot3_position_control/turtlebot3_position_control.py to turtlebot3_position_control.cpython-310.pyc
[1.805s] byte-compiling /home/user/simulation_ws/install/turtlebot3_example/lib/python3.10/site-packages/turtlebot3_example/turtlebot3_position_control/turtlebot3_path.py to turtlebot3_path.cpython-310.pyc
[1.806s] byte-compiling /home/user/simulation_ws/install/turtlebot3_example/lib/python3.10/site-packages/turtlebot3_example/turtlebot3_position_control/__init__.py to __init__.cpython-310.pyc
[1.806s] byte-compiling /home/user/simulation_ws/install/turtlebot3_example/lib/python3.10/site-packages/turtlebot3_example/turtlebot3_position_control/main.py to main.cpython-310.pyc
[1.806s] byte-compiling /home/user/simulation_ws/install/turtlebot3_example/lib/python3.10/site-packages/turtlebot3_example/turtlebot3_patrol_server/turtlebot3_path.py to turtlebot3_path.cpython-310.pyc
[1.806s] byte-compiling /home/user/simulation_ws/install/turtlebot3_example/lib/python3.10/site-packages/turtlebot3_example/turtlebot3_patrol_server/__init__.py to __init__.cpython-310.pyc
[1.807s] byte-compiling /home/user/simulation_ws/install/turtlebot3_example/lib/python3.10/site-packages/turtlebot3_example/turtlebot3_patrol_server/main.py to main.cpython-310.pyc
[1.807s] byte-compiling /home/user/simulation_ws/install/turtlebot3_example/lib/python3.10/site-packages/turtlebot3_example/turtlebot3_patrol_server/turtlebot3_patrol_server.py to turtlebot3_patrol_server.cpython-310.pyc
[1.808s] byte-compiling /home/user/simulation_ws/install/turtlebot3_example/lib/python3.10/site-packages/turtlebot3_example/turtlebot3_obstacle_detection/turtlebot3_obstacle_detection.py to turtlebot3_obstacle_detection.cpython-310.pyc
[1.810s] byte-compiling /home/user/simulation_ws/install/turtlebot3_example/lib/python3.10/site-packages/turtlebot3_example/turtlebot3_obstacle_detection/__init__.py to __init__.cpython-310.pyc
[1.811s] byte-compiling /home/user/simulation_ws/install/turtlebot3_example/lib/python3.10/site-packages/turtlebot3_example/turtlebot3_obstacle_detection/main.py to main.cpython-310.pyc
[1.811s] byte-compiling /home/user/simulation_ws/install/turtlebot3_example/lib/python3.10/site-packages/turtlebot3_example/__init__.py to __init__.cpython-310.pyc
[1.811s] byte-compiling /home/user/simulation_ws/install/turtlebot3_example/lib/python3.10/site-packages/turtlebot3_example/turtlebot3_patrol_client/turtlebot3_patrol_client.py to turtlebot3_patrol_client.cpython-310.pyc
[1.812s] byte-compiling /home/user/simulation_ws/install/turtlebot3_example/lib/python3.10/site-packages/turtlebot3_example/turtlebot3_patrol_client/__init__.py to __init__.cpython-310.pyc
[1.812s] byte-compiling /home/user/simulation_ws/install/turtlebot3_example/lib/python3.10/site-packages/turtlebot3_example/turtlebot3_patrol_client/main.py to main.cpython-310.pyc
[1.813s] running install_data
[1.814s] creating /home/user/simulation_ws/install/turtlebot3_example/share/ament_index
[1.814s] creating /home/user/simulation_ws/install/turtlebot3_example/share/ament_index/resource_index
[1.814s] creating /home/user/simulation_ws/install/turtlebot3_example/share/ament_index/resource_index/packages
[1.814s] copying resource/turtlebot3_example -> /home/user/simulation_ws/install/turtlebot3_example/share/ament_index/resource_index/packages
[1.814s] copying package.xml -> /home/user/simulation_ws/install/turtlebot3_example/share/turtlebot3_example
[1.814s] running install_egg_info
[1.817s] Copying ../../../build/turtlebot3_example/turtlebot3_example.egg-info to /home/user/simulation_ws/install/turtlebot3_example/lib/python3.10/site-packages/turtlebot3_example-2.1.4-py3.10.egg-info
[1.818s] running install_scripts
[1.858s] Installing turtlebot3_obstacle_detection script to /home/user/simulation_ws/install/turtlebot3_example/lib/turtlebot3_example
[1.858s] Installing turtlebot3_patrol_client script to /home/user/simulation_ws/install/turtlebot3_example/lib/turtlebot3_example
[1.858s] Installing turtlebot3_patrol_server script to /home/user/simulation_ws/install/turtlebot3_example/lib/turtlebot3_example
[1.858s] Installing turtlebot3_position_control script to /home/user/simulation_ws/install/turtlebot3_example/lib/turtlebot3_example
[1.859s] writing list of installed files to '/home/user/simulation_ws/build/turtlebot3_example/install.log'
[1.906s] Invoked command in '/home/user/simulation_ws/src/turtlebot3/turtlebot3_example' returned '0': AMENT_PREFIX_PATH=/home/user/simulation_ws/install/turtlebot3_msgs:${AMENT_PREFIX_PATH} CMAKE_PREFIX_PATH=/home/user/simulation_ws/install/turtlebot3_msgs:${CMAKE_PREFIX_PATH} LD_LIBRARY_PATH=/home/user/simulation_ws/install/turtlebot3_msgs/lib:/usr/local/cuda-10.2/lib64:/home/user/.catkin_ws_python3/src/TensorRT-7.0.0.11/lib:/home/simulations/ros2_sims_ws/install/visualization_msgs/lib:/home/simulations/ros2_sims_ws/install/test_msgs/lib:/home/simulations/ros2_sims_ws/install/example_interfaces/lib:/home/simulations/ros2_sims_ws/install/action_msgs/lib:/home/simulations/ros2_sims_ws/install/unique_identifier_msgs/lib:/home/simulations/ros2_sims_ws/install/trajectory_msgs/lib:/home/simulations/ros2_sims_ws/install/stereo_msgs/lib:/home/simulations/ros2_sims_ws/install/std_srvs/lib:/home/simulations/ros2_sims_ws/install/shape_msgs/lib:/home/simulations/ros2_sims_ws/install/sensor_msgs/lib:/home/simulations/ros2_sims_ws/install/nav_msgs/lib:/home/simulations/ros2_sims_ws/install/diagnostic_msgs/lib:/home/simulations/ros2_sims_ws/install/geometry_msgs/lib:/home/simulations/ros2_sims_ws/install/actionlib_msgs/lib:/home/simulations/ros2_sims_ws/install/std_msgs/lib:/home/simulations/ros2_sims_ws/install/statistics_msgs/lib:/home/simulations/ros2_sims_ws/install/rosgraph_msgs/lib:/home/simulations/ros2_sims_ws/install/rclrs_example_msgs/lib:/home/simulations/ros2_sims_ws/install/composition_interfaces/lib:/home/simulations/ros2_sims_ws/install/rcl_interfaces/lib:/home/simulations/ros2_sims_ws/install/lifecycle_msgs/lib:/home/simulations/ros2_sims_ws/install/builtin_interfaces/lib:/opt/ros/humble/opt/rviz_ogre_vendor/lib:/opt/ros/humble/lib/x86_64-linux-gnu:/opt/ros/humble/lib:/usr/local/cuda-10.2/lib64:/home/user/.catkin_ws_python3/src/TensorRT-7.0.0.11/lib:/usr/lib/x86_64-linux-gnu/gazebo-11/plugins:/usr/lib/x86_64-linux-gnu/gazebo-11/plugins:/usr/lib/x86_64-linux-gnu/gazebo-11/plugins PYTHONPATH=/home/user/simulation_ws/build/turtlebot3_example/prefix_override:/home/user/simulation_ws/install/turtlebot3_example/lib/python3.10/site-packages:/home/user/simulation_ws/install/turtlebot3_msgs/local/lib/python3.10/dist-packages:${PYTHONPATH} _=/usr/bin/env /usr/bin/python3 setup.py egg_info --egg-base ../../../build/turtlebot3_example build --build-base /home/user/simulation_ws/build/turtlebot3_example/build install --record /home/user/simulation_ws/build/turtlebot3_example/install.log --single-version-externally-managed
