[3.131s] Invoking command in '/home/user/simulation_ws/src/turtlebot3/turtlebot3_teleop': PYTHONPATH=/home/user/simulation_ws/build/turtlebot3_teleop/prefix_override:/home/user/simulation_ws/install/turtlebot3_teleop/lib/python3.10/site-packages:${PYTHONPATH} _=/usr/bin/env /usr/bin/python3 setup.py egg_info --egg-base ../../../build/turtlebot3_teleop build --build-base /home/user/simulation_ws/build/turtlebot3_teleop/build install --record /home/user/simulation_ws/build/turtlebot3_teleop/install.log --single-version-externally-managed
[3.546s] running egg_info
[3.547s] creating ../../../build/turtlebot3_teleop/turtlebot3_teleop.egg-info
[3.548s] writing ../../../build/turtlebot3_teleop/turtlebot3_teleop.egg-info/PKG-INFO
[3.548s] writing dependency_links to ../../../build/turtlebot3_teleop/turtlebot3_teleop.egg-info/dependency_links.txt
[3.548s] writing entry points to ../../../build/turtlebot3_teleop/turtlebot3_teleop.egg-info/entry_points.txt
[3.548s] writing requirements to ../../../build/turtlebot3_teleop/turtlebot3_teleop.egg-info/requires.txt
[3.549s] writing top-level names to ../../../build/turtlebot3_teleop/turtlebot3_teleop.egg-info/top_level.txt
[3.549s] writing manifest file '../../../build/turtlebot3_teleop/turtlebot3_teleop.egg-info/SOURCES.txt'
[3.551s] reading manifest file '../../../build/turtlebot3_teleop/turtlebot3_teleop.egg-info/SOURCES.txt'
[3.552s] writing manifest file '../../../build/turtlebot3_teleop/turtlebot3_teleop.egg-info/SOURCES.txt'
[3.552s] running build
[3.552s] running build_py
[3.552s] creating /home/user/simulation_ws/build/turtlebot3_teleop/build
[3.552s] creating /home/user/simulation_ws/build/turtlebot3_teleop/build/lib
[3.553s] creating /home/user/simulation_ws/build/turtlebot3_teleop/build/lib/turtlebot3_teleop
[3.553s] copying turtlebot3_teleop/__init__.py -> /home/user/simulation_ws/build/turtlebot3_teleop/build/lib/turtlebot3_teleop
[3.553s] creating /home/user/simulation_ws/build/turtlebot3_teleop/build/lib/turtlebot3_teleop/script
[3.553s] copying turtlebot3_teleop/script/teleop_keyboard.py -> /home/user/simulation_ws/build/turtlebot3_teleop/build/lib/turtlebot3_teleop/script
[3.553s] copying turtlebot3_teleop/script/__init__.py -> /home/user/simulation_ws/build/turtlebot3_teleop/build/lib/turtlebot3_teleop/script
[3.553s] running install
[3.554s] /usr/lib/python3/dist-packages/setuptools/command/install.py:34: SetuptoolsDeprecationWarning: setup.py install is deprecated. Use build and pip and other standards-based tools.
[3.554s]   warnings.warn(
[3.557s] running install_lib
[3.557s] creating /home/user/simulation_ws/install/turtlebot3_teleop/lib/python3.10/site-packages/turtlebot3_teleop
[3.557s] creating /home/user/simulation_ws/install/turtlebot3_teleop/lib/python3.10/site-packages/turtlebot3_teleop/script
[3.557s] copying /home/user/simulation_ws/build/turtlebot3_teleop/build/lib/turtlebot3_teleop/script/teleop_keyboard.py -> /home/user/simulation_ws/install/turtlebot3_teleop/lib/python3.10/site-packages/turtlebot3_teleop/script
[3.558s] copying /home/user/simulation_ws/build/turtlebot3_teleop/build/lib/turtlebot3_teleop/script/__init__.py -> /home/user/simulation_ws/install/turtlebot3_teleop/lib/python3.10/site-packages/turtlebot3_teleop/script
[3.558s] copying /home/user/simulation_ws/build/turtlebot3_teleop/build/lib/turtlebot3_teleop/__init__.py -> /home/user/simulation_ws/install/turtlebot3_teleop/lib/python3.10/site-packages/turtlebot3_teleop
[3.558s] byte-compiling /home/user/simulation_ws/install/turtlebot3_teleop/lib/python3.10/site-packages/turtlebot3_teleop/script/teleop_keyboard.py to teleop_keyboard.cpython-310.pyc
[3.561s] byte-compiling /home/user/simulation_ws/install/turtlebot3_teleop/lib/python3.10/site-packages/turtlebot3_teleop/script/__init__.py to __init__.cpython-310.pyc
[3.562s] byte-compiling /home/user/simulation_ws/install/turtlebot3_teleop/lib/python3.10/site-packages/turtlebot3_teleop/__init__.py to __init__.cpython-310.pyc
[3.562s] running install_data
[3.562s] creating /home/user/simulation_ws/install/turtlebot3_teleop/share/ament_index
[3.562s] creating /home/user/simulation_ws/install/turtlebot3_teleop/share/ament_index/resource_index
[3.562s] creating /home/user/simulation_ws/install/turtlebot3_teleop/share/ament_index/resource_index/packages
[3.563s] copying resource/turtlebot3_teleop -> /home/user/simulation_ws/install/turtlebot3_teleop/share/ament_index/resource_index/packages
[3.563s] copying package.xml -> /home/user/simulation_ws/install/turtlebot3_teleop/share/turtlebot3_teleop
[3.563s] running install_egg_info
[3.568s] Copying ../../../build/turtlebot3_teleop/turtlebot3_teleop.egg-info to /home/user/simulation_ws/install/turtlebot3_teleop/lib/python3.10/site-packages/turtlebot3_teleop-2.1.4-py3.10.egg-info
[3.568s] running install_scripts
[3.603s] Installing teleop_keyboard script to /home/user/simulation_ws/install/turtlebot3_teleop/lib/turtlebot3_teleop
[3.603s] writing list of installed files to '/home/user/simulation_ws/build/turtlebot3_teleop/install.log'
[3.637s] Invoked command in '/home/user/simulation_ws/src/turtlebot3/turtlebot3_teleop' returned '0': PYTHONPATH=/home/user/simulation_ws/build/turtlebot3_teleop/prefix_override:/home/user/simulation_ws/install/turtlebot3_teleop/lib/python3.10/site-packages:${PYTHONPATH} _=/usr/bin/env /usr/bin/python3 setup.py egg_info --egg-base ../../../build/turtlebot3_teleop build --build-base /home/user/simulation_ws/build/turtlebot3_teleop/build install --record /home/user/simulation_ws/build/turtlebot3_teleop/install.log --single-version-externally-managed
