[0.102s] Invoking command in '/home/user/simulation_ws/build/turtlebot3_description': CMAKE_PREFIX_PATH=${CMAKE_PREFIX_PATH}:/home/simulations/ros2_sims_ws/install/rclrs_tests:/home/simulations/ros2_sims_ws/install/examples_rclrs_minimal_client_service:/home/simulations/ros2_sims_ws/install/sensor_msgs_py:/home/simulations/ros2_sims_ws/install/examples_rclrs_minimal_pub_sub:/home/simulations/ros2_sims_ws/install/examples_rclrs_message_demo:/home/simulations/ros2_sims_ws/install/rclrs:/home/simulations/ros2_sims_ws/install/rosidl_runtime_rs:/opt/ros/humble _=/usr/bin/env /usr/bin/cmake --build /home/user/simulation_ws/build/turtlebot3_description -- -j8 -l8
[1.392s] Invoked command in '/home/user/simulation_ws/build/turtlebot3_description' returned '0': CMAKE_PREFIX_PATH=${CMAKE_PREFIX_PATH}:/home/simulations/ros2_sims_ws/install/rclrs_tests:/home/simulations/ros2_sims_ws/install/examples_rclrs_minimal_client_service:/home/simulations/ros2_sims_ws/install/sensor_msgs_py:/home/simulations/ros2_sims_ws/install/examples_rclrs_minimal_pub_sub:/home/simulations/ros2_sims_ws/install/examples_rclrs_message_demo:/home/simulations/ros2_sims_ws/install/rclrs:/home/simulations/ros2_sims_ws/install/rosidl_runtime_rs:/opt/ros/humble _=/usr/bin/env /usr/bin/cmake --build /home/user/simulation_ws/build/turtlebot3_description -- -j8 -l8
[1.734s] Invoking command in '/home/user/simulation_ws/build/turtlebot3_description': CMAKE_PREFIX_PATH=${CMAKE_PREFIX_PATH}:/home/simulations/ros2_sims_ws/install/rclrs_tests:/home/simulations/ros2_sims_ws/install/examples_rclrs_minimal_client_service:/home/simulations/ros2_sims_ws/install/sensor_msgs_py:/home/simulations/ros2_sims_ws/install/examples_rclrs_minimal_pub_sub:/home/simulations/ros2_sims_ws/install/examples_rclrs_message_demo:/home/simulations/ros2_sims_ws/install/rclrs:/home/simulations/ros2_sims_ws/install/rosidl_runtime_rs:/opt/ros/humble _=/usr/bin/env /usr/bin/cmake --install /home/user/simulation_ws/build/turtlebot3_description
[1.751s] -- Install configuration: ""
[1.751s] -- Up-to-date: /home/user/simulation_ws/install/turtlebot3_description/share/turtlebot3_description/meshes
[1.751s] -- Up-to-date: /home/user/simulation_ws/install/turtlebot3_description/share/turtlebot3_description/meshes/sensors
[1.752s] -- Up-to-date: /home/user/simulation_ws/install/turtlebot3_description/share/turtlebot3_description/meshes/sensors/r200.jpg
[1.753s] -- Up-to-date: /home/user/simulation_ws/install/turtlebot3_description/share/turtlebot3_description/meshes/sensors/r200.dae
[1.753s] -- Up-to-date: /home/user/simulation_ws/install/turtlebot3_description/share/turtlebot3_description/meshes/sensors/astra.jpg
[1.753s] -- Up-to-date: /home/user/simulation_ws/install/turtlebot3_description/share/turtlebot3_description/meshes/sensors/astra.dae
[1.753s] -- Up-to-date: /home/user/simulation_ws/install/turtlebot3_description/share/turtlebot3_description/meshes/sensors/lds.stl
[1.754s] -- Up-to-date: /home/user/simulation_ws/install/turtlebot3_description/share/turtlebot3_description/meshes/wheels
[1.754s] -- Up-to-date: /home/user/simulation_ws/install/turtlebot3_description/share/turtlebot3_description/meshes/wheels/right_tire.stl
[1.754s] -- Up-to-date: /home/user/simulation_ws/install/turtlebot3_description/share/turtlebot3_description/meshes/wheels/left_tire.stl
[1.754s] -- Up-to-date: /home/user/simulation_ws/install/turtlebot3_description/share/turtlebot3_description/meshes/bases
[1.754s] -- Up-to-date: /home/user/simulation_ws/install/turtlebot3_description/share/turtlebot3_description/meshes/bases/waffle_base.stl
[1.755s] -- Up-to-date: /home/user/simulation_ws/install/turtlebot3_description/share/turtlebot3_description/meshes/bases/burger_base.stl
[1.755s] -- Up-to-date: /home/user/simulation_ws/install/turtlebot3_description/share/turtlebot3_description/meshes/bases/waffle_pi_base.stl
[1.755s] -- Up-to-date: /home/user/simulation_ws/install/turtlebot3_description/share/turtlebot3_description/rviz
[1.755s] -- Up-to-date: /home/user/simulation_ws/install/turtlebot3_description/share/turtlebot3_description/rviz/model.rviz
[1.755s] -- Up-to-date: /home/user/simulation_ws/install/turtlebot3_description/share/turtlebot3_description/urdf
[1.755s] -- Up-to-date: /home/user/simulation_ws/install/turtlebot3_description/share/turtlebot3_description/urdf/turtlebot3_waffle.urdf
[1.755s] -- Up-to-date: /home/user/simulation_ws/install/turtlebot3_description/share/turtlebot3_description/urdf/turtlebot3_waffle_pi.urdf
[1.756s] -- Up-to-date: /home/user/simulation_ws/install/turtlebot3_description/share/turtlebot3_description/urdf/common_properties.urdf
[1.756s] -- Up-to-date: /home/user/simulation_ws/install/turtlebot3_description/share/turtlebot3_description/urdf/turtlebot3_burger.urdf
[1.756s] -- Up-to-date: /home/user/simulation_ws/install/turtlebot3_description/share/ament_index/resource_index/package_run_dependencies/turtlebot3_description
[1.756s] -- Up-to-date: /home/user/simulation_ws/install/turtlebot3_description/share/ament_index/resource_index/parent_prefix_path/turtlebot3_description
[1.756s] -- Up-to-date: /home/user/simulation_ws/install/turtlebot3_description/share/turtlebot3_description/environment/ament_prefix_path.sh
[1.756s] -- Up-to-date: /home/user/simulation_ws/install/turtlebot3_description/share/turtlebot3_description/environment/ament_prefix_path.dsv
[1.756s] -- Up-to-date: /home/user/simulation_ws/install/turtlebot3_description/share/turtlebot3_description/environment/path.sh
[1.757s] -- Up-to-date: /home/user/simulation_ws/install/turtlebot3_description/share/turtlebot3_description/environment/path.dsv
[1.757s] -- Up-to-date: /home/user/simulation_ws/install/turtlebot3_description/share/turtlebot3_description/local_setup.bash
[1.757s] -- Up-to-date: /home/user/simulation_ws/install/turtlebot3_description/share/turtlebot3_description/local_setup.sh
[1.757s] -- Up-to-date: /home/user/simulation_ws/install/turtlebot3_description/share/turtlebot3_description/local_setup.zsh
[1.757s] -- Up-to-date: /home/user/simulation_ws/install/turtlebot3_description/share/turtlebot3_description/local_setup.dsv
[1.757s] -- Installing: /home/user/simulation_ws/install/turtlebot3_description/share/turtlebot3_description/package.dsv
[1.758s] -- Up-to-date: /home/user/simulation_ws/install/turtlebot3_description/share/ament_index/resource_index/packages/turtlebot3_description
[1.758s] -- Up-to-date: /home/user/simulation_ws/install/turtlebot3_description/share/turtlebot3_description/cmake/turtlebot3_descriptionConfig.cmake
[1.758s] -- Up-to-date: /home/user/simulation_ws/install/turtlebot3_description/share/turtlebot3_description/cmake/turtlebot3_descriptionConfig-version.cmake
[1.758s] -- Up-to-date: /home/user/simulation_ws/install/turtlebot3_description/share/turtlebot3_description/package.xml
[1.771s] Invoked command in '/home/user/simulation_ws/build/turtlebot3_description' returned '0': CMAKE_PREFIX_PATH=${CMAKE_PREFIX_PATH}:/home/simulations/ros2_sims_ws/install/rclrs_tests:/home/simulations/ros2_sims_ws/install/examples_rclrs_minimal_client_service:/home/simulations/ros2_sims_ws/install/sensor_msgs_py:/home/simulations/ros2_sims_ws/install/examples_rclrs_minimal_pub_sub:/home/simulations/ros2_sims_ws/install/examples_rclrs_message_demo:/home/simulations/ros2_sims_ws/install/rclrs:/home/simulations/ros2_sims_ws/install/rosidl_runtime_rs:/opt/ros/humble _=/usr/bin/env /usr/bin/cmake --install /home/user/simulation_ws/build/turtlebot3_description
