[0.142s] Invoking command in '/home/user/simulation_ws/build/turtlebot3_msgs': CMAKE_PREFIX_PATH=${CMAKE_PREFIX_PATH}:/home/user/simulation_ws/install/turtlebot3_teleop:/home/user/simulation_ws/install/turtlebot3_example:/home/simulations/ros2_sims_ws/install/rclrs_tests:/home/simulations/ros2_sims_ws/install/examples_rclrs_minimal_client_service:/home/simulations/ros2_sims_ws/install/sensor_msgs_py:/home/simulations/ros2_sims_ws/install/examples_rclrs_minimal_pub_sub:/home/simulations/ros2_sims_ws/install/examples_rclrs_message_demo:/home/simulations/ros2_sims_ws/install/rclrs:/home/simulations/ros2_sims_ws/install/rosidl_runtime_rs:/opt/ros/humble _=/usr/bin/env /usr/bin/cmake --build /home/user/simulation_ws/build/turtlebot3_msgs -- -j8 -l8
[0.408s] [  1%] [34m[1mGenerating Rust code for ROS interfaces[0m
[2.603s] [  1%] Built target turtlebot3_msgs__rs
[2.775s] [  1%] Built target ament_cmake_python_copy_turtlebot3_msgs
[2.889s] [  2%] Built target turtlebot3_msgs__cpp
[3.515s] running egg_info
[3.517s] writing turtlebot3_msgs.egg-info/PKG-INFO
[3.517s] writing dependency_links to turtlebot3_msgs.egg-info/dependency_links.txt
[3.518s] writing top-level names to turtlebot3_msgs.egg-info/top_level.txt
[3.522s] reading manifest file 'turtlebot3_msgs.egg-info/SOURCES.txt'
[3.523s] writing manifest file 'turtlebot3_msgs.egg-info/SOURCES.txt'
[3.574s] [  2%] Built target ament_cmake_python_build_turtlebot3_msgs_egg
[3.601s] [35m[1mConsolidate compiler generated dependencies of target turtlebot3_msgs__rosidl_typesupport_cpp[0m
[3.638s] [ 13%] Built target turtlebot3_msgs__rosidl_typesupport_cpp
[3.665s] [35m[1mConsolidate compiler generated dependencies of target turtlebot3_msgs__rosidl_typesupport_introspection_cpp[0m
[3.701s] [ 25%] Built target turtlebot3_msgs__rosidl_typesupport_introspection_cpp
[3.732s] [35m[1mConsolidate compiler generated dependencies of target turtlebot3_msgs__rosidl_typesupport_fastrtps_cpp[0m
[3.777s] [ 36%] Built target turtlebot3_msgs__rosidl_typesupport_fastrtps_cpp
[3.810s] [35m[1mConsolidate compiler generated dependencies of target turtlebot3_msgs__rosidl_generator_c[0m
[3.850s] [ 47%] Built target turtlebot3_msgs__rosidl_generator_c
[3.878s] [35m[1mConsolidate compiler generated dependencies of target turtlebot3_msgs__rosidl_typesupport_fastrtps_c[0m
[3.915s] [ 58%] Built target turtlebot3_msgs__rosidl_typesupport_fastrtps_c
[3.940s] [35m[1mConsolidate compiler generated dependencies of target turtlebot3_msgs__rosidl_typesupport_c[0m
[3.968s] [ 69%] Built target turtlebot3_msgs__rosidl_typesupport_c
[3.994s] [35m[1mConsolidate compiler generated dependencies of target turtlebot3_msgs__rosidl_typesupport_introspection_c[0m
[4.026s] [ 80%] Built target turtlebot3_msgs__rosidl_typesupport_introspection_c
[4.072s] [ 80%] Built target turtlebot3_msgs
[4.119s] [ 81%] Built target turtlebot3_msgs__py
[4.148s] [35m[1mConsolidate compiler generated dependencies of target turtlebot3_msgs__rosidl_generator_py[0m
[4.182s] [ 91%] Built target turtlebot3_msgs__rosidl_generator_py
[4.206s] [35m[1mConsolidate compiler generated dependencies of target turtlebot3_msgs__rosidl_typesupport_fastrtps_c__pyext[0m
[4.243s] [ 94%] Built target turtlebot3_msgs__rosidl_typesupport_fastrtps_c__pyext
[4.265s] [35m[1mConsolidate compiler generated dependencies of target turtlebot3_msgs__rosidl_typesupport_c__pyext[0m
[4.295s] [ 97%] Built target turtlebot3_msgs__rosidl_typesupport_c__pyext
[4.323s] [35m[1mConsolidate compiler generated dependencies of target turtlebot3_msgs__rosidl_typesupport_introspection_c__pyext[0m
[4.350s] [100%] Built target turtlebot3_msgs__rosidl_typesupport_introspection_c__pyext
[4.374s] Invoked command in '/home/user/simulation_ws/build/turtlebot3_msgs' returned '0': CMAKE_PREFIX_PATH=${CMAKE_PREFIX_PATH}:/home/user/simulation_ws/install/turtlebot3_teleop:/home/user/simulation_ws/install/turtlebot3_example:/home/simulations/ros2_sims_ws/install/rclrs_tests:/home/simulations/ros2_sims_ws/install/examples_rclrs_minimal_client_service:/home/simulations/ros2_sims_ws/install/sensor_msgs_py:/home/simulations/ros2_sims_ws/install/examples_rclrs_minimal_pub_sub:/home/simulations/ros2_sims_ws/install/examples_rclrs_message_demo:/home/simulations/ros2_sims_ws/install/rclrs:/home/simulations/ros2_sims_ws/install/rosidl_runtime_rs:/opt/ros/humble _=/usr/bin/env /usr/bin/cmake --build /home/user/simulation_ws/build/turtlebot3_msgs -- -j8 -l8
[5.084s] Invoking command in '/home/user/simulation_ws/build/turtlebot3_msgs': CMAKE_PREFIX_PATH=${CMAKE_PREFIX_PATH}:/home/user/simulation_ws/install/turtlebot3_teleop:/home/user/simulation_ws/install/turtlebot3_example:/home/simulations/ros2_sims_ws/install/rclrs_tests:/home/simulations/ros2_sims_ws/install/examples_rclrs_minimal_client_service:/home/simulations/ros2_sims_ws/install/sensor_msgs_py:/home/simulations/ros2_sims_ws/install/examples_rclrs_minimal_pub_sub:/home/simulations/ros2_sims_ws/install/examples_rclrs_message_demo:/home/simulations/ros2_sims_ws/install/rclrs:/home/simulations/ros2_sims_ws/install/rosidl_runtime_rs:/opt/ros/humble _=/usr/bin/env /usr/bin/cmake --install /home/user/simulation_ws/build/turtlebot3_msgs
[5.105s] -- Install configuration: ""
[5.106s] -- Up-to-date: /home/user/simulation_ws/install/turtlebot3_msgs/share/ament_index/resource_index/rosidl_interfaces/turtlebot3_msgs
[5.106s] -- Up-to-date: /home/user/simulation_ws/install/turtlebot3_msgs/include/turtlebot3_msgs/turtlebot3_msgs
[5.106s] -- Up-to-date: /home/user/simulation_ws/install/turtlebot3_msgs/include/turtlebot3_msgs/turtlebot3_msgs/srv
[5.107s] -- Up-to-date: /home/user/simulation_ws/install/turtlebot3_msgs/include/turtlebot3_msgs/turtlebot3_msgs/srv/detail
[5.107s] -- Up-to-date: /home/user/simulation_ws/install/turtlebot3_msgs/include/turtlebot3_msgs/turtlebot3_msgs/srv/detail/dqn__functions.h
[5.107s] -- Up-to-date: /home/user/simulation_ws/install/turtlebot3_msgs/include/turtlebot3_msgs/turtlebot3_msgs/srv/detail/sound__functions.c
[5.107s] -- Up-to-date: /home/user/simulation_ws/install/turtlebot3_msgs/include/turtlebot3_msgs/turtlebot3_msgs/srv/detail/sound__struct.h
[5.107s] -- Up-to-date: /home/user/simulation_ws/install/turtlebot3_msgs/include/turtlebot3_msgs/turtlebot3_msgs/srv/detail/sound__functions.h
[5.107s] -- Up-to-date: /home/user/simulation_ws/install/turtlebot3_msgs/include/turtlebot3_msgs/turtlebot3_msgs/srv/detail/dqn__type_support.h
[5.108s] -- Up-to-date: /home/user/simulation_ws/install/turtlebot3_msgs/include/turtlebot3_msgs/turtlebot3_msgs/srv/detail/dqn__struct.h
[5.108s] -- Up-to-date: /home/user/simulation_ws/install/turtlebot3_msgs/include/turtlebot3_msgs/turtlebot3_msgs/srv/detail/dqn__functions.c
[5.108s] -- Up-to-date: /home/user/simulation_ws/install/turtlebot3_msgs/include/turtlebot3_msgs/turtlebot3_msgs/srv/detail/sound__type_support.h
[5.109s] -- Up-to-date: /home/user/simulation_ws/install/turtlebot3_msgs/include/turtlebot3_msgs/turtlebot3_msgs/srv/sound.h
[5.109s] -- Up-to-date: /home/user/simulation_ws/install/turtlebot3_msgs/include/turtlebot3_msgs/turtlebot3_msgs/srv/dqn.h
[5.109s] -- Up-to-date: /home/user/simulation_ws/install/turtlebot3_msgs/include/turtlebot3_msgs/turtlebot3_msgs/msg
[5.109s] -- Up-to-date: /home/user/simulation_ws/install/turtlebot3_msgs/include/turtlebot3_msgs/turtlebot3_msgs/msg/detail
[5.109s] -- Up-to-date: /home/user/simulation_ws/install/turtlebot3_msgs/include/turtlebot3_msgs/turtlebot3_msgs/msg/detail/version_info__functions.h
[5.110s] -- Up-to-date: /home/user/simulation_ws/install/turtlebot3_msgs/include/turtlebot3_msgs/turtlebot3_msgs/msg/detail/version_info__type_support.h
[5.110s] -- Up-to-date: /home/user/simulation_ws/install/turtlebot3_msgs/include/turtlebot3_msgs/turtlebot3_msgs/msg/detail/sensor_state__functions.c
[5.110s] -- Up-to-date: /home/user/simulation_ws/install/turtlebot3_msgs/include/turtlebot3_msgs/turtlebot3_msgs/msg/detail/sound__functions.c
[5.110s] -- Up-to-date: /home/user/simulation_ws/install/turtlebot3_msgs/include/turtlebot3_msgs/turtlebot3_msgs/msg/detail/sound__struct.h
[5.111s] -- Up-to-date: /home/user/simulation_ws/install/turtlebot3_msgs/include/turtlebot3_msgs/turtlebot3_msgs/msg/detail/sound__functions.h
[5.111s] -- Up-to-date: /home/user/simulation_ws/install/turtlebot3_msgs/include/turtlebot3_msgs/turtlebot3_msgs/msg/detail/version_info__functions.c
[5.111s] -- Up-to-date: /home/user/simulation_ws/install/turtlebot3_msgs/include/turtlebot3_msgs/turtlebot3_msgs/msg/detail/sensor_state__functions.h
[5.112s] -- Up-to-date: /home/user/simulation_ws/install/turtlebot3_msgs/include/turtlebot3_msgs/turtlebot3_msgs/msg/detail/sensor_state__type_support.h
[5.112s] -- Up-to-date: /home/user/simulation_ws/install/turtlebot3_msgs/include/turtlebot3_msgs/turtlebot3_msgs/msg/detail/sensor_state__struct.h
[5.112s] -- Up-to-date: /home/user/simulation_ws/install/turtlebot3_msgs/include/turtlebot3_msgs/turtlebot3_msgs/msg/detail/version_info__struct.h
[5.112s] -- Up-to-date: /home/user/simulation_ws/install/turtlebot3_msgs/include/turtlebot3_msgs/turtlebot3_msgs/msg/detail/sound__type_support.h
[5.113s] -- Up-to-date: /home/user/simulation_ws/install/turtlebot3_msgs/include/turtlebot3_msgs/turtlebot3_msgs/msg/rosidl_generator_c__visibility_control.h
[5.113s] -- Up-to-date: /home/user/simulation_ws/install/turtlebot3_msgs/include/turtlebot3_msgs/turtlebot3_msgs/msg/sound.h
[5.113s] -- Up-to-date: /home/user/simulation_ws/install/turtlebot3_msgs/include/turtlebot3_msgs/turtlebot3_msgs/msg/sensor_state.h
[5.114s] -- Up-to-date: /home/user/simulation_ws/install/turtlebot3_msgs/include/turtlebot3_msgs/turtlebot3_msgs/msg/version_info.h
[5.114s] -- Up-to-date: /home/user/simulation_ws/install/turtlebot3_msgs/include/turtlebot3_msgs/turtlebot3_msgs/action
[5.114s] -- Up-to-date: /home/user/simulation_ws/install/turtlebot3_msgs/include/turtlebot3_msgs/turtlebot3_msgs/action/detail
[5.114s] -- Up-to-date: /home/user/simulation_ws/install/turtlebot3_msgs/include/turtlebot3_msgs/turtlebot3_msgs/action/detail/patrol__functions.h
[5.114s] -- Up-to-date: /home/user/simulation_ws/install/turtlebot3_msgs/include/turtlebot3_msgs/turtlebot3_msgs/action/detail/patrol__functions.c
[5.115s] -- Up-to-date: /home/user/simulation_ws/install/turtlebot3_msgs/include/turtlebot3_msgs/turtlebot3_msgs/action/detail/patrol__struct.h
[5.115s] -- Up-to-date: /home/user/simulation_ws/install/turtlebot3_msgs/include/turtlebot3_msgs/turtlebot3_msgs/action/detail/patrol__type_support.h
[5.115s] -- Up-to-date: /home/user/simulation_ws/install/turtlebot3_msgs/include/turtlebot3_msgs/turtlebot3_msgs/action/patrol.h
[5.116s] -- Up-to-date: /home/user/simulation_ws/install/turtlebot3_msgs/share/turtlebot3_msgs/environment/library_path.sh
[5.116s] -- Up-to-date: /home/user/simulation_ws/install/turtlebot3_msgs/share/turtlebot3_msgs/environment/library_path.dsv
[5.116s] -- Up-to-date: /home/user/simulation_ws/install/turtlebot3_msgs/lib/libturtlebot3_msgs__rosidl_generator_c.so
[5.116s] -- Up-to-date: /home/user/simulation_ws/install/turtlebot3_msgs/include/turtlebot3_msgs/turtlebot3_msgs
[5.116s] -- Up-to-date: /home/user/simulation_ws/install/turtlebot3_msgs/include/turtlebot3_msgs/turtlebot3_msgs/srv
[5.116s] -- Up-to-date: /home/user/simulation_ws/install/turtlebot3_msgs/include/turtlebot3_msgs/turtlebot3_msgs/srv/detail
[5.116s] -- Up-to-date: /home/user/simulation_ws/install/turtlebot3_msgs/include/turtlebot3_msgs/turtlebot3_msgs/srv/detail/sound__rosidl_typesupport_fastrtps_c.h
[5.117s] -- Up-to-date: /home/user/simulation_ws/install/turtlebot3_msgs/include/turtlebot3_msgs/turtlebot3_msgs/srv/detail/dqn__rosidl_typesupport_fastrtps_c.h
[5.117s] -- Up-to-date: /home/user/simulation_ws/install/turtlebot3_msgs/include/turtlebot3_msgs/turtlebot3_msgs/msg
[5.117s] -- Up-to-date: /home/user/simulation_ws/install/turtlebot3_msgs/include/turtlebot3_msgs/turtlebot3_msgs/msg/detail
[5.117s] -- Up-to-date: /home/user/simulation_ws/install/turtlebot3_msgs/include/turtlebot3_msgs/turtlebot3_msgs/msg/detail/version_info__rosidl_typesupport_fastrtps_c.h
[5.117s] -- Up-to-date: /home/user/simulation_ws/install/turtlebot3_msgs/include/turtlebot3_msgs/turtlebot3_msgs/msg/detail/sound__rosidl_typesupport_fastrtps_c.h
[5.117s] -- Up-to-date: /home/user/simulation_ws/install/turtlebot3_msgs/include/turtlebot3_msgs/turtlebot3_msgs/msg/detail/sensor_state__rosidl_typesupport_fastrtps_c.h
[5.118s] -- Up-to-date: /home/user/simulation_ws/install/turtlebot3_msgs/include/turtlebot3_msgs/turtlebot3_msgs/msg/rosidl_typesupport_fastrtps_c__visibility_control.h
[5.118s] -- Up-to-date: /home/user/simulation_ws/install/turtlebot3_msgs/include/turtlebot3_msgs/turtlebot3_msgs/action
[5.118s] -- Up-to-date: /home/user/simulation_ws/install/turtlebot3_msgs/include/turtlebot3_msgs/turtlebot3_msgs/action/detail
[5.119s] -- Up-to-date: /home/user/simulation_ws/install/turtlebot3_msgs/include/turtlebot3_msgs/turtlebot3_msgs/action/detail/patrol__rosidl_typesupport_fastrtps_c.h
[5.120s] -- Up-to-date: /home/user/simulation_ws/install/turtlebot3_msgs/lib/libturtlebot3_msgs__rosidl_typesupport_fastrtps_c.so
[5.120s] -- Up-to-date: /home/user/simulation_ws/install/turtlebot3_msgs/include/turtlebot3_msgs/turtlebot3_msgs
[5.121s] -- Up-to-date: /home/user/simulation_ws/install/turtlebot3_msgs/include/turtlebot3_msgs/turtlebot3_msgs/srv
[5.121s] -- Up-to-date: /home/user/simulation_ws/install/turtlebot3_msgs/include/turtlebot3_msgs/turtlebot3_msgs/srv/detail
[5.121s] -- Up-to-date: /home/user/simulation_ws/install/turtlebot3_msgs/include/turtlebot3_msgs/turtlebot3_msgs/srv/detail/sound__traits.hpp
[5.121s] -- Up-to-date: /home/user/simulation_ws/install/turtlebot3_msgs/include/turtlebot3_msgs/turtlebot3_msgs/srv/detail/dqn__traits.hpp
[5.121s] -- Up-to-date: /home/user/simulation_ws/install/turtlebot3_msgs/include/turtlebot3_msgs/turtlebot3_msgs/srv/detail/dqn__struct.hpp
[5.121s] -- Up-to-date: /home/user/simulation_ws/install/turtlebot3_msgs/include/turtlebot3_msgs/turtlebot3_msgs/srv/detail/dqn__builder.hpp
[5.122s] -- Up-to-date: /home/user/simulation_ws/install/turtlebot3_msgs/include/turtlebot3_msgs/turtlebot3_msgs/srv/detail/sound__struct.hpp
[5.122s] -- Up-to-date: /home/user/simulation_ws/install/turtlebot3_msgs/include/turtlebot3_msgs/turtlebot3_msgs/srv/detail/sound__builder.hpp
[5.122s] -- Up-to-date: /home/user/simulation_ws/install/turtlebot3_msgs/include/turtlebot3_msgs/turtlebot3_msgs/srv/dqn.hpp
[5.122s] -- Up-to-date: /home/user/simulation_ws/install/turtlebot3_msgs/include/turtlebot3_msgs/turtlebot3_msgs/srv/sound.hpp
[5.122s] -- Up-to-date: /home/user/simulation_ws/install/turtlebot3_msgs/include/turtlebot3_msgs/turtlebot3_msgs/msg
[5.122s] -- Up-to-date: /home/user/simulation_ws/install/turtlebot3_msgs/include/turtlebot3_msgs/turtlebot3_msgs/msg/detail
[5.122s] -- Up-to-date: /home/user/simulation_ws/install/turtlebot3_msgs/include/turtlebot3_msgs/turtlebot3_msgs/msg/detail/sensor_state__traits.hpp
[5.122s] -- Up-to-date: /home/user/simulation_ws/install/turtlebot3_msgs/include/turtlebot3_msgs/turtlebot3_msgs/msg/detail/sound__traits.hpp
[5.123s] -- Up-to-date: /home/user/simulation_ws/install/turtlebot3_msgs/include/turtlebot3_msgs/turtlebot3_msgs/msg/detail/version_info__traits.hpp
[5.123s] -- Up-to-date: /home/user/simulation_ws/install/turtlebot3_msgs/include/turtlebot3_msgs/turtlebot3_msgs/msg/detail/version_info__builder.hpp
[5.123s] -- Up-to-date: /home/user/simulation_ws/install/turtlebot3_msgs/include/turtlebot3_msgs/turtlebot3_msgs/msg/detail/sensor_state__struct.hpp
[5.123s] -- Up-to-date: /home/user/simulation_ws/install/turtlebot3_msgs/include/turtlebot3_msgs/turtlebot3_msgs/msg/detail/sensor_state__builder.hpp
[5.123s] -- Up-to-date: /home/user/simulation_ws/install/turtlebot3_msgs/include/turtlebot3_msgs/turtlebot3_msgs/msg/detail/sound__struct.hpp
[5.124s] -- Up-to-date: /home/user/simulation_ws/install/turtlebot3_msgs/include/turtlebot3_msgs/turtlebot3_msgs/msg/detail/sound__builder.hpp
[5.124s] -- Up-to-date: /home/user/simulation_ws/install/turtlebot3_msgs/include/turtlebot3_msgs/turtlebot3_msgs/msg/detail/version_info__struct.hpp
[5.124s] -- Up-to-date: /home/user/simulation_ws/install/turtlebot3_msgs/include/turtlebot3_msgs/turtlebot3_msgs/msg/version_info.hpp
[5.124s] -- Up-to-date: /home/user/simulation_ws/install/turtlebot3_msgs/include/turtlebot3_msgs/turtlebot3_msgs/msg/sensor_state.hpp
[5.124s] -- Up-to-date: /home/user/simulation_ws/install/turtlebot3_msgs/include/turtlebot3_msgs/turtlebot3_msgs/msg/sound.hpp
[5.124s] -- Up-to-date: /home/user/simulation_ws/install/turtlebot3_msgs/include/turtlebot3_msgs/turtlebot3_msgs/action
[5.124s] -- Up-to-date: /home/user/simulation_ws/install/turtlebot3_msgs/include/turtlebot3_msgs/turtlebot3_msgs/action/detail
[5.124s] -- Up-to-date: /home/user/simulation_ws/install/turtlebot3_msgs/include/turtlebot3_msgs/turtlebot3_msgs/action/detail/patrol__traits.hpp
[5.125s] -- Up-to-date: /home/user/simulation_ws/install/turtlebot3_msgs/include/turtlebot3_msgs/turtlebot3_msgs/action/detail/patrol__builder.hpp
[5.125s] -- Up-to-date: /home/user/simulation_ws/install/turtlebot3_msgs/include/turtlebot3_msgs/turtlebot3_msgs/action/detail/patrol__struct.hpp
[5.125s] -- Up-to-date: /home/user/simulation_ws/install/turtlebot3_msgs/include/turtlebot3_msgs/turtlebot3_msgs/action/patrol.hpp
[5.125s] -- Up-to-date: /home/user/simulation_ws/install/turtlebot3_msgs/include/turtlebot3_msgs/turtlebot3_msgs
[5.125s] -- Up-to-date: /home/user/simulation_ws/install/turtlebot3_msgs/include/turtlebot3_msgs/turtlebot3_msgs/srv
[5.125s] -- Up-to-date: /home/user/simulation_ws/install/turtlebot3_msgs/include/turtlebot3_msgs/turtlebot3_msgs/srv/detail
[5.125s] -- Up-to-date: /home/user/simulation_ws/install/turtlebot3_msgs/include/turtlebot3_msgs/turtlebot3_msgs/srv/detail/dqn__rosidl_typesupport_fastrtps_cpp.hpp
[5.125s] -- Up-to-date: /home/user/simulation_ws/install/turtlebot3_msgs/include/turtlebot3_msgs/turtlebot3_msgs/srv/detail/sound__rosidl_typesupport_fastrtps_cpp.hpp
[5.126s] -- Up-to-date: /home/user/simulation_ws/install/turtlebot3_msgs/include/turtlebot3_msgs/turtlebot3_msgs/srv/detail/dds_fastrtps
[5.126s] -- Up-to-date: /home/user/simulation_ws/install/turtlebot3_msgs/include/turtlebot3_msgs/turtlebot3_msgs/msg
[5.126s] -- Up-to-date: /home/user/simulation_ws/install/turtlebot3_msgs/include/turtlebot3_msgs/turtlebot3_msgs/msg/detail
[5.126s] -- Up-to-date: /home/user/simulation_ws/install/turtlebot3_msgs/include/turtlebot3_msgs/turtlebot3_msgs/msg/detail/sensor_state__rosidl_typesupport_fastrtps_cpp.hpp
[5.126s] -- Up-to-date: /home/user/simulation_ws/install/turtlebot3_msgs/include/turtlebot3_msgs/turtlebot3_msgs/msg/detail/sound__rosidl_typesupport_fastrtps_cpp.hpp
[5.126s] -- Up-to-date: /home/user/simulation_ws/install/turtlebot3_msgs/include/turtlebot3_msgs/turtlebot3_msgs/msg/detail/dds_fastrtps
[5.126s] -- Up-to-date: /home/user/simulation_ws/install/turtlebot3_msgs/include/turtlebot3_msgs/turtlebot3_msgs/msg/detail/version_info__rosidl_typesupport_fastrtps_cpp.hpp
[5.127s] -- Up-to-date: /home/user/simulation_ws/install/turtlebot3_msgs/include/turtlebot3_msgs/turtlebot3_msgs/msg/rosidl_typesupport_fastrtps_cpp__visibility_control.h
[5.127s] -- Up-to-date: /home/user/simulation_ws/install/turtlebot3_msgs/include/turtlebot3_msgs/turtlebot3_msgs/action
[5.127s] -- Up-to-date: /home/user/simulation_ws/install/turtlebot3_msgs/include/turtlebot3_msgs/turtlebot3_msgs/action/detail
[5.127s] -- Up-to-date: /home/user/simulation_ws/install/turtlebot3_msgs/include/turtlebot3_msgs/turtlebot3_msgs/action/detail/dds_fastrtps
[5.127s] -- Up-to-date: /home/user/simulation_ws/install/turtlebot3_msgs/include/turtlebot3_msgs/turtlebot3_msgs/action/detail/patrol__rosidl_typesupport_fastrtps_cpp.hpp
[5.127s] -- Up-to-date: /home/user/simulation_ws/install/turtlebot3_msgs/lib/libturtlebot3_msgs__rosidl_typesupport_fastrtps_cpp.so
[5.127s] -- Up-to-date: /home/user/simulation_ws/install/turtlebot3_msgs/include/turtlebot3_msgs/turtlebot3_msgs
[5.128s] -- Up-to-date: /home/user/simulation_ws/install/turtlebot3_msgs/include/turtlebot3_msgs/turtlebot3_msgs/srv
[5.128s] -- Up-to-date: /home/user/simulation_ws/install/turtlebot3_msgs/include/turtlebot3_msgs/turtlebot3_msgs/srv/detail
[5.128s] -- Up-to-date: /home/user/simulation_ws/install/turtlebot3_msgs/include/turtlebot3_msgs/turtlebot3_msgs/srv/detail/sound__rosidl_typesupport_introspection_c.h
[5.128s] -- Up-to-date: /home/user/simulation_ws/install/turtlebot3_msgs/include/turtlebot3_msgs/turtlebot3_msgs/srv/detail/dqn__rosidl_typesupport_introspection_c.h
[5.128s] -- Up-to-date: /home/user/simulation_ws/install/turtlebot3_msgs/include/turtlebot3_msgs/turtlebot3_msgs/srv/detail/sound__type_support.c
[5.128s] -- Up-to-date: /home/user/simulation_ws/install/turtlebot3_msgs/include/turtlebot3_msgs/turtlebot3_msgs/srv/detail/dqn__type_support.c
[5.128s] -- Up-to-date: /home/user/simulation_ws/install/turtlebot3_msgs/include/turtlebot3_msgs/turtlebot3_msgs/msg
[5.129s] -- Up-to-date: /home/user/simulation_ws/install/turtlebot3_msgs/include/turtlebot3_msgs/turtlebot3_msgs/msg/detail
[5.129s] -- Up-to-date: /home/user/simulation_ws/install/turtlebot3_msgs/include/turtlebot3_msgs/turtlebot3_msgs/msg/detail/version_info__rosidl_typesupport_introspection_c.h
[5.129s] -- Up-to-date: /home/user/simulation_ws/install/turtlebot3_msgs/include/turtlebot3_msgs/turtlebot3_msgs/msg/detail/sound__rosidl_typesupport_introspection_c.h
[5.129s] -- Up-to-date: /home/user/simulation_ws/install/turtlebot3_msgs/include/turtlebot3_msgs/turtlebot3_msgs/msg/detail/sensor_state__rosidl_typesupport_introspection_c.h
[5.129s] -- Up-to-date: /home/user/simulation_ws/install/turtlebot3_msgs/include/turtlebot3_msgs/turtlebot3_msgs/msg/detail/sound__type_support.c
[5.129s] -- Up-to-date: /home/user/simulation_ws/install/turtlebot3_msgs/include/turtlebot3_msgs/turtlebot3_msgs/msg/detail/version_info__type_support.c
[5.130s] -- Up-to-date: /home/user/simulation_ws/install/turtlebot3_msgs/include/turtlebot3_msgs/turtlebot3_msgs/msg/detail/sensor_state__type_support.c
[5.130s] -- Up-to-date: /home/user/simulation_ws/install/turtlebot3_msgs/include/turtlebot3_msgs/turtlebot3_msgs/msg/rosidl_typesupport_introspection_c__visibility_control.h
[5.130s] -- Up-to-date: /home/user/simulation_ws/install/turtlebot3_msgs/include/turtlebot3_msgs/turtlebot3_msgs/action
[5.130s] -- Up-to-date: /home/user/simulation_ws/install/turtlebot3_msgs/include/turtlebot3_msgs/turtlebot3_msgs/action/detail
[5.130s] -- Up-to-date: /home/user/simulation_ws/install/turtlebot3_msgs/include/turtlebot3_msgs/turtlebot3_msgs/action/detail/patrol__rosidl_typesupport_introspection_c.h
[5.130s] -- Up-to-date: /home/user/simulation_ws/install/turtlebot3_msgs/include/turtlebot3_msgs/turtlebot3_msgs/action/detail/patrol__type_support.c
[5.131s] -- Up-to-date: /home/user/simulation_ws/install/turtlebot3_msgs/lib/libturtlebot3_msgs__rosidl_typesupport_introspection_c.so
[5.131s] -- Up-to-date: /home/user/simulation_ws/install/turtlebot3_msgs/lib/libturtlebot3_msgs__rosidl_typesupport_c.so
[5.131s] -- Up-to-date: /home/user/simulation_ws/install/turtlebot3_msgs/include/turtlebot3_msgs/turtlebot3_msgs
[5.131s] -- Up-to-date: /home/user/simulation_ws/install/turtlebot3_msgs/include/turtlebot3_msgs/turtlebot3_msgs/srv
[5.131s] -- Up-to-date: /home/user/simulation_ws/install/turtlebot3_msgs/include/turtlebot3_msgs/turtlebot3_msgs/srv/detail
[5.131s] -- Up-to-date: /home/user/simulation_ws/install/turtlebot3_msgs/include/turtlebot3_msgs/turtlebot3_msgs/srv/detail/dqn__rosidl_typesupport_introspection_cpp.hpp
[5.131s] -- Up-to-date: /home/user/simulation_ws/install/turtlebot3_msgs/include/turtlebot3_msgs/turtlebot3_msgs/srv/detail/sound__type_support.cpp
[5.132s] -- Up-to-date: /home/user/simulation_ws/install/turtlebot3_msgs/include/turtlebot3_msgs/turtlebot3_msgs/srv/detail/sound__rosidl_typesupport_introspection_cpp.hpp
[5.132s] -- Up-to-date: /home/user/simulation_ws/install/turtlebot3_msgs/include/turtlebot3_msgs/turtlebot3_msgs/srv/detail/dqn__type_support.cpp
[5.132s] -- Up-to-date: /home/user/simulation_ws/install/turtlebot3_msgs/include/turtlebot3_msgs/turtlebot3_msgs/msg
[5.132s] -- Up-to-date: /home/user/simulation_ws/install/turtlebot3_msgs/include/turtlebot3_msgs/turtlebot3_msgs/msg/detail
[5.132s] -- Up-to-date: /home/user/simulation_ws/install/turtlebot3_msgs/include/turtlebot3_msgs/turtlebot3_msgs/msg/detail/sensor_state__rosidl_typesupport_introspection_cpp.hpp
[5.132s] -- Up-to-date: /home/user/simulation_ws/install/turtlebot3_msgs/include/turtlebot3_msgs/turtlebot3_msgs/msg/detail/version_info__type_support.cpp
[5.132s] -- Up-to-date: /home/user/simulation_ws/install/turtlebot3_msgs/include/turtlebot3_msgs/turtlebot3_msgs/msg/detail/version_info__rosidl_typesupport_introspection_cpp.hpp
[5.133s] -- Up-to-date: /home/user/simulation_ws/install/turtlebot3_msgs/include/turtlebot3_msgs/turtlebot3_msgs/msg/detail/sensor_state__type_support.cpp
[5.133s] -- Up-to-date: /home/user/simulation_ws/install/turtlebot3_msgs/include/turtlebot3_msgs/turtlebot3_msgs/msg/detail/sound__type_support.cpp
[5.133s] -- Up-to-date: /home/user/simulation_ws/install/turtlebot3_msgs/include/turtlebot3_msgs/turtlebot3_msgs/msg/detail/sound__rosidl_typesupport_introspection_cpp.hpp
[5.133s] -- Up-to-date: /home/user/simulation_ws/install/turtlebot3_msgs/include/turtlebot3_msgs/turtlebot3_msgs/action
[5.133s] -- Up-to-date: /home/user/simulation_ws/install/turtlebot3_msgs/include/turtlebot3_msgs/turtlebot3_msgs/action/detail
[5.133s] -- Up-to-date: /home/user/simulation_ws/install/turtlebot3_msgs/include/turtlebot3_msgs/turtlebot3_msgs/action/detail/patrol__type_support.cpp
[5.133s] -- Up-to-date: /home/user/simulation_ws/install/turtlebot3_msgs/include/turtlebot3_msgs/turtlebot3_msgs/action/detail/patrol__rosidl_typesupport_introspection_cpp.hpp
[5.134s] -- Up-to-date: /home/user/simulation_ws/install/turtlebot3_msgs/lib/libturtlebot3_msgs__rosidl_typesupport_introspection_cpp.so
[5.134s] -- Up-to-date: /home/user/simulation_ws/install/turtlebot3_msgs/lib/libturtlebot3_msgs__rosidl_typesupport_cpp.so
[5.134s] -- Up-to-date: /home/user/simulation_ws/install/turtlebot3_msgs/share/ament_index/resource_index/rust_packages/turtlebot3_msgs
[5.134s] -- Up-to-date: /home/user/simulation_ws/install/turtlebot3_msgs/share/turtlebot3_msgs/rust
[5.134s] -- Installing: /home/user/simulation_ws/install/turtlebot3_msgs/share/turtlebot3_msgs/rust/Cargo.toml
[5.134s] -- Up-to-date: /home/user/simulation_ws/install/turtlebot3_msgs/share/turtlebot3_msgs/rust/src
[5.134s] -- Installing: /home/user/simulation_ws/install/turtlebot3_msgs/share/turtlebot3_msgs/rust/src/msg.rs
[5.134s] -- Installing: /home/user/simulation_ws/install/turtlebot3_msgs/share/turtlebot3_msgs/rust/src/srv.rs
[5.135s] -- Installing: /home/user/simulation_ws/install/turtlebot3_msgs/share/turtlebot3_msgs/rust/src/lib.rs
[5.135s] -- Installing: /home/user/simulation_ws/install/turtlebot3_msgs/share/turtlebot3_msgs/rust/build.rs
[5.135s] -- Up-to-date: /home/user/simulation_ws/install/turtlebot3_msgs/share/turtlebot3_msgs/rust
[5.135s] -- Up-to-date: /home/user/simulation_ws/install/turtlebot3_msgs/share/turtlebot3_msgs/rust/Cargo.toml
[5.135s] -- Up-to-date: /home/user/simulation_ws/install/turtlebot3_msgs/share/turtlebot3_msgs/rust/src
[5.135s] -- Up-to-date: /home/user/simulation_ws/install/turtlebot3_msgs/share/turtlebot3_msgs/rust/src/msg.rs
[5.135s] -- Up-to-date: /home/user/simulation_ws/install/turtlebot3_msgs/share/turtlebot3_msgs/rust/src/srv.rs
[5.135s] -- Up-to-date: /home/user/simulation_ws/install/turtlebot3_msgs/share/turtlebot3_msgs/rust/src/lib.rs
[5.136s] -- Up-to-date: /home/user/simulation_ws/install/turtlebot3_msgs/share/turtlebot3_msgs/rust/build.rs
[5.136s] -- Up-to-date: /home/user/simulation_ws/install/turtlebot3_msgs/share/turtlebot3_msgs/rust
[5.136s] -- Up-to-date: /home/user/simulation_ws/install/turtlebot3_msgs/share/turtlebot3_msgs/rust/Cargo.toml
[5.136s] -- Up-to-date: /home/user/simulation_ws/install/turtlebot3_msgs/share/turtlebot3_msgs/rust/src
[5.136s] -- Up-to-date: /home/user/simulation_ws/install/turtlebot3_msgs/share/turtlebot3_msgs/rust/src/msg.rs
[5.136s] -- Up-to-date: /home/user/simulation_ws/install/turtlebot3_msgs/share/turtlebot3_msgs/rust/src/srv.rs
[5.136s] -- Up-to-date: /home/user/simulation_ws/install/turtlebot3_msgs/share/turtlebot3_msgs/rust/src/lib.rs
[5.137s] -- Up-to-date: /home/user/simulation_ws/install/turtlebot3_msgs/share/turtlebot3_msgs/rust/build.rs
[5.137s] -- Up-to-date: /home/user/simulation_ws/install/turtlebot3_msgs/share/turtlebot3_msgs/environment/pythonpath.sh
[5.137s] -- Up-to-date: /home/user/simulation_ws/install/turtlebot3_msgs/share/turtlebot3_msgs/environment/pythonpath.dsv
[5.137s] -- Up-to-date: /home/user/simulation_ws/install/turtlebot3_msgs/local/lib/python3.10/dist-packages/turtlebot3_msgs-2.2.3-py3.10.egg-info
[5.137s] -- Installing: /home/user/simulation_ws/install/turtlebot3_msgs/local/lib/python3.10/dist-packages/turtlebot3_msgs-2.2.3-py3.10.egg-info/PKG-INFO
[5.137s] -- Installing: /home/user/simulation_ws/install/turtlebot3_msgs/local/lib/python3.10/dist-packages/turtlebot3_msgs-2.2.3-py3.10.egg-info/top_level.txt
[5.137s] -- Installing: /home/user/simulation_ws/install/turtlebot3_msgs/local/lib/python3.10/dist-packages/turtlebot3_msgs-2.2.3-py3.10.egg-info/SOURCES.txt
[5.138s] -- Installing: /home/user/simulation_ws/install/turtlebot3_msgs/local/lib/python3.10/dist-packages/turtlebot3_msgs-2.2.3-py3.10.egg-info/dependency_links.txt
[5.138s] -- Up-to-date: /home/user/simulation_ws/install/turtlebot3_msgs/local/lib/python3.10/dist-packages/turtlebot3_msgs
[5.138s] -- Up-to-date: /home/user/simulation_ws/install/turtlebot3_msgs/local/lib/python3.10/dist-packages/turtlebot3_msgs/libturtlebot3_msgs__rosidl_generator_py.so
[5.138s] -- Up-to-date: /home/user/simulation_ws/install/turtlebot3_msgs/local/lib/python3.10/dist-packages/turtlebot3_msgs/srv
[5.138s] -- Up-to-date: /home/user/simulation_ws/install/turtlebot3_msgs/local/lib/python3.10/dist-packages/turtlebot3_msgs/srv/_dqn.py
[5.138s] -- Up-to-date: /home/user/simulation_ws/install/turtlebot3_msgs/local/lib/python3.10/dist-packages/turtlebot3_msgs/srv/__init__.py
[5.138s] -- Up-to-date: /home/user/simulation_ws/install/turtlebot3_msgs/local/lib/python3.10/dist-packages/turtlebot3_msgs/srv/_sound.py
[5.138s] -- Up-to-date: /home/user/simulation_ws/install/turtlebot3_msgs/local/lib/python3.10/dist-packages/turtlebot3_msgs/srv/_sound_s.c
[5.139s] -- Up-to-date: /home/user/simulation_ws/install/turtlebot3_msgs/local/lib/python3.10/dist-packages/turtlebot3_msgs/srv/_dqn_s.c
[5.139s] -- Up-to-date: /home/user/simulation_ws/install/turtlebot3_msgs/local/lib/python3.10/dist-packages/turtlebot3_msgs/msg
[5.139s] -- Up-to-date: /home/user/simulation_ws/install/turtlebot3_msgs/local/lib/python3.10/dist-packages/turtlebot3_msgs/msg/_sensor_state.py
[5.139s] -- Up-to-date: /home/user/simulation_ws/install/turtlebot3_msgs/local/lib/python3.10/dist-packages/turtlebot3_msgs/msg/_version_info_s.c
[5.139s] -- Up-to-date: /home/user/simulation_ws/install/turtlebot3_msgs/local/lib/python3.10/dist-packages/turtlebot3_msgs/msg/_sensor_state_s.c
[5.139s] -- Up-to-date: /home/user/simulation_ws/install/turtlebot3_msgs/local/lib/python3.10/dist-packages/turtlebot3_msgs/msg/__init__.py
[5.139s] -- Up-to-date: /home/user/simulation_ws/install/turtlebot3_msgs/local/lib/python3.10/dist-packages/turtlebot3_msgs/msg/_sound.py
[5.140s] -- Up-to-date: /home/user/simulation_ws/install/turtlebot3_msgs/local/lib/python3.10/dist-packages/turtlebot3_msgs/msg/_sound_s.c
[5.140s] -- Up-to-date: /home/user/simulation_ws/install/turtlebot3_msgs/local/lib/python3.10/dist-packages/turtlebot3_msgs/msg/_version_info.py
[5.140s] -- Up-to-date: /home/user/simulation_ws/install/turtlebot3_msgs/local/lib/python3.10/dist-packages/turtlebot3_msgs/turtlebot3_msgs_s__rosidl_typesupport_c.cpython-310-x86_64-linux-gnu.so
[5.140s] -- Up-to-date: /home/user/simulation_ws/install/turtlebot3_msgs/local/lib/python3.10/dist-packages/turtlebot3_msgs/turtlebot3_msgs_s__rosidl_typesupport_fastrtps_c.cpython-310-x86_64-linux-gnu.so
[5.140s] -- Up-to-date: /home/user/simulation_ws/install/turtlebot3_msgs/local/lib/python3.10/dist-packages/turtlebot3_msgs/__init__.py
[5.140s] -- Up-to-date: /home/user/simulation_ws/install/turtlebot3_msgs/local/lib/python3.10/dist-packages/turtlebot3_msgs/_turtlebot3_msgs_s.ep.rosidl_typesupport_introspection_c.c
[5.140s] -- Up-to-date: /home/user/simulation_ws/install/turtlebot3_msgs/local/lib/python3.10/dist-packages/turtlebot3_msgs/_turtlebot3_msgs_s.ep.rosidl_typesupport_fastrtps_c.c
[5.141s] -- Up-to-date: /home/user/simulation_ws/install/turtlebot3_msgs/local/lib/python3.10/dist-packages/turtlebot3_msgs/_turtlebot3_msgs_s.ep.rosidl_typesupport_c.c
[5.141s] -- Up-to-date: /home/user/simulation_ws/install/turtlebot3_msgs/local/lib/python3.10/dist-packages/turtlebot3_msgs/action
[5.141s] -- Up-to-date: /home/user/simulation_ws/install/turtlebot3_msgs/local/lib/python3.10/dist-packages/turtlebot3_msgs/action/_patrol_s.c
[5.141s] -- Up-to-date: /home/user/simulation_ws/install/turtlebot3_msgs/local/lib/python3.10/dist-packages/turtlebot3_msgs/action/__init__.py
[5.141s] -- Up-to-date: /home/user/simulation_ws/install/turtlebot3_msgs/local/lib/python3.10/dist-packages/turtlebot3_msgs/action/_patrol.py
[5.141s] -- Up-to-date: /home/user/simulation_ws/install/turtlebot3_msgs/local/lib/python3.10/dist-packages/turtlebot3_msgs/turtlebot3_msgs_s__rosidl_typesupport_introspection_c.cpython-310-x86_64-linux-gnu.so
[5.206s] Listing '/home/user/simulation_ws/install/turtlebot3_msgs/local/lib/python3.10/dist-packages/turtlebot3_msgs'...
[5.206s] Listing '/home/user/simulation_ws/install/turtlebot3_msgs/local/lib/python3.10/dist-packages/turtlebot3_msgs/action'...
[5.207s] Listing '/home/user/simulation_ws/install/turtlebot3_msgs/local/lib/python3.10/dist-packages/turtlebot3_msgs/msg'...
[5.207s] Listing '/home/user/simulation_ws/install/turtlebot3_msgs/local/lib/python3.10/dist-packages/turtlebot3_msgs/srv'...
[5.212s] -- Up-to-date: /home/user/simulation_ws/install/turtlebot3_msgs/local/lib/python3.10/dist-packages/turtlebot3_msgs/turtlebot3_msgs_s__rosidl_typesupport_fastrtps_c.cpython-310-x86_64-linux-gnu.so
[5.212s] -- Up-to-date: /home/user/simulation_ws/install/turtlebot3_msgs/local/lib/python3.10/dist-packages/turtlebot3_msgs/turtlebot3_msgs_s__rosidl_typesupport_introspection_c.cpython-310-x86_64-linux-gnu.so
[5.213s] -- Up-to-date: /home/user/simulation_ws/install/turtlebot3_msgs/local/lib/python3.10/dist-packages/turtlebot3_msgs/turtlebot3_msgs_s__rosidl_typesupport_c.cpython-310-x86_64-linux-gnu.so
[5.213s] -- Up-to-date: /home/user/simulation_ws/install/turtlebot3_msgs/lib/libturtlebot3_msgs__rosidl_generator_py.so
[5.214s] -- Up-to-date: /home/user/simulation_ws/install/turtlebot3_msgs/share/turtlebot3_msgs/msg/SensorState.idl
[5.215s] -- Up-to-date: /home/user/simulation_ws/install/turtlebot3_msgs/share/turtlebot3_msgs/msg/Sound.idl
[5.215s] -- Up-to-date: /home/user/simulation_ws/install/turtlebot3_msgs/share/turtlebot3_msgs/msg/VersionInfo.idl
[5.215s] -- Up-to-date: /home/user/simulation_ws/install/turtlebot3_msgs/share/turtlebot3_msgs/srv/Sound.idl
[5.216s] -- Up-to-date: /home/user/simulation_ws/install/turtlebot3_msgs/share/turtlebot3_msgs/srv/Dqn.idl
[5.216s] -- Up-to-date: /home/user/simulation_ws/install/turtlebot3_msgs/share/turtlebot3_msgs/action/Patrol.idl
[5.216s] -- Up-to-date: /home/user/simulation_ws/install/turtlebot3_msgs/share/turtlebot3_msgs/msg/SensorState.msg
[5.216s] -- Up-to-date: /home/user/simulation_ws/install/turtlebot3_msgs/share/turtlebot3_msgs/msg/Sound.msg
[5.216s] -- Up-to-date: /home/user/simulation_ws/install/turtlebot3_msgs/share/turtlebot3_msgs/msg/VersionInfo.msg
[5.217s] -- Up-to-date: /home/user/simulation_ws/install/turtlebot3_msgs/share/turtlebot3_msgs/srv/Sound.srv
[5.217s] -- Up-to-date: /home/user/simulation_ws/install/turtlebot3_msgs/share/turtlebot3_msgs/srv/Sound_Request.msg
[5.217s] -- Up-to-date: /home/user/simulation_ws/install/turtlebot3_msgs/share/turtlebot3_msgs/srv/Sound_Response.msg
[5.217s] -- Up-to-date: /home/user/simulation_ws/install/turtlebot3_msgs/share/turtlebot3_msgs/srv/Dqn.srv
[5.218s] -- Up-to-date: /home/user/simulation_ws/install/turtlebot3_msgs/share/turtlebot3_msgs/srv/Dqn_Request.msg
[5.218s] -- Up-to-date: /home/user/simulation_ws/install/turtlebot3_msgs/share/turtlebot3_msgs/srv/Dqn_Response.msg
[5.218s] -- Up-to-date: /home/user/simulation_ws/install/turtlebot3_msgs/share/turtlebot3_msgs/action/Patrol.action
[5.218s] -- Up-to-date: /home/user/simulation_ws/install/turtlebot3_msgs/share/ament_index/resource_index/package_run_dependencies/turtlebot3_msgs
[5.218s] -- Up-to-date: /home/user/simulation_ws/install/turtlebot3_msgs/share/ament_index/resource_index/parent_prefix_path/turtlebot3_msgs
[5.219s] -- Up-to-date: /home/user/simulation_ws/install/turtlebot3_msgs/share/turtlebot3_msgs/environment/ament_prefix_path.sh
[5.219s] -- Up-to-date: /home/user/simulation_ws/install/turtlebot3_msgs/share/turtlebot3_msgs/environment/ament_prefix_path.dsv
[5.219s] -- Up-to-date: /home/user/simulation_ws/install/turtlebot3_msgs/share/turtlebot3_msgs/environment/path.sh
[5.219s] -- Up-to-date: /home/user/simulation_ws/install/turtlebot3_msgs/share/turtlebot3_msgs/environment/path.dsv
[5.219s] -- Up-to-date: /home/user/simulation_ws/install/turtlebot3_msgs/share/turtlebot3_msgs/local_setup.bash
[5.220s] -- Up-to-date: /home/user/simulation_ws/install/turtlebot3_msgs/share/turtlebot3_msgs/local_setup.sh
[5.220s] -- Up-to-date: /home/user/simulation_ws/install/turtlebot3_msgs/share/turtlebot3_msgs/local_setup.zsh
[5.220s] -- Up-to-date: /home/user/simulation_ws/install/turtlebot3_msgs/share/turtlebot3_msgs/local_setup.dsv
[5.220s] -- Installing: /home/user/simulation_ws/install/turtlebot3_msgs/share/turtlebot3_msgs/package.dsv
[5.220s] -- Up-to-date: /home/user/simulation_ws/install/turtlebot3_msgs/share/ament_index/resource_index/packages/turtlebot3_msgs
[5.220s] -- Up-to-date: /home/user/simulation_ws/install/turtlebot3_msgs/share/turtlebot3_msgs/cmake/export_turtlebot3_msgs__rosidl_generator_cExport.cmake
[5.220s] -- Up-to-date: /home/user/simulation_ws/install/turtlebot3_msgs/share/turtlebot3_msgs/cmake/export_turtlebot3_msgs__rosidl_generator_cExport-noconfig.cmake
[5.221s] -- Up-to-date: /home/user/simulation_ws/install/turtlebot3_msgs/share/turtlebot3_msgs/cmake/export_turtlebot3_msgs__rosidl_typesupport_fastrtps_cExport.cmake
[5.221s] -- Up-to-date: /home/user/simulation_ws/install/turtlebot3_msgs/share/turtlebot3_msgs/cmake/export_turtlebot3_msgs__rosidl_typesupport_fastrtps_cExport-noconfig.cmake
[5.221s] -- Up-to-date: /home/user/simulation_ws/install/turtlebot3_msgs/share/turtlebot3_msgs/cmake/export_turtlebot3_msgs__rosidl_generator_cppExport.cmake
[5.221s] -- Up-to-date: /home/user/simulation_ws/install/turtlebot3_msgs/share/turtlebot3_msgs/cmake/export_turtlebot3_msgs__rosidl_typesupport_fastrtps_cppExport.cmake
[5.221s] -- Up-to-date: /home/user/simulation_ws/install/turtlebot3_msgs/share/turtlebot3_msgs/cmake/export_turtlebot3_msgs__rosidl_typesupport_fastrtps_cppExport-noconfig.cmake
[5.221s] -- Up-to-date: /home/user/simulation_ws/install/turtlebot3_msgs/share/turtlebot3_msgs/cmake/turtlebot3_msgs__rosidl_typesupport_introspection_cExport.cmake
[5.221s] -- Up-to-date: /home/user/simulation_ws/install/turtlebot3_msgs/share/turtlebot3_msgs/cmake/turtlebot3_msgs__rosidl_typesupport_introspection_cExport-noconfig.cmake
[5.221s] -- Up-to-date: /home/user/simulation_ws/install/turtlebot3_msgs/share/turtlebot3_msgs/cmake/turtlebot3_msgs__rosidl_typesupport_cExport.cmake
[5.222s] -- Up-to-date: /home/user/simulation_ws/install/turtlebot3_msgs/share/turtlebot3_msgs/cmake/turtlebot3_msgs__rosidl_typesupport_cExport-noconfig.cmake
[5.222s] -- Up-to-date: /home/user/simulation_ws/install/turtlebot3_msgs/share/turtlebot3_msgs/cmake/turtlebot3_msgs__rosidl_typesupport_introspection_cppExport.cmake
[5.222s] -- Up-to-date: /home/user/simulation_ws/install/turtlebot3_msgs/share/turtlebot3_msgs/cmake/turtlebot3_msgs__rosidl_typesupport_introspection_cppExport-noconfig.cmake
[5.222s] -- Up-to-date: /home/user/simulation_ws/install/turtlebot3_msgs/share/turtlebot3_msgs/cmake/turtlebot3_msgs__rosidl_typesupport_cppExport.cmake
[5.222s] -- Up-to-date: /home/user/simulation_ws/install/turtlebot3_msgs/share/turtlebot3_msgs/cmake/turtlebot3_msgs__rosidl_typesupport_cppExport-noconfig.cmake
[5.222s] -- Up-to-date: /home/user/simulation_ws/install/turtlebot3_msgs/share/turtlebot3_msgs/cmake/export_turtlebot3_msgs__rosidl_generator_pyExport.cmake
[5.222s] -- Up-to-date: /home/user/simulation_ws/install/turtlebot3_msgs/share/turtlebot3_msgs/cmake/export_turtlebot3_msgs__rosidl_generator_pyExport-noconfig.cmake
[5.223s] -- Up-to-date: /home/user/simulation_ws/install/turtlebot3_msgs/share/turtlebot3_msgs/cmake/rosidl_cmake-extras.cmake
[5.223s] -- Up-to-date: /home/user/simulation_ws/install/turtlebot3_msgs/share/turtlebot3_msgs/cmake/ament_cmake_export_dependencies-extras.cmake
[5.224s] -- Up-to-date: /home/user/simulation_ws/install/turtlebot3_msgs/share/turtlebot3_msgs/cmake/ament_cmake_export_include_directories-extras.cmake
[5.224s] -- Up-to-date: /home/user/simulation_ws/install/turtlebot3_msgs/share/turtlebot3_msgs/cmake/ament_cmake_export_libraries-extras.cmake
[5.224s] -- Up-to-date: /home/user/simulation_ws/install/turtlebot3_msgs/share/turtlebot3_msgs/cmake/ament_cmake_export_targets-extras.cmake
[5.229s] -- Up-to-date: /home/user/simulation_ws/install/turtlebot3_msgs/share/turtlebot3_msgs/cmake/rosidl_cmake_export_typesupport_targets-extras.cmake
[5.229s] -- Up-to-date: /home/user/simulation_ws/install/turtlebot3_msgs/share/turtlebot3_msgs/cmake/rosidl_cmake_export_typesupport_libraries-extras.cmake
[5.229s] -- Up-to-date: /home/user/simulation_ws/install/turtlebot3_msgs/share/turtlebot3_msgs/cmake/turtlebot3_msgsConfig.cmake
[5.229s] -- Up-to-date: /home/user/simulation_ws/install/turtlebot3_msgs/share/turtlebot3_msgs/cmake/turtlebot3_msgsConfig-version.cmake
[5.229s] -- Up-to-date: /home/user/simulation_ws/install/turtlebot3_msgs/share/turtlebot3_msgs/package.xml
[5.230s] Invoked command in '/home/user/simulation_ws/build/turtlebot3_msgs' returned '0': CMAKE_PREFIX_PATH=${CMAKE_PREFIX_PATH}:/home/user/simulation_ws/install/turtlebot3_teleop:/home/user/simulation_ws/install/turtlebot3_example:/home/simulations/ros2_sims_ws/install/rclrs_tests:/home/simulations/ros2_sims_ws/install/examples_rclrs_minimal_client_service:/home/simulations/ros2_sims_ws/install/sensor_msgs_py:/home/simulations/ros2_sims_ws/install/examples_rclrs_minimal_pub_sub:/home/simulations/ros2_sims_ws/install/examples_rclrs_message_demo:/home/simulations/ros2_sims_ws/install/rclrs:/home/simulations/ros2_sims_ws/install/rosidl_runtime_rs:/opt/ros/humble _=/usr/bin/env /usr/bin/cmake --install /home/user/simulation_ws/build/turtlebot3_msgs
