[0.167s] Invoking command in '/home/user/simulation_ws/build/turtlebot3_navigation2': CMAKE_PREFIX_PATH=${CMAKE_PREFIX_PATH}:/home/user/simulation_ws/install/turtlebot3_teleop:/home/user/simulation_ws/install/turtlebot3_example:/home/simulations/ros2_sims_ws/install/rclrs_tests:/home/simulations/ros2_sims_ws/install/examples_rclrs_minimal_client_service:/home/simulations/ros2_sims_ws/install/sensor_msgs_py:/home/simulations/ros2_sims_ws/install/examples_rclrs_minimal_pub_sub:/home/simulations/ros2_sims_ws/install/examples_rclrs_message_demo:/home/simulations/ros2_sims_ws/install/rclrs:/home/simulations/ros2_sims_ws/install/rosidl_runtime_rs:/opt/ros/humble _=/usr/bin/env /usr/bin/cmake --build /home/user/simulation_ws/build/turtlebot3_navigation2 -- -j8 -l8
[1.553s] Invoked command in '/home/user/simulation_ws/build/turtlebot3_navigation2' returned '0': CMAKE_PREFIX_PATH=${CMAKE_PREFIX_PATH}:/home/user/simulation_ws/install/turtlebot3_teleop:/home/user/simulation_ws/install/turtlebot3_example:/home/simulations/ros2_sims_ws/install/rclrs_tests:/home/simulations/ros2_sims_ws/install/examples_rclrs_minimal_client_service:/home/simulations/ros2_sims_ws/install/sensor_msgs_py:/home/simulations/ros2_sims_ws/install/examples_rclrs_minimal_pub_sub:/home/simulations/ros2_sims_ws/install/examples_rclrs_message_demo:/home/simulations/ros2_sims_ws/install/rclrs:/home/simulations/ros2_sims_ws/install/rosidl_runtime_rs:/opt/ros/humble _=/usr/bin/env /usr/bin/cmake --build /home/user/simulation_ws/build/turtlebot3_navigation2 -- -j8 -l8
[2.240s] Invoking command in '/home/user/simulation_ws/build/turtlebot3_navigation2': CMAKE_PREFIX_PATH=${CMAKE_PREFIX_PATH}:/home/user/simulation_ws/install/turtlebot3_teleop:/home/user/simulation_ws/install/turtlebot3_example:/home/simulations/ros2_sims_ws/install/rclrs_tests:/home/simulations/ros2_sims_ws/install/examples_rclrs_minimal_client_service:/home/simulations/ros2_sims_ws/install/sensor_msgs_py:/home/simulations/ros2_sims_ws/install/examples_rclrs_minimal_pub_sub:/home/simulations/ros2_sims_ws/install/examples_rclrs_message_demo:/home/simulations/ros2_sims_ws/install/rclrs:/home/simulations/ros2_sims_ws/install/rosidl_runtime_rs:/opt/ros/humble _=/usr/bin/env /usr/bin/cmake --install /home/user/simulation_ws/build/turtlebot3_navigation2
[2.273s] -- Install configuration: ""
[2.331s] -- Up-to-date: /home/user/simulation_ws/install/turtlebot3_navigation2/share/turtlebot3_navigation2/launch
[2.336s] -- Up-to-date: /home/user/simulation_ws/install/turtlebot3_navigation2/share/turtlebot3_navigation2/launch/navigation2.launch.py
[2.337s] -- Up-to-date: /home/user/simulation_ws/install/turtlebot3_navigation2/share/turtlebot3_navigation2/map
[2.338s] -- Up-to-date: /home/user/simulation_ws/install/turtlebot3_navigation2/share/turtlebot3_navigation2/map/turtlebot3_world.yaml
[2.338s] -- Up-to-date: /home/user/simulation_ws/install/turtlebot3_navigation2/share/turtlebot3_navigation2/map/turtlebot3_world.pgm
[2.338s] -- Up-to-date: /home/user/simulation_ws/install/turtlebot3_navigation2/share/turtlebot3_navigation2/param
[2.340s] -- Up-to-date: /home/user/simulation_ws/install/turtlebot3_navigation2/share/turtlebot3_navigation2/param/burger.yaml
[2.340s] -- Up-to-date: /home/user/simulation_ws/install/turtlebot3_navigation2/share/turtlebot3_navigation2/param/waffle.yaml
[2.341s] -- Up-to-date: /home/user/simulation_ws/install/turtlebot3_navigation2/share/turtlebot3_navigation2/param/waffle_pi.yaml
[2.341s] -- Up-to-date: /home/user/simulation_ws/install/turtlebot3_navigation2/share/turtlebot3_navigation2/rviz
[2.341s] -- Up-to-date: /home/user/simulation_ws/install/turtlebot3_navigation2/share/turtlebot3_navigation2/rviz/tb3_navigation2.rviz
[2.341s] -- Up-to-date: /home/user/simulation_ws/install/turtlebot3_navigation2/share/ament_index/resource_index/package_run_dependencies/turtlebot3_navigation2
[2.342s] -- Up-to-date: /home/user/simulation_ws/install/turtlebot3_navigation2/share/ament_index/resource_index/parent_prefix_path/turtlebot3_navigation2
[2.342s] -- Up-to-date: /home/user/simulation_ws/install/turtlebot3_navigation2/share/turtlebot3_navigation2/environment/ament_prefix_path.sh
[2.342s] -- Up-to-date: /home/user/simulation_ws/install/turtlebot3_navigation2/share/turtlebot3_navigation2/environment/ament_prefix_path.dsv
[2.342s] -- Up-to-date: /home/user/simulation_ws/install/turtlebot3_navigation2/share/turtlebot3_navigation2/environment/path.sh
[2.342s] -- Up-to-date: /home/user/simulation_ws/install/turtlebot3_navigation2/share/turtlebot3_navigation2/environment/path.dsv
[2.343s] -- Up-to-date: /home/user/simulation_ws/install/turtlebot3_navigation2/share/turtlebot3_navigation2/local_setup.bash
[2.343s] -- Up-to-date: /home/user/simulation_ws/install/turtlebot3_navigation2/share/turtlebot3_navigation2/local_setup.sh
[2.343s] -- Up-to-date: /home/user/simulation_ws/install/turtlebot3_navigation2/share/turtlebot3_navigation2/local_setup.zsh
[2.343s] -- Up-to-date: /home/user/simulation_ws/install/turtlebot3_navigation2/share/turtlebot3_navigation2/local_setup.dsv
[2.343s] -- Installing: /home/user/simulation_ws/install/turtlebot3_navigation2/share/turtlebot3_navigation2/package.dsv
[2.343s] -- Up-to-date: /home/user/simulation_ws/install/turtlebot3_navigation2/share/ament_index/resource_index/packages/turtlebot3_navigation2
[2.343s] -- Up-to-date: /home/user/simulation_ws/install/turtlebot3_navigation2/share/turtlebot3_navigation2/cmake/turtlebot3_navigation2Config.cmake
[2.344s] -- Up-to-date: /home/user/simulation_ws/install/turtlebot3_navigation2/share/turtlebot3_navigation2/cmake/turtlebot3_navigation2Config-version.cmake
[2.344s] -- Up-to-date: /home/user/simulation_ws/install/turtlebot3_navigation2/share/turtlebot3_navigation2/package.xml
[2.630s] Invoked command in '/home/user/simulation_ws/build/turtlebot3_navigation2' returned '0': CMAKE_PREFIX_PATH=${CMAKE_PREFIX_PATH}:/home/user/simulation_ws/install/turtlebot3_teleop:/home/user/simulation_ws/install/turtlebot3_example:/home/simulations/ros2_sims_ws/install/rclrs_tests:/home/simulations/ros2_sims_ws/install/examples_rclrs_minimal_client_service:/home/simulations/ros2_sims_ws/install/sensor_msgs_py:/home/simulations/ros2_sims_ws/install/examples_rclrs_minimal_pub_sub:/home/simulations/ros2_sims_ws/install/examples_rclrs_message_demo:/home/simulations/ros2_sims_ws/install/rclrs:/home/simulations/ros2_sims_ws/install/rosidl_runtime_rs:/opt/ros/humble _=/usr/bin/env /usr/bin/cmake --install /home/user/simulation_ws/build/turtlebot3_navigation2
