[0.107s] Invoking command in '/home/user/simulation_ws/build/turtlebot3_msgs': CMAKE_PREFIX_PATH=${CMAKE_PREFIX_PATH}:/home/user/simulation_ws/install/turtlebot3_teleop:/home/user/simulation_ws/install/turtlebot3_example:/home/simulations/ros2_sims_ws/install/rclrs_tests:/home/simulations/ros2_sims_ws/install/examples_rclrs_minimal_client_service:/home/simulations/ros2_sims_ws/install/sensor_msgs_py:/home/simulations/ros2_sims_ws/install/examples_rclrs_minimal_pub_sub:/home/simulations/ros2_sims_ws/install/examples_rclrs_message_demo:/home/simulations/ros2_sims_ws/install/rclrs:/home/simulations/ros2_sims_ws/install/rosidl_runtime_rs:/opt/ros/humble _=/usr/bin/env /usr/bin/cmake --build /home/user/simulation_ws/build/turtlebot3_msgs -- -j8 -l8
[0.430s] [  1%] Built target turtlebot3_msgs__cpp
[0.439s] [  2%] [34m[1mGenerating Rust code for ROS interfaces[0m
[0.512s] [ 13%] Built target turtlebot3_msgs__rosidl_generator_c
[0.622s] [ 13%] Built target ament_cmake_python_copy_turtlebot3_msgs
[0.803s] [ 25%] Built target turtlebot3_msgs__rosidl_typesupport_fastrtps_cpp
[0.805s] [ 36%] Built target turtlebot3_msgs__rosidl_typesupport_cpp
[0.826s] [ 47%] Built target turtlebot3_msgs__rosidl_typesupport_c
[0.830s] [ 58%] Built target turtlebot3_msgs__rosidl_typesupport_introspection_cpp
[0.830s] [ 69%] Built target turtlebot3_msgs__rosidl_typesupport_introspection_c
[0.924s] [ 80%] Built target turtlebot3_msgs__rosidl_typesupport_fastrtps_c
[1.532s] running egg_info
[1.534s] writing turtlebot3_msgs.egg-info/PKG-INFO
[1.534s] writing dependency_links to turtlebot3_msgs.egg-info/dependency_links.txt
[1.535s] writing top-level names to turtlebot3_msgs.egg-info/top_level.txt
[1.540s] reading manifest file 'turtlebot3_msgs.egg-info/SOURCES.txt'
[1.540s] writing manifest file 'turtlebot3_msgs.egg-info/SOURCES.txt'
[1.624s] [ 80%] Built target ament_cmake_python_build_turtlebot3_msgs_egg
[2.916s] [ 80%] Built target turtlebot3_msgs__rs
[3.006s] [ 80%] Built target turtlebot3_msgs
[3.101s] [ 81%] Built target turtlebot3_msgs__py
[3.227s] [ 91%] Built target turtlebot3_msgs__rosidl_generator_py
[3.335s] [ 94%] Built target turtlebot3_msgs__rosidl_typesupport_c__pyext
[3.340s] [ 97%] Built target turtlebot3_msgs__rosidl_typesupport_fastrtps_c__pyext
[3.345s] [100%] Built target turtlebot3_msgs__rosidl_typesupport_introspection_c__pyext
[3.423s] Invoked command in '/home/user/simulation_ws/build/turtlebot3_msgs' returned '0': CMAKE_PREFIX_PATH=${CMAKE_PREFIX_PATH}:/home/user/simulation_ws/install/turtlebot3_teleop:/home/user/simulation_ws/install/turtlebot3_example:/home/simulations/ros2_sims_ws/install/rclrs_tests:/home/simulations/ros2_sims_ws/install/examples_rclrs_minimal_client_service:/home/simulations/ros2_sims_ws/install/sensor_msgs_py:/home/simulations/ros2_sims_ws/install/examples_rclrs_minimal_pub_sub:/home/simulations/ros2_sims_ws/install/examples_rclrs_message_demo:/home/simulations/ros2_sims_ws/install/rclrs:/home/simulations/ros2_sims_ws/install/rosidl_runtime_rs:/opt/ros/humble _=/usr/bin/env /usr/bin/cmake --build /home/user/simulation_ws/build/turtlebot3_msgs -- -j8 -l8
[4.162s] Invoking command in '/home/user/simulation_ws/build/turtlebot3_msgs': CMAKE_PREFIX_PATH=${CMAKE_PREFIX_PATH}:/home/user/simulation_ws/install/turtlebot3_teleop:/home/user/simulation_ws/install/turtlebot3_example:/home/simulations/ros2_sims_ws/install/rclrs_tests:/home/simulations/ros2_sims_ws/install/examples_rclrs_minimal_client_service:/home/simulations/ros2_sims_ws/install/sensor_msgs_py:/home/simulations/ros2_sims_ws/install/examples_rclrs_minimal_pub_sub:/home/simulations/ros2_sims_ws/install/examples_rclrs_message_demo:/home/simulations/ros2_sims_ws/install/rclrs:/home/simulations/ros2_sims_ws/install/rosidl_runtime_rs:/opt/ros/humble _=/usr/bin/env /usr/bin/cmake --install /home/user/simulation_ws/build/turtlebot3_msgs
[4.178s] -- Install configuration: ""
[4.179s] -- Up-to-date: /home/user/simulation_ws/install/turtlebot3_msgs/share/ament_index/resource_index/rosidl_interfaces/turtlebot3_msgs
[4.179s] -- Up-to-date: /home/user/simulation_ws/install/turtlebot3_msgs/include/turtlebot3_msgs/turtlebot3_msgs
[4.180s] -- Up-to-date: /home/user/simulation_ws/install/turtlebot3_msgs/include/turtlebot3_msgs/turtlebot3_msgs/srv
[4.182s] -- Up-to-date: /home/user/simulation_ws/install/turtlebot3_msgs/include/turtlebot3_msgs/turtlebot3_msgs/srv/detail
[4.182s] -- Up-to-date: /home/user/simulation_ws/install/turtlebot3_msgs/include/turtlebot3_msgs/turtlebot3_msgs/srv/detail/dqn__functions.h
[4.182s] -- Up-to-date: /home/user/simulation_ws/install/turtlebot3_msgs/include/turtlebot3_msgs/turtlebot3_msgs/srv/detail/sound__functions.c
[4.183s] -- Up-to-date: /home/user/simulation_ws/install/turtlebot3_msgs/include/turtlebot3_msgs/turtlebot3_msgs/srv/detail/sound__struct.h
[4.183s] -- Up-to-date: /home/user/simulation_ws/install/turtlebot3_msgs/include/turtlebot3_msgs/turtlebot3_msgs/srv/detail/sound__functions.h
[4.183s] -- Up-to-date: /home/user/simulation_ws/install/turtlebot3_msgs/include/turtlebot3_msgs/turtlebot3_msgs/srv/detail/dqn__type_support.h
[4.183s] -- Up-to-date: /home/user/simulation_ws/install/turtlebot3_msgs/include/turtlebot3_msgs/turtlebot3_msgs/srv/detail/dqn__struct.h
[4.183s] -- Up-to-date: /home/user/simulation_ws/install/turtlebot3_msgs/include/turtlebot3_msgs/turtlebot3_msgs/srv/detail/dqn__functions.c
[4.183s] -- Up-to-date: /home/user/simulation_ws/install/turtlebot3_msgs/include/turtlebot3_msgs/turtlebot3_msgs/srv/detail/sound__type_support.h
[4.183s] -- Up-to-date: /home/user/simulation_ws/install/turtlebot3_msgs/include/turtlebot3_msgs/turtlebot3_msgs/srv/sound.h
[4.183s] -- Up-to-date: /home/user/simulation_ws/install/turtlebot3_msgs/include/turtlebot3_msgs/turtlebot3_msgs/srv/dqn.h
[4.184s] -- Up-to-date: /home/user/simulation_ws/install/turtlebot3_msgs/include/turtlebot3_msgs/turtlebot3_msgs/msg
[4.184s] -- Up-to-date: /home/user/simulation_ws/install/turtlebot3_msgs/include/turtlebot3_msgs/turtlebot3_msgs/msg/detail
[4.184s] -- Up-to-date: /home/user/simulation_ws/install/turtlebot3_msgs/include/turtlebot3_msgs/turtlebot3_msgs/msg/detail/version_info__functions.h
[4.184s] -- Up-to-date: /home/user/simulation_ws/install/turtlebot3_msgs/include/turtlebot3_msgs/turtlebot3_msgs/msg/detail/version_info__type_support.h
[4.184s] -- Up-to-date: /home/user/simulation_ws/install/turtlebot3_msgs/include/turtlebot3_msgs/turtlebot3_msgs/msg/detail/sensor_state__functions.c
[4.184s] -- Up-to-date: /home/user/simulation_ws/install/turtlebot3_msgs/include/turtlebot3_msgs/turtlebot3_msgs/msg/detail/sound__functions.c
[4.184s] -- Up-to-date: /home/user/simulation_ws/install/turtlebot3_msgs/include/turtlebot3_msgs/turtlebot3_msgs/msg/detail/sound__struct.h
[4.184s] -- Up-to-date: /home/user/simulation_ws/install/turtlebot3_msgs/include/turtlebot3_msgs/turtlebot3_msgs/msg/detail/sound__functions.h
[4.185s] -- Up-to-date: /home/user/simulation_ws/install/turtlebot3_msgs/include/turtlebot3_msgs/turtlebot3_msgs/msg/detail/version_info__functions.c
[4.185s] -- Up-to-date: /home/user/simulation_ws/install/turtlebot3_msgs/include/turtlebot3_msgs/turtlebot3_msgs/msg/detail/sensor_state__functions.h
[4.185s] -- Up-to-date: /home/user/simulation_ws/install/turtlebot3_msgs/include/turtlebot3_msgs/turtlebot3_msgs/msg/detail/sensor_state__type_support.h
[4.185s] -- Up-to-date: /home/user/simulation_ws/install/turtlebot3_msgs/include/turtlebot3_msgs/turtlebot3_msgs/msg/detail/sensor_state__struct.h
[4.185s] -- Up-to-date: /home/user/simulation_ws/install/turtlebot3_msgs/include/turtlebot3_msgs/turtlebot3_msgs/msg/detail/version_info__struct.h
[4.185s] -- Up-to-date: /home/user/simulation_ws/install/turtlebot3_msgs/include/turtlebot3_msgs/turtlebot3_msgs/msg/detail/sound__type_support.h
[4.185s] -- Up-to-date: /home/user/simulation_ws/install/turtlebot3_msgs/include/turtlebot3_msgs/turtlebot3_msgs/msg/rosidl_generator_c__visibility_control.h
[4.186s] -- Up-to-date: /home/user/simulation_ws/install/turtlebot3_msgs/include/turtlebot3_msgs/turtlebot3_msgs/msg/sound.h
[4.186s] -- Up-to-date: /home/user/simulation_ws/install/turtlebot3_msgs/include/turtlebot3_msgs/turtlebot3_msgs/msg/sensor_state.h
[4.186s] -- Up-to-date: /home/user/simulation_ws/install/turtlebot3_msgs/include/turtlebot3_msgs/turtlebot3_msgs/msg/version_info.h
[4.186s] -- Up-to-date: /home/user/simulation_ws/install/turtlebot3_msgs/include/turtlebot3_msgs/turtlebot3_msgs/action
[4.188s] -- Up-to-date: /home/user/simulation_ws/install/turtlebot3_msgs/include/turtlebot3_msgs/turtlebot3_msgs/action/detail
[4.189s] -- Up-to-date: /home/user/simulation_ws/install/turtlebot3_msgs/include/turtlebot3_msgs/turtlebot3_msgs/action/detail/patrol__functions.h
[4.189s] -- Up-to-date: /home/user/simulation_ws/install/turtlebot3_msgs/include/turtlebot3_msgs/turtlebot3_msgs/action/detail/patrol__functions.c
[4.189s] -- Up-to-date: /home/user/simulation_ws/install/turtlebot3_msgs/include/turtlebot3_msgs/turtlebot3_msgs/action/detail/patrol__struct.h
[4.189s] -- Up-to-date: /home/user/simulation_ws/install/turtlebot3_msgs/include/turtlebot3_msgs/turtlebot3_msgs/action/detail/patrol__type_support.h
[4.189s] -- Up-to-date: /home/user/simulation_ws/install/turtlebot3_msgs/include/turtlebot3_msgs/turtlebot3_msgs/action/patrol.h
[4.189s] -- Up-to-date: /home/user/simulation_ws/install/turtlebot3_msgs/share/turtlebot3_msgs/environment/library_path.sh
[4.189s] -- Up-to-date: /home/user/simulation_ws/install/turtlebot3_msgs/share/turtlebot3_msgs/environment/library_path.dsv
[4.189s] -- Up-to-date: /home/user/simulation_ws/install/turtlebot3_msgs/lib/libturtlebot3_msgs__rosidl_generator_c.so
[4.189s] -- Up-to-date: /home/user/simulation_ws/install/turtlebot3_msgs/include/turtlebot3_msgs/turtlebot3_msgs
[4.190s] -- Up-to-date: /home/user/simulation_ws/install/turtlebot3_msgs/include/turtlebot3_msgs/turtlebot3_msgs/srv
[4.191s] -- Up-to-date: /home/user/simulation_ws/install/turtlebot3_msgs/include/turtlebot3_msgs/turtlebot3_msgs/srv/detail
[4.191s] -- Up-to-date: /home/user/simulation_ws/install/turtlebot3_msgs/include/turtlebot3_msgs/turtlebot3_msgs/srv/detail/sound__rosidl_typesupport_fastrtps_c.h
[4.191s] -- Up-to-date: /home/user/simulation_ws/install/turtlebot3_msgs/include/turtlebot3_msgs/turtlebot3_msgs/srv/detail/dqn__rosidl_typesupport_fastrtps_c.h
[4.191s] -- Up-to-date: /home/user/simulation_ws/install/turtlebot3_msgs/include/turtlebot3_msgs/turtlebot3_msgs/msg
[4.192s] -- Up-to-date: /home/user/simulation_ws/install/turtlebot3_msgs/include/turtlebot3_msgs/turtlebot3_msgs/msg/detail
[4.192s] -- Up-to-date: /home/user/simulation_ws/install/turtlebot3_msgs/include/turtlebot3_msgs/turtlebot3_msgs/msg/detail/version_info__rosidl_typesupport_fastrtps_c.h
[4.192s] -- Up-to-date: /home/user/simulation_ws/install/turtlebot3_msgs/include/turtlebot3_msgs/turtlebot3_msgs/msg/detail/sound__rosidl_typesupport_fastrtps_c.h
[4.193s] -- Up-to-date: /home/user/simulation_ws/install/turtlebot3_msgs/include/turtlebot3_msgs/turtlebot3_msgs/msg/detail/sensor_state__rosidl_typesupport_fastrtps_c.h
[4.193s] -- Up-to-date: /home/user/simulation_ws/install/turtlebot3_msgs/include/turtlebot3_msgs/turtlebot3_msgs/msg/rosidl_typesupport_fastrtps_c__visibility_control.h
[4.193s] -- Up-to-date: /home/user/simulation_ws/install/turtlebot3_msgs/include/turtlebot3_msgs/turtlebot3_msgs/action
[4.194s] -- Up-to-date: /home/user/simulation_ws/install/turtlebot3_msgs/include/turtlebot3_msgs/turtlebot3_msgs/action/detail
[4.194s] -- Up-to-date: /home/user/simulation_ws/install/turtlebot3_msgs/include/turtlebot3_msgs/turtlebot3_msgs/action/detail/patrol__rosidl_typesupport_fastrtps_c.h
[4.195s] -- Up-to-date: /home/user/simulation_ws/install/turtlebot3_msgs/lib/libturtlebot3_msgs__rosidl_typesupport_fastrtps_c.so
[4.195s] -- Up-to-date: /home/user/simulation_ws/install/turtlebot3_msgs/include/turtlebot3_msgs/turtlebot3_msgs
[4.195s] -- Up-to-date: /home/user/simulation_ws/install/turtlebot3_msgs/include/turtlebot3_msgs/turtlebot3_msgs/srv
[4.196s] -- Up-to-date: /home/user/simulation_ws/install/turtlebot3_msgs/include/turtlebot3_msgs/turtlebot3_msgs/srv/detail
[4.196s] -- Up-to-date: /home/user/simulation_ws/install/turtlebot3_msgs/include/turtlebot3_msgs/turtlebot3_msgs/srv/detail/sound__traits.hpp
[4.196s] -- Up-to-date: /home/user/simulation_ws/install/turtlebot3_msgs/include/turtlebot3_msgs/turtlebot3_msgs/srv/detail/dqn__traits.hpp
[4.196s] -- Up-to-date: /home/user/simulation_ws/install/turtlebot3_msgs/include/turtlebot3_msgs/turtlebot3_msgs/srv/detail/dqn__struct.hpp
[4.196s] -- Up-to-date: /home/user/simulation_ws/install/turtlebot3_msgs/include/turtlebot3_msgs/turtlebot3_msgs/srv/detail/dqn__builder.hpp
[4.196s] -- Up-to-date: /home/user/simulation_ws/install/turtlebot3_msgs/include/turtlebot3_msgs/turtlebot3_msgs/srv/detail/sound__struct.hpp
[4.196s] -- Up-to-date: /home/user/simulation_ws/install/turtlebot3_msgs/include/turtlebot3_msgs/turtlebot3_msgs/srv/detail/sound__builder.hpp
[4.197s] -- Up-to-date: /home/user/simulation_ws/install/turtlebot3_msgs/include/turtlebot3_msgs/turtlebot3_msgs/srv/dqn.hpp
[4.197s] -- Up-to-date: /home/user/simulation_ws/install/turtlebot3_msgs/include/turtlebot3_msgs/turtlebot3_msgs/srv/sound.hpp
[4.197s] -- Up-to-date: /home/user/simulation_ws/install/turtlebot3_msgs/include/turtlebot3_msgs/turtlebot3_msgs/msg
[4.197s] -- Up-to-date: /home/user/simulation_ws/install/turtlebot3_msgs/include/turtlebot3_msgs/turtlebot3_msgs/msg/detail
[4.197s] -- Up-to-date: /home/user/simulation_ws/install/turtlebot3_msgs/include/turtlebot3_msgs/turtlebot3_msgs/msg/detail/sensor_state__traits.hpp
[4.197s] -- Up-to-date: /home/user/simulation_ws/install/turtlebot3_msgs/include/turtlebot3_msgs/turtlebot3_msgs/msg/detail/sound__traits.hpp
[4.197s] -- Up-to-date: /home/user/simulation_ws/install/turtlebot3_msgs/include/turtlebot3_msgs/turtlebot3_msgs/msg/detail/version_info__traits.hpp
[4.197s] -- Up-to-date: /home/user/simulation_ws/install/turtlebot3_msgs/include/turtlebot3_msgs/turtlebot3_msgs/msg/detail/version_info__builder.hpp
[4.198s] -- Up-to-date: /home/user/simulation_ws/install/turtlebot3_msgs/include/turtlebot3_msgs/turtlebot3_msgs/msg/detail/sensor_state__struct.hpp
[4.198s] -- Up-to-date: /home/user/simulation_ws/install/turtlebot3_msgs/include/turtlebot3_msgs/turtlebot3_msgs/msg/detail/sensor_state__builder.hpp
[4.198s] -- Up-to-date: /home/user/simulation_ws/install/turtlebot3_msgs/include/turtlebot3_msgs/turtlebot3_msgs/msg/detail/sound__struct.hpp
[4.198s] -- Up-to-date: /home/user/simulation_ws/install/turtlebot3_msgs/include/turtlebot3_msgs/turtlebot3_msgs/msg/detail/sound__builder.hpp
[4.198s] -- Up-to-date: /home/user/simulation_ws/install/turtlebot3_msgs/include/turtlebot3_msgs/turtlebot3_msgs/msg/detail/version_info__struct.hpp
[4.198s] -- Up-to-date: /home/user/simulation_ws/install/turtlebot3_msgs/include/turtlebot3_msgs/turtlebot3_msgs/msg/version_info.hpp
[4.198s] -- Up-to-date: /home/user/simulation_ws/install/turtlebot3_msgs/include/turtlebot3_msgs/turtlebot3_msgs/msg/sensor_state.hpp
[4.198s] -- Up-to-date: /home/user/simulation_ws/install/turtlebot3_msgs/include/turtlebot3_msgs/turtlebot3_msgs/msg/sound.hpp
[4.198s] -- Up-to-date: /home/user/simulation_ws/install/turtlebot3_msgs/include/turtlebot3_msgs/turtlebot3_msgs/action
[4.198s] -- Up-to-date: /home/user/simulation_ws/install/turtlebot3_msgs/include/turtlebot3_msgs/turtlebot3_msgs/action/detail
[4.198s] -- Up-to-date: /home/user/simulation_ws/install/turtlebot3_msgs/include/turtlebot3_msgs/turtlebot3_msgs/action/detail/patrol__traits.hpp
[4.199s] -- Up-to-date: /home/user/simulation_ws/install/turtlebot3_msgs/include/turtlebot3_msgs/turtlebot3_msgs/action/detail/patrol__builder.hpp
[4.199s] -- Up-to-date: /home/user/simulation_ws/install/turtlebot3_msgs/include/turtlebot3_msgs/turtlebot3_msgs/action/detail/patrol__struct.hpp
[4.199s] -- Up-to-date: /home/user/simulation_ws/install/turtlebot3_msgs/include/turtlebot3_msgs/turtlebot3_msgs/action/patrol.hpp
[4.199s] -- Up-to-date: /home/user/simulation_ws/install/turtlebot3_msgs/include/turtlebot3_msgs/turtlebot3_msgs
[4.199s] -- Up-to-date: /home/user/simulation_ws/install/turtlebot3_msgs/include/turtlebot3_msgs/turtlebot3_msgs/srv
[4.199s] -- Up-to-date: /home/user/simulation_ws/install/turtlebot3_msgs/include/turtlebot3_msgs/turtlebot3_msgs/srv/detail
[4.199s] -- Up-to-date: /home/user/simulation_ws/install/turtlebot3_msgs/include/turtlebot3_msgs/turtlebot3_msgs/srv/detail/dqn__rosidl_typesupport_fastrtps_cpp.hpp
[4.199s] -- Up-to-date: /home/user/simulation_ws/install/turtlebot3_msgs/include/turtlebot3_msgs/turtlebot3_msgs/srv/detail/sound__rosidl_typesupport_fastrtps_cpp.hpp
[4.199s] -- Up-to-date: /home/user/simulation_ws/install/turtlebot3_msgs/include/turtlebot3_msgs/turtlebot3_msgs/srv/detail/dds_fastrtps
[4.199s] -- Up-to-date: /home/user/simulation_ws/install/turtlebot3_msgs/include/turtlebot3_msgs/turtlebot3_msgs/msg
[4.200s] -- Up-to-date: /home/user/simulation_ws/install/turtlebot3_msgs/include/turtlebot3_msgs/turtlebot3_msgs/msg/detail
[4.200s] -- Up-to-date: /home/user/simulation_ws/install/turtlebot3_msgs/include/turtlebot3_msgs/turtlebot3_msgs/msg/detail/sensor_state__rosidl_typesupport_fastrtps_cpp.hpp
[4.200s] -- Up-to-date: /home/user/simulation_ws/install/turtlebot3_msgs/include/turtlebot3_msgs/turtlebot3_msgs/msg/detail/sound__rosidl_typesupport_fastrtps_cpp.hpp
[4.200s] -- Up-to-date: /home/user/simulation_ws/install/turtlebot3_msgs/include/turtlebot3_msgs/turtlebot3_msgs/msg/detail/dds_fastrtps
[4.200s] -- Up-to-date: /home/user/simulation_ws/install/turtlebot3_msgs/include/turtlebot3_msgs/turtlebot3_msgs/msg/detail/version_info__rosidl_typesupport_fastrtps_cpp.hpp
[4.200s] -- Up-to-date: /home/user/simulation_ws/install/turtlebot3_msgs/include/turtlebot3_msgs/turtlebot3_msgs/msg/rosidl_typesupport_fastrtps_cpp__visibility_control.h
[4.200s] -- Up-to-date: /home/user/simulation_ws/install/turtlebot3_msgs/include/turtlebot3_msgs/turtlebot3_msgs/action
[4.200s] -- Up-to-date: /home/user/simulation_ws/install/turtlebot3_msgs/include/turtlebot3_msgs/turtlebot3_msgs/action/detail
[4.200s] -- Up-to-date: /home/user/simulation_ws/install/turtlebot3_msgs/include/turtlebot3_msgs/turtlebot3_msgs/action/detail/dds_fastrtps
[4.201s] -- Up-to-date: /home/user/simulation_ws/install/turtlebot3_msgs/include/turtlebot3_msgs/turtlebot3_msgs/action/detail/patrol__rosidl_typesupport_fastrtps_cpp.hpp
[4.201s] -- Up-to-date: /home/user/simulation_ws/install/turtlebot3_msgs/lib/libturtlebot3_msgs__rosidl_typesupport_fastrtps_cpp.so
[4.201s] -- Up-to-date: /home/user/simulation_ws/install/turtlebot3_msgs/include/turtlebot3_msgs/turtlebot3_msgs
[4.201s] -- Up-to-date: /home/user/simulation_ws/install/turtlebot3_msgs/include/turtlebot3_msgs/turtlebot3_msgs/srv
[4.201s] -- Up-to-date: /home/user/simulation_ws/install/turtlebot3_msgs/include/turtlebot3_msgs/turtlebot3_msgs/srv/detail
[4.201s] -- Up-to-date: /home/user/simulation_ws/install/turtlebot3_msgs/include/turtlebot3_msgs/turtlebot3_msgs/srv/detail/sound__rosidl_typesupport_introspection_c.h
[4.201s] -- Up-to-date: /home/user/simulation_ws/install/turtlebot3_msgs/include/turtlebot3_msgs/turtlebot3_msgs/srv/detail/dqn__rosidl_typesupport_introspection_c.h
[4.202s] -- Up-to-date: /home/user/simulation_ws/install/turtlebot3_msgs/include/turtlebot3_msgs/turtlebot3_msgs/srv/detail/sound__type_support.c
[4.202s] -- Up-to-date: /home/user/simulation_ws/install/turtlebot3_msgs/include/turtlebot3_msgs/turtlebot3_msgs/srv/detail/dqn__type_support.c
[4.202s] -- Up-to-date: /home/user/simulation_ws/install/turtlebot3_msgs/include/turtlebot3_msgs/turtlebot3_msgs/msg
[4.202s] -- Up-to-date: /home/user/simulation_ws/install/turtlebot3_msgs/include/turtlebot3_msgs/turtlebot3_msgs/msg/detail
[4.202s] -- Up-to-date: /home/user/simulation_ws/install/turtlebot3_msgs/include/turtlebot3_msgs/turtlebot3_msgs/msg/detail/version_info__rosidl_typesupport_introspection_c.h
[4.202s] -- Up-to-date: /home/user/simulation_ws/install/turtlebot3_msgs/include/turtlebot3_msgs/turtlebot3_msgs/msg/detail/sound__rosidl_typesupport_introspection_c.h
[4.202s] -- Up-to-date: /home/user/simulation_ws/install/turtlebot3_msgs/include/turtlebot3_msgs/turtlebot3_msgs/msg/detail/sensor_state__rosidl_typesupport_introspection_c.h
[4.202s] -- Up-to-date: /home/user/simulation_ws/install/turtlebot3_msgs/include/turtlebot3_msgs/turtlebot3_msgs/msg/detail/sound__type_support.c
[4.203s] -- Up-to-date: /home/user/simulation_ws/install/turtlebot3_msgs/include/turtlebot3_msgs/turtlebot3_msgs/msg/detail/version_info__type_support.c
[4.203s] -- Up-to-date: /home/user/simulation_ws/install/turtlebot3_msgs/include/turtlebot3_msgs/turtlebot3_msgs/msg/detail/sensor_state__type_support.c
[4.203s] -- Up-to-date: /home/user/simulation_ws/install/turtlebot3_msgs/include/turtlebot3_msgs/turtlebot3_msgs/msg/rosidl_typesupport_introspection_c__visibility_control.h
[4.203s] -- Up-to-date: /home/user/simulation_ws/install/turtlebot3_msgs/include/turtlebot3_msgs/turtlebot3_msgs/action
[4.203s] -- Up-to-date: /home/user/simulation_ws/install/turtlebot3_msgs/include/turtlebot3_msgs/turtlebot3_msgs/action/detail
[4.203s] -- Up-to-date: /home/user/simulation_ws/install/turtlebot3_msgs/include/turtlebot3_msgs/turtlebot3_msgs/action/detail/patrol__rosidl_typesupport_introspection_c.h
[4.203s] -- Up-to-date: /home/user/simulation_ws/install/turtlebot3_msgs/include/turtlebot3_msgs/turtlebot3_msgs/action/detail/patrol__type_support.c
[4.203s] -- Up-to-date: /home/user/simulation_ws/install/turtlebot3_msgs/lib/libturtlebot3_msgs__rosidl_typesupport_introspection_c.so
[4.204s] -- Up-to-date: /home/user/simulation_ws/install/turtlebot3_msgs/lib/libturtlebot3_msgs__rosidl_typesupport_c.so
[4.204s] -- Up-to-date: /home/user/simulation_ws/install/turtlebot3_msgs/include/turtlebot3_msgs/turtlebot3_msgs
[4.204s] -- Up-to-date: /home/user/simulation_ws/install/turtlebot3_msgs/include/turtlebot3_msgs/turtlebot3_msgs/srv
[4.204s] -- Up-to-date: /home/user/simulation_ws/install/turtlebot3_msgs/include/turtlebot3_msgs/turtlebot3_msgs/srv/detail
[4.204s] -- Up-to-date: /home/user/simulation_ws/install/turtlebot3_msgs/include/turtlebot3_msgs/turtlebot3_msgs/srv/detail/dqn__rosidl_typesupport_introspection_cpp.hpp
[4.204s] -- Up-to-date: /home/user/simulation_ws/install/turtlebot3_msgs/include/turtlebot3_msgs/turtlebot3_msgs/srv/detail/sound__type_support.cpp
[4.204s] -- Up-to-date: /home/user/simulation_ws/install/turtlebot3_msgs/include/turtlebot3_msgs/turtlebot3_msgs/srv/detail/sound__rosidl_typesupport_introspection_cpp.hpp
[4.204s] -- Up-to-date: /home/user/simulation_ws/install/turtlebot3_msgs/include/turtlebot3_msgs/turtlebot3_msgs/srv/detail/dqn__type_support.cpp
[4.205s] -- Up-to-date: /home/user/simulation_ws/install/turtlebot3_msgs/include/turtlebot3_msgs/turtlebot3_msgs/msg
[4.205s] -- Up-to-date: /home/user/simulation_ws/install/turtlebot3_msgs/include/turtlebot3_msgs/turtlebot3_msgs/msg/detail
[4.205s] -- Up-to-date: /home/user/simulation_ws/install/turtlebot3_msgs/include/turtlebot3_msgs/turtlebot3_msgs/msg/detail/sensor_state__rosidl_typesupport_introspection_cpp.hpp
[4.205s] -- Up-to-date: /home/user/simulation_ws/install/turtlebot3_msgs/include/turtlebot3_msgs/turtlebot3_msgs/msg/detail/version_info__type_support.cpp
[4.205s] -- Up-to-date: /home/user/simulation_ws/install/turtlebot3_msgs/include/turtlebot3_msgs/turtlebot3_msgs/msg/detail/version_info__rosidl_typesupport_introspection_cpp.hpp
[4.205s] -- Up-to-date: /home/user/simulation_ws/install/turtlebot3_msgs/include/turtlebot3_msgs/turtlebot3_msgs/msg/detail/sensor_state__type_support.cpp
[4.205s] -- Up-to-date: /home/user/simulation_ws/install/turtlebot3_msgs/include/turtlebot3_msgs/turtlebot3_msgs/msg/detail/sound__type_support.cpp
[4.206s] -- Up-to-date: /home/user/simulation_ws/install/turtlebot3_msgs/include/turtlebot3_msgs/turtlebot3_msgs/msg/detail/sound__rosidl_typesupport_introspection_cpp.hpp
[4.206s] -- Up-to-date: /home/user/simulation_ws/install/turtlebot3_msgs/include/turtlebot3_msgs/turtlebot3_msgs/action
[4.206s] -- Up-to-date: /home/user/simulation_ws/install/turtlebot3_msgs/include/turtlebot3_msgs/turtlebot3_msgs/action/detail
[4.206s] -- Up-to-date: /home/user/simulation_ws/install/turtlebot3_msgs/include/turtlebot3_msgs/turtlebot3_msgs/action/detail/patrol__type_support.cpp
[4.206s] -- Up-to-date: /home/user/simulation_ws/install/turtlebot3_msgs/include/turtlebot3_msgs/turtlebot3_msgs/action/detail/patrol__rosidl_typesupport_introspection_cpp.hpp
[4.206s] -- Up-to-date: /home/user/simulation_ws/install/turtlebot3_msgs/lib/libturtlebot3_msgs__rosidl_typesupport_introspection_cpp.so
[4.206s] -- Up-to-date: /home/user/simulation_ws/install/turtlebot3_msgs/lib/libturtlebot3_msgs__rosidl_typesupport_cpp.so
[4.206s] -- Up-to-date: /home/user/simulation_ws/install/turtlebot3_msgs/share/ament_index/resource_index/rust_packages/turtlebot3_msgs
[4.206s] -- Up-to-date: /home/user/simulation_ws/install/turtlebot3_msgs/share/turtlebot3_msgs/rust
[4.207s] -- Installing: /home/user/simulation_ws/install/turtlebot3_msgs/share/turtlebot3_msgs/rust/Cargo.toml
[4.207s] -- Up-to-date: /home/user/simulation_ws/install/turtlebot3_msgs/share/turtlebot3_msgs/rust/src
[4.207s] -- Installing: /home/user/simulation_ws/install/turtlebot3_msgs/share/turtlebot3_msgs/rust/src/msg.rs
[4.207s] -- Installing: /home/user/simulation_ws/install/turtlebot3_msgs/share/turtlebot3_msgs/rust/src/srv.rs
[4.207s] -- Installing: /home/user/simulation_ws/install/turtlebot3_msgs/share/turtlebot3_msgs/rust/src/lib.rs
[4.207s] -- Installing: /home/user/simulation_ws/install/turtlebot3_msgs/share/turtlebot3_msgs/rust/build.rs
[4.207s] -- Up-to-date: /home/user/simulation_ws/install/turtlebot3_msgs/share/turtlebot3_msgs/rust
[4.207s] -- Up-to-date: /home/user/simulation_ws/install/turtlebot3_msgs/share/turtlebot3_msgs/rust/Cargo.toml
[4.207s] -- Up-to-date: /home/user/simulation_ws/install/turtlebot3_msgs/share/turtlebot3_msgs/rust/src
[4.207s] -- Up-to-date: /home/user/simulation_ws/install/turtlebot3_msgs/share/turtlebot3_msgs/rust/src/msg.rs
[4.207s] -- Up-to-date: /home/user/simulation_ws/install/turtlebot3_msgs/share/turtlebot3_msgs/rust/src/srv.rs
[4.207s] -- Up-to-date: /home/user/simulation_ws/install/turtlebot3_msgs/share/turtlebot3_msgs/rust/src/lib.rs
[4.208s] -- Up-to-date: /home/user/simulation_ws/install/turtlebot3_msgs/share/turtlebot3_msgs/rust/build.rs
[4.208s] -- Up-to-date: /home/user/simulation_ws/install/turtlebot3_msgs/share/turtlebot3_msgs/rust
[4.208s] -- Up-to-date: /home/user/simulation_ws/install/turtlebot3_msgs/share/turtlebot3_msgs/rust/Cargo.toml
[4.208s] -- Up-to-date: /home/user/simulation_ws/install/turtlebot3_msgs/share/turtlebot3_msgs/rust/src
[4.208s] -- Up-to-date: /home/user/simulation_ws/install/turtlebot3_msgs/share/turtlebot3_msgs/rust/src/msg.rs
[4.208s] -- Up-to-date: /home/user/simulation_ws/install/turtlebot3_msgs/share/turtlebot3_msgs/rust/src/srv.rs
[4.208s] -- Up-to-date: /home/user/simulation_ws/install/turtlebot3_msgs/share/turtlebot3_msgs/rust/src/lib.rs
[4.208s] -- Up-to-date: /home/user/simulation_ws/install/turtlebot3_msgs/share/turtlebot3_msgs/rust/build.rs
[4.208s] -- Up-to-date: /home/user/simulation_ws/install/turtlebot3_msgs/share/turtlebot3_msgs/environment/pythonpath.sh
[4.208s] -- Up-to-date: /home/user/simulation_ws/install/turtlebot3_msgs/share/turtlebot3_msgs/environment/pythonpath.dsv
[4.208s] -- Up-to-date: /home/user/simulation_ws/install/turtlebot3_msgs/local/lib/python3.10/dist-packages/turtlebot3_msgs-2.2.3-py3.10.egg-info
[4.208s] -- Installing: /home/user/simulation_ws/install/turtlebot3_msgs/local/lib/python3.10/dist-packages/turtlebot3_msgs-2.2.3-py3.10.egg-info/PKG-INFO
[4.209s] -- Installing: /home/user/simulation_ws/install/turtlebot3_msgs/local/lib/python3.10/dist-packages/turtlebot3_msgs-2.2.3-py3.10.egg-info/top_level.txt
[4.209s] -- Installing: /home/user/simulation_ws/install/turtlebot3_msgs/local/lib/python3.10/dist-packages/turtlebot3_msgs-2.2.3-py3.10.egg-info/SOURCES.txt
[4.209s] -- Installing: /home/user/simulation_ws/install/turtlebot3_msgs/local/lib/python3.10/dist-packages/turtlebot3_msgs-2.2.3-py3.10.egg-info/dependency_links.txt
[4.209s] -- Up-to-date: /home/user/simulation_ws/install/turtlebot3_msgs/local/lib/python3.10/dist-packages/turtlebot3_msgs
[4.209s] -- Up-to-date: /home/user/simulation_ws/install/turtlebot3_msgs/local/lib/python3.10/dist-packages/turtlebot3_msgs/libturtlebot3_msgs__rosidl_generator_py.so
[4.209s] -- Up-to-date: /home/user/simulation_ws/install/turtlebot3_msgs/local/lib/python3.10/dist-packages/turtlebot3_msgs/srv
[4.209s] -- Up-to-date: /home/user/simulation_ws/install/turtlebot3_msgs/local/lib/python3.10/dist-packages/turtlebot3_msgs/srv/_dqn.py
[4.209s] -- Up-to-date: /home/user/simulation_ws/install/turtlebot3_msgs/local/lib/python3.10/dist-packages/turtlebot3_msgs/srv/__init__.py
[4.209s] -- Up-to-date: /home/user/simulation_ws/install/turtlebot3_msgs/local/lib/python3.10/dist-packages/turtlebot3_msgs/srv/_sound.py
[4.209s] -- Up-to-date: /home/user/simulation_ws/install/turtlebot3_msgs/local/lib/python3.10/dist-packages/turtlebot3_msgs/srv/_sound_s.c
[4.210s] -- Up-to-date: /home/user/simulation_ws/install/turtlebot3_msgs/local/lib/python3.10/dist-packages/turtlebot3_msgs/srv/_dqn_s.c
[4.210s] -- Up-to-date: /home/user/simulation_ws/install/turtlebot3_msgs/local/lib/python3.10/dist-packages/turtlebot3_msgs/msg
[4.210s] -- Up-to-date: /home/user/simulation_ws/install/turtlebot3_msgs/local/lib/python3.10/dist-packages/turtlebot3_msgs/msg/_sensor_state.py
[4.210s] -- Up-to-date: /home/user/simulation_ws/install/turtlebot3_msgs/local/lib/python3.10/dist-packages/turtlebot3_msgs/msg/_version_info_s.c
[4.210s] -- Up-to-date: /home/user/simulation_ws/install/turtlebot3_msgs/local/lib/python3.10/dist-packages/turtlebot3_msgs/msg/_sensor_state_s.c
[4.210s] -- Up-to-date: /home/user/simulation_ws/install/turtlebot3_msgs/local/lib/python3.10/dist-packages/turtlebot3_msgs/msg/__init__.py
[4.210s] -- Up-to-date: /home/user/simulation_ws/install/turtlebot3_msgs/local/lib/python3.10/dist-packages/turtlebot3_msgs/msg/_sound.py
[4.210s] -- Up-to-date: /home/user/simulation_ws/install/turtlebot3_msgs/local/lib/python3.10/dist-packages/turtlebot3_msgs/msg/_sound_s.c
[4.210s] -- Up-to-date: /home/user/simulation_ws/install/turtlebot3_msgs/local/lib/python3.10/dist-packages/turtlebot3_msgs/msg/_version_info.py
[4.210s] -- Up-to-date: /home/user/simulation_ws/install/turtlebot3_msgs/local/lib/python3.10/dist-packages/turtlebot3_msgs/turtlebot3_msgs_s__rosidl_typesupport_c.cpython-310-x86_64-linux-gnu.so
[4.210s] -- Up-to-date: /home/user/simulation_ws/install/turtlebot3_msgs/local/lib/python3.10/dist-packages/turtlebot3_msgs/turtlebot3_msgs_s__rosidl_typesupport_fastrtps_c.cpython-310-x86_64-linux-gnu.so
[4.211s] -- Up-to-date: /home/user/simulation_ws/install/turtlebot3_msgs/local/lib/python3.10/dist-packages/turtlebot3_msgs/__init__.py
[4.211s] -- Up-to-date: /home/user/simulation_ws/install/turtlebot3_msgs/local/lib/python3.10/dist-packages/turtlebot3_msgs/_turtlebot3_msgs_s.ep.rosidl_typesupport_introspection_c.c
[4.211s] -- Up-to-date: /home/user/simulation_ws/install/turtlebot3_msgs/local/lib/python3.10/dist-packages/turtlebot3_msgs/_turtlebot3_msgs_s.ep.rosidl_typesupport_fastrtps_c.c
[4.211s] -- Up-to-date: /home/user/simulation_ws/install/turtlebot3_msgs/local/lib/python3.10/dist-packages/turtlebot3_msgs/_turtlebot3_msgs_s.ep.rosidl_typesupport_c.c
[4.211s] -- Up-to-date: /home/user/simulation_ws/install/turtlebot3_msgs/local/lib/python3.10/dist-packages/turtlebot3_msgs/action
[4.211s] -- Up-to-date: /home/user/simulation_ws/install/turtlebot3_msgs/local/lib/python3.10/dist-packages/turtlebot3_msgs/action/_patrol_s.c
[4.211s] -- Up-to-date: /home/user/simulation_ws/install/turtlebot3_msgs/local/lib/python3.10/dist-packages/turtlebot3_msgs/action/__init__.py
[4.211s] -- Up-to-date: /home/user/simulation_ws/install/turtlebot3_msgs/local/lib/python3.10/dist-packages/turtlebot3_msgs/action/_patrol.py
[4.211s] -- Up-to-date: /home/user/simulation_ws/install/turtlebot3_msgs/local/lib/python3.10/dist-packages/turtlebot3_msgs/turtlebot3_msgs_s__rosidl_typesupport_introspection_c.cpython-310-x86_64-linux-gnu.so
[4.271s] Listing '/home/user/simulation_ws/install/turtlebot3_msgs/local/lib/python3.10/dist-packages/turtlebot3_msgs'...
[4.271s] Listing '/home/user/simulation_ws/install/turtlebot3_msgs/local/lib/python3.10/dist-packages/turtlebot3_msgs/action'...
[4.272s] Listing '/home/user/simulation_ws/install/turtlebot3_msgs/local/lib/python3.10/dist-packages/turtlebot3_msgs/msg'...
[4.272s] Listing '/home/user/simulation_ws/install/turtlebot3_msgs/local/lib/python3.10/dist-packages/turtlebot3_msgs/srv'...
[4.277s] -- Up-to-date: /home/user/simulation_ws/install/turtlebot3_msgs/local/lib/python3.10/dist-packages/turtlebot3_msgs/turtlebot3_msgs_s__rosidl_typesupport_fastrtps_c.cpython-310-x86_64-linux-gnu.so
[4.277s] -- Up-to-date: /home/user/simulation_ws/install/turtlebot3_msgs/local/lib/python3.10/dist-packages/turtlebot3_msgs/turtlebot3_msgs_s__rosidl_typesupport_introspection_c.cpython-310-x86_64-linux-gnu.so
[4.278s] -- Up-to-date: /home/user/simulation_ws/install/turtlebot3_msgs/local/lib/python3.10/dist-packages/turtlebot3_msgs/turtlebot3_msgs_s__rosidl_typesupport_c.cpython-310-x86_64-linux-gnu.so
[4.278s] -- Up-to-date: /home/user/simulation_ws/install/turtlebot3_msgs/lib/libturtlebot3_msgs__rosidl_generator_py.so
[4.278s] -- Up-to-date: /home/user/simulation_ws/install/turtlebot3_msgs/share/turtlebot3_msgs/msg/SensorState.idl
[4.279s] -- Up-to-date: /home/user/simulation_ws/install/turtlebot3_msgs/share/turtlebot3_msgs/msg/Sound.idl
[4.279s] -- Up-to-date: /home/user/simulation_ws/install/turtlebot3_msgs/share/turtlebot3_msgs/msg/VersionInfo.idl
[4.279s] -- Up-to-date: /home/user/simulation_ws/install/turtlebot3_msgs/share/turtlebot3_msgs/srv/Sound.idl
[4.280s] -- Up-to-date: /home/user/simulation_ws/install/turtlebot3_msgs/share/turtlebot3_msgs/srv/Dqn.idl
[4.280s] -- Up-to-date: /home/user/simulation_ws/install/turtlebot3_msgs/share/turtlebot3_msgs/action/Patrol.idl
[4.280s] -- Up-to-date: /home/user/simulation_ws/install/turtlebot3_msgs/share/turtlebot3_msgs/msg/SensorState.msg
[4.281s] -- Up-to-date: /home/user/simulation_ws/install/turtlebot3_msgs/share/turtlebot3_msgs/msg/Sound.msg
[4.281s] -- Up-to-date: /home/user/simulation_ws/install/turtlebot3_msgs/share/turtlebot3_msgs/msg/VersionInfo.msg
[4.281s] -- Up-to-date: /home/user/simulation_ws/install/turtlebot3_msgs/share/turtlebot3_msgs/srv/Sound.srv
[4.281s] -- Up-to-date: /home/user/simulation_ws/install/turtlebot3_msgs/share/turtlebot3_msgs/srv/Sound_Request.msg
[4.282s] -- Up-to-date: /home/user/simulation_ws/install/turtlebot3_msgs/share/turtlebot3_msgs/srv/Sound_Response.msg
[4.282s] -- Up-to-date: /home/user/simulation_ws/install/turtlebot3_msgs/share/turtlebot3_msgs/srv/Dqn.srv
[4.282s] -- Up-to-date: /home/user/simulation_ws/install/turtlebot3_msgs/share/turtlebot3_msgs/srv/Dqn_Request.msg
[4.282s] -- Up-to-date: /home/user/simulation_ws/install/turtlebot3_msgs/share/turtlebot3_msgs/srv/Dqn_Response.msg
[4.282s] -- Up-to-date: /home/user/simulation_ws/install/turtlebot3_msgs/share/turtlebot3_msgs/action/Patrol.action
[4.282s] -- Up-to-date: /home/user/simulation_ws/install/turtlebot3_msgs/share/ament_index/resource_index/package_run_dependencies/turtlebot3_msgs
[4.283s] -- Up-to-date: /home/user/simulation_ws/install/turtlebot3_msgs/share/ament_index/resource_index/parent_prefix_path/turtlebot3_msgs
[4.283s] -- Up-to-date: /home/user/simulation_ws/install/turtlebot3_msgs/share/turtlebot3_msgs/environment/ament_prefix_path.sh
[4.283s] -- Up-to-date: /home/user/simulation_ws/install/turtlebot3_msgs/share/turtlebot3_msgs/environment/ament_prefix_path.dsv
[4.283s] -- Up-to-date: /home/user/simulation_ws/install/turtlebot3_msgs/share/turtlebot3_msgs/environment/path.sh
[4.283s] -- Up-to-date: /home/user/simulation_ws/install/turtlebot3_msgs/share/turtlebot3_msgs/environment/path.dsv
[4.283s] -- Up-to-date: /home/user/simulation_ws/install/turtlebot3_msgs/share/turtlebot3_msgs/local_setup.bash
[4.284s] -- Up-to-date: /home/user/simulation_ws/install/turtlebot3_msgs/share/turtlebot3_msgs/local_setup.sh
[4.284s] -- Up-to-date: /home/user/simulation_ws/install/turtlebot3_msgs/share/turtlebot3_msgs/local_setup.zsh
[4.284s] -- Up-to-date: /home/user/simulation_ws/install/turtlebot3_msgs/share/turtlebot3_msgs/local_setup.dsv
[4.284s] -- Installing: /home/user/simulation_ws/install/turtlebot3_msgs/share/turtlebot3_msgs/package.dsv
[4.284s] -- Up-to-date: /home/user/simulation_ws/install/turtlebot3_msgs/share/ament_index/resource_index/packages/turtlebot3_msgs
[4.285s] -- Up-to-date: /home/user/simulation_ws/install/turtlebot3_msgs/share/turtlebot3_msgs/cmake/export_turtlebot3_msgs__rosidl_generator_cExport.cmake
[4.285s] -- Up-to-date: /home/user/simulation_ws/install/turtlebot3_msgs/share/turtlebot3_msgs/cmake/export_turtlebot3_msgs__rosidl_generator_cExport-noconfig.cmake
[4.285s] -- Up-to-date: /home/user/simulation_ws/install/turtlebot3_msgs/share/turtlebot3_msgs/cmake/export_turtlebot3_msgs__rosidl_typesupport_fastrtps_cExport.cmake
[4.285s] -- Up-to-date: /home/user/simulation_ws/install/turtlebot3_msgs/share/turtlebot3_msgs/cmake/export_turtlebot3_msgs__rosidl_typesupport_fastrtps_cExport-noconfig.cmake
[4.285s] -- Up-to-date: /home/user/simulation_ws/install/turtlebot3_msgs/share/turtlebot3_msgs/cmake/export_turtlebot3_msgs__rosidl_generator_cppExport.cmake
[4.285s] -- Up-to-date: /home/user/simulation_ws/install/turtlebot3_msgs/share/turtlebot3_msgs/cmake/export_turtlebot3_msgs__rosidl_typesupport_fastrtps_cppExport.cmake
[4.285s] -- Up-to-date: /home/user/simulation_ws/install/turtlebot3_msgs/share/turtlebot3_msgs/cmake/export_turtlebot3_msgs__rosidl_typesupport_fastrtps_cppExport-noconfig.cmake
[4.286s] -- Up-to-date: /home/user/simulation_ws/install/turtlebot3_msgs/share/turtlebot3_msgs/cmake/turtlebot3_msgs__rosidl_typesupport_introspection_cExport.cmake
[4.292s] -- Up-to-date: /home/user/simulation_ws/install/turtlebot3_msgs/share/turtlebot3_msgs/cmake/turtlebot3_msgs__rosidl_typesupport_introspection_cExport-noconfig.cmake
[4.293s] -- Up-to-date: /home/user/simulation_ws/install/turtlebot3_msgs/share/turtlebot3_msgs/cmake/turtlebot3_msgs__rosidl_typesupport_cExport.cmake
[4.294s] -- Up-to-date: /home/user/simulation_ws/install/turtlebot3_msgs/share/turtlebot3_msgs/cmake/turtlebot3_msgs__rosidl_typesupport_cExport-noconfig.cmake
[4.296s] -- Up-to-date: /home/user/simulation_ws/install/turtlebot3_msgs/share/turtlebot3_msgs/cmake/turtlebot3_msgs__rosidl_typesupport_introspection_cppExport.cmake
[4.296s] -- Up-to-date: /home/user/simulation_ws/install/turtlebot3_msgs/share/turtlebot3_msgs/cmake/turtlebot3_msgs__rosidl_typesupport_introspection_cppExport-noconfig.cmake
[4.299s] -- Up-to-date: /home/user/simulation_ws/install/turtlebot3_msgs/share/turtlebot3_msgs/cmake/turtlebot3_msgs__rosidl_typesupport_cppExport.cmake
[4.299s] -- Up-to-date: /home/user/simulation_ws/install/turtlebot3_msgs/share/turtlebot3_msgs/cmake/turtlebot3_msgs__rosidl_typesupport_cppExport-noconfig.cmake
[4.299s] -- Up-to-date: /home/user/simulation_ws/install/turtlebot3_msgs/share/turtlebot3_msgs/cmake/export_turtlebot3_msgs__rosidl_generator_pyExport.cmake
[4.300s] -- Up-to-date: /home/user/simulation_ws/install/turtlebot3_msgs/share/turtlebot3_msgs/cmake/export_turtlebot3_msgs__rosidl_generator_pyExport-noconfig.cmake
[4.300s] -- Up-to-date: /home/user/simulation_ws/install/turtlebot3_msgs/share/turtlebot3_msgs/cmake/rosidl_cmake-extras.cmake
[4.300s] -- Up-to-date: /home/user/simulation_ws/install/turtlebot3_msgs/share/turtlebot3_msgs/cmake/ament_cmake_export_dependencies-extras.cmake
[4.300s] -- Up-to-date: /home/user/simulation_ws/install/turtlebot3_msgs/share/turtlebot3_msgs/cmake/ament_cmake_export_include_directories-extras.cmake
[4.301s] -- Up-to-date: /home/user/simulation_ws/install/turtlebot3_msgs/share/turtlebot3_msgs/cmake/ament_cmake_export_libraries-extras.cmake
[4.301s] -- Up-to-date: /home/user/simulation_ws/install/turtlebot3_msgs/share/turtlebot3_msgs/cmake/ament_cmake_export_targets-extras.cmake
[4.302s] -- Up-to-date: /home/user/simulation_ws/install/turtlebot3_msgs/share/turtlebot3_msgs/cmake/rosidl_cmake_export_typesupport_targets-extras.cmake
[4.302s] -- Up-to-date: /home/user/simulation_ws/install/turtlebot3_msgs/share/turtlebot3_msgs/cmake/rosidl_cmake_export_typesupport_libraries-extras.cmake
[4.302s] -- Up-to-date: /home/user/simulation_ws/install/turtlebot3_msgs/share/turtlebot3_msgs/cmake/turtlebot3_msgsConfig.cmake
[4.302s] -- Up-to-date: /home/user/simulation_ws/install/turtlebot3_msgs/share/turtlebot3_msgs/cmake/turtlebot3_msgsConfig-version.cmake
[4.302s] -- Up-to-date: /home/user/simulation_ws/install/turtlebot3_msgs/share/turtlebot3_msgs/package.xml
[4.303s] Invoked command in '/home/user/simulation_ws/build/turtlebot3_msgs' returned '0': CMAKE_PREFIX_PATH=${CMAKE_PREFIX_PATH}:/home/user/simulation_ws/install/turtlebot3_teleop:/home/user/simulation_ws/install/turtlebot3_example:/home/simulations/ros2_sims_ws/install/rclrs_tests:/home/simulations/ros2_sims_ws/install/examples_rclrs_minimal_client_service:/home/simulations/ros2_sims_ws/install/sensor_msgs_py:/home/simulations/ros2_sims_ws/install/examples_rclrs_minimal_pub_sub:/home/simulations/ros2_sims_ws/install/examples_rclrs_message_demo:/home/simulations/ros2_sims_ws/install/rclrs:/home/simulations/ros2_sims_ws/install/rosidl_runtime_rs:/opt/ros/humble _=/usr/bin/env /usr/bin/cmake --install /home/user/simulation_ws/build/turtlebot3_msgs
