running egg_info
creating ../../build/patrol_behavior/patrol_behavior_pkg.egg-info
writing ../../build/patrol_behavior/patrol_behavior_pkg.egg-info/PKG-INFO
writing dependency_links to ../../build/patrol_behavior/patrol_behavior_pkg.egg-info/dependency_links.txt
writing entry points to ../../build/patrol_behavior/patrol_behavior_pkg.egg-info/entry_points.txt
writing requirements to ../../build/patrol_behavior/patrol_behavior_pkg.egg-info/requires.txt
writing top-level names to ../../build/patrol_behavior/patrol_behavior_pkg.egg-info/top_level.txt
writing manifest file '../../build/patrol_behavior/patrol_behavior_pkg.egg-info/SOURCES.txt'
reading manifest file '../../build/patrol_behavior/patrol_behavior_pkg.egg-info/SOURCES.txt'
writing manifest file '../../build/patrol_behavior/patrol_behavior_pkg.egg-info/SOURCES.txt'
running build
running build_py
creating /home/user/ros2_ws/build/patrol_behavior/build
creating /home/user/ros2_ws/build/patrol_behavior/build/lib
creating /home/user/ros2_ws/build/patrol_behavior/build/lib/patrol_behavior_pkg
copying patrol_behavior_pkg/__init__.py -> /home/user/ros2_ws/build/patrol_behavior/build/lib/patrol_behavior_pkg
copying patrol_behavior_pkg/patrol.py -> /home/user/ros2_ws/build/patrol_behavior/build/lib/patrol_behavior_pkg
running install
running install_lib
creating /home/user/ros2_ws/install/patrol_behavior/lib/python3.10/site-packages/patrol_behavior_pkg
copying /home/user/ros2_ws/build/patrol_behavior/build/lib/patrol_behavior_pkg/__init__.py -> /home/user/ros2_ws/install/patrol_behavior/lib/python3.10/site-packages/patrol_behavior_pkg
copying /home/user/ros2_ws/build/patrol_behavior/build/lib/patrol_behavior_pkg/patrol.py -> /home/user/ros2_ws/install/patrol_behavior/lib/python3.10/site-packages/patrol_behavior_pkg
byte-compiling /home/user/ros2_ws/install/patrol_behavior/lib/python3.10/site-packages/patrol_behavior_pkg/__init__.py to __init__.cpython-310.pyc
byte-compiling /home/user/ros2_ws/install/patrol_behavior/lib/python3.10/site-packages/patrol_behavior_pkg/patrol.py to patrol.cpython-310.pyc
running install_data
